{"C:\\Users\\user\\Desktop\\find_your_hat_redux\\lib\\Field.js": {"path":"C:\\Users\\user\\Desktop\\find_your_hat_redux\\lib\\Field.js","statementMap":{"0":{"start":{"line":6,"column":4},"end":{"line":6,"column":45}},"1":{"start":{"line":7,"column":13},"end":{"line":7,"column":40}},"2":{"start":{"line":8,"column":11},"end":{"line":8,"column":33}},"3":{"start":{"line":12,"column":2},"end":{"line":12,"column":20}},"4":{"start":{"line":16,"column":2},"end":{"line":16,"column":42}},"5":{"start":{"line":17,"column":2},"end":{"line":17,"column":58}},"6":{"start":{"line":18,"column":2},"end":{"line":18,"column":54}},"7":{"start":{"line":19,"column":2},"end":{"line":19,"column":43}},"8":{"start":{"line":20,"column":2},"end":{"line":20,"column":100}},"9":{"start":{"line":21,"column":2},"end":{"line":21,"column":96}},"10":{"start":{"line":25,"column":2},"end":{"line":25,"column":26}},"11":{"start":{"line":29,"column":2},"end":{"line":31,"column":3}},"12":{"start":{"line":30,"column":3},"end":{"line":30,"column":66}},"13":{"start":{"line":33,"column":2},"end":{"line":33,"column":29}},"14":{"start":{"line":37,"column":20},"end":{"line":37,"column":45}},"15":{"start":{"line":39,"column":2},"end":{"line":51,"column":29}},"16":{"start":{"line":40,"column":3},"end":{"line":40,"column":28}},"17":{"start":{"line":41,"column":3},"end":{"line":41,"column":64}},"18":{"start":{"line":41,"column":39},"end":{"line":41,"column":62}},"19":{"start":{"line":41,"column":51},"end":{"line":41,"column":60}},"20":{"start":{"line":42,"column":3},"end":{"line":44,"column":4}},"21":{"start":{"line":43,"column":4},"end":{"line":43,"column":54}},"22":{"start":{"line":45,"column":3},"end":{"line":45,"column":28}},"23":{"start":{"line":46,"column":3},"end":{"line":46,"column":26}},"24":{"start":{"line":47,"column":3},"end":{"line":50,"column":4}},"25":{"start":{"line":49,"column":4},"end":{"line":49,"column":13}},"26":{"start":{"line":57,"column":2},"end":{"line":60,"column":3}},"27":{"start":{"line":58,"column":3},"end":{"line":58,"column":51}},"28":{"start":{"line":59,"column":3},"end":{"line":59,"column":10}},"29":{"start":{"line":62,"column":2},"end":{"line":64,"column":3}},"30":{"start":{"line":63,"column":3},"end":{"line":63,"column":61}},"31":{"start":{"line":68,"column":25},"end":{"line":68,"column":47}},"32":{"start":{"line":69,"column":17},"end":{"line":69,"column":37}},"33":{"start":{"line":70,"column":17},"end":{"line":70,"column":132}},"34":{"start":{"line":71,"column":2},"end":{"line":71,"column":42}},"35":{"start":{"line":75,"column":2},"end":{"line":78,"column":3}},"36":{"start":{"line":76,"column":3},"end":{"line":76,"column":49}},"37":{"start":{"line":77,"column":3},"end":{"line":77,"column":10}},"38":{"start":{"line":79,"column":2},"end":{"line":81,"column":3}},"39":{"start":{"line":80,"column":3},"end":{"line":80,"column":57}},"40":{"start":{"line":82,"column":2},"end":{"line":82,"column":9}},"41":{"start":{"line":87,"column":22},"end":{"line":87,"column":27}},"42":{"start":{"line":88,"column":2},"end":{"line":93,"column":3}},"43":{"start":{"line":89,"column":3},"end":{"line":89,"column":40}},"44":{"start":{"line":90,"column":3},"end":{"line":92,"column":4}},"45":{"start":{"line":91,"column":4},"end":{"line":91,"column":25}},"46":{"start":{"line":94,"column":2},"end":{"line":94,"column":18}},"47":{"start":{"line":99,"column":2},"end":{"line":99,"column":20}},"48":{"start":{"line":103,"column":2},"end":{"line":104,"column":49}},"49":{"start":{"line":104,"column":4},"end":{"line":104,"column":49}},"50":{"start":{"line":105,"column":16},"end":{"line":105,"column":17}},"51":{"start":{"line":106,"column":2},"end":{"line":109,"column":15}},"52":{"start":{"line":106,"column":15},"end":{"line":106,"column":16}},"53":{"start":{"line":107,"column":3},"end":{"line":109,"column":15}},"54":{"start":{"line":107,"column":16},"end":{"line":107,"column":17}},"55":{"start":{"line":108,"column":4},"end":{"line":109,"column":15}},"56":{"start":{"line":109,"column":5},"end":{"line":109,"column":15}},"57":{"start":{"line":111,"column":2},"end":{"line":111,"column":17}},"58":{"start":{"line":115,"column":2},"end":{"line":118,"column":3}},"59":{"start":{"line":122,"column":25},"end":{"line":122,"column":44}},"60":{"start":{"line":123,"column":25},"end":{"line":123,"column":69}},"61":{"start":{"line":124,"column":12},"end":{"line":124,"column":27}},"62":{"start":{"line":125,"column":17},"end":{"line":125,"column":32}},"63":{"start":{"line":126,"column":13},"end":{"line":126,"column":28}},"64":{"start":{"line":127,"column":20},"end":{"line":127,"column":35}},"65":{"start":{"line":128,"column":14},"end":{"line":128,"column":15}},"66":{"start":{"line":129,"column":2},"end":{"line":169,"column":3}},"67":{"start":{"line":130,"column":3},"end":{"line":130,"column":41}},"68":{"start":{"line":130,"column":34},"end":{"line":130,"column":41}},"69":{"start":{"line":133,"column":3},"end":{"line":139,"column":4}},"70":{"start":{"line":133,"column":16},"end":{"line":133,"column":38}},"71":{"start":{"line":134,"column":3},"end":{"line":134,"column":41}},"72":{"start":{"line":134,"column":34},"end":{"line":134,"column":41}},"73":{"start":{"line":135,"column":4},"end":{"line":138,"column":5}},"74":{"start":{"line":136,"column":5},"end":{"line":136,"column":38}},"75":{"start":{"line":137,"column":5},"end":{"line":137,"column":13}},"76":{"start":{"line":142,"column":3},"end":{"line":148,"column":4}},"77":{"start":{"line":142,"column":16},"end":{"line":142,"column":36}},"78":{"start":{"line":143,"column":3},"end":{"line":143,"column":41}},"79":{"start":{"line":143,"column":34},"end":{"line":143,"column":41}},"80":{"start":{"line":144,"column":4},"end":{"line":147,"column":5}},"81":{"start":{"line":145,"column":5},"end":{"line":145,"column":41}},"82":{"start":{"line":146,"column":5},"end":{"line":146,"column":13}},"83":{"start":{"line":151,"column":3},"end":{"line":157,"column":4}},"84":{"start":{"line":151,"column":16},"end":{"line":151,"column":33}},"85":{"start":{"line":152,"column":3},"end":{"line":152,"column":41}},"86":{"start":{"line":152,"column":34},"end":{"line":152,"column":41}},"87":{"start":{"line":153,"column":4},"end":{"line":156,"column":5}},"88":{"start":{"line":154,"column":5},"end":{"line":154,"column":42}},"89":{"start":{"line":155,"column":5},"end":{"line":155,"column":13}},"90":{"start":{"line":159,"column":3},"end":{"line":165,"column":4}},"91":{"start":{"line":159,"column":15},"end":{"line":159,"column":29}},"92":{"start":{"line":160,"column":3},"end":{"line":160,"column":41}},"93":{"start":{"line":160,"column":34},"end":{"line":160,"column":41}},"94":{"start":{"line":161,"column":4},"end":{"line":164,"column":5}},"95":{"start":{"line":162,"column":5},"end":{"line":162,"column":50}},"96":{"start":{"line":163,"column":5},"end":{"line":163,"column":13}},"97":{"start":{"line":167,"column":4},"end":{"line":167,"column":17}},"98":{"start":{"line":168,"column":4},"end":{"line":168,"column":20}},"99":{"start":{"line":172,"column":25},"end":{"line":172,"column":44}},"100":{"start":{"line":173,"column":25},"end":{"line":173,"column":69}},"101":{"start":{"line":174,"column":2},"end":{"line":181,"column":3}},"102":{"start":{"line":174,"column":15},"end":{"line":174,"column":16}},"103":{"start":{"line":174,"column":22},"end":{"line":174,"column":23}},"104":{"start":{"line":175,"column":16},"end":{"line":175,"column":41}},"105":{"start":{"line":177,"column":3},"end":{"line":180,"column":4}},"106":{"start":{"line":178,"column":4},"end":{"line":178,"column":24}},"107":{"start":{"line":179,"column":4},"end":{"line":179,"column":8}},"108":{"start":{"line":184,"column":2},"end":{"line":184,"column":20}},"109":{"start":{"line":191,"column":0},"end":{"line":191,"column":23}}},"fnMap":{"0":{"name":"(anonymous_0)","decl":{"start":{"line":11,"column":1},"end":{"line":11,"column":2}},"loc":{"start":{"line":11,"column":24},"end":{"line":13,"column":2}},"line":11},"1":{"name":"(anonymous_1)","decl":{"start":{"line":15,"column":1},"end":{"line":15,"column":2}},"loc":{"start":{"line":15,"column":14},"end":{"line":22,"column":2}},"line":15},"2":{"name":"(anonymous_2)","decl":{"start":{"line":24,"column":1},"end":{"line":24,"column":2}},"loc":{"start":{"line":24,"column":18},"end":{"line":26,"column":2}},"line":24},"3":{"name":"(anonymous_3)","decl":{"start":{"line":28,"column":1},"end":{"line":28,"column":2}},"loc":{"start":{"line":28,"column":25},"end":{"line":34,"column":2}},"line":28},"4":{"name":"(anonymous_4)","decl":{"start":{"line":36,"column":1},"end":{"line":36,"column":2}},"loc":{"start":{"line":36,"column":11},"end":{"line":54,"column":2}},"line":36},"5":{"name":"(anonymous_5)","decl":{"start":{"line":41,"column":34},"end":{"line":41,"column":35}},"loc":{"start":{"line":41,"column":39},"end":{"line":41,"column":62}},"line":41},"6":{"name":"(anonymous_6)","decl":{"start":{"line":41,"column":45},"end":{"line":41,"column":46}},"loc":{"start":{"line":41,"column":51},"end":{"line":41,"column":60}},"line":41},"7":{"name":"(anonymous_7)","decl":{"start":{"line":56,"column":1},"end":{"line":56,"column":2}},"loc":{"start":{"line":56,"column":21},"end":{"line":66,"column":2}},"line":56},"8":{"name":"(anonymous_8)","decl":{"start":{"line":67,"column":1},"end":{"line":67,"column":2}},"loc":{"start":{"line":67,"column":13},"end":{"line":72,"column":2}},"line":67},"9":{"name":"(anonymous_9)","decl":{"start":{"line":74,"column":1},"end":{"line":74,"column":2}},"loc":{"start":{"line":74,"column":19},"end":{"line":84,"column":2}},"line":74},"10":{"name":"(anonymous_10)","decl":{"start":{"line":86,"column":1},"end":{"line":86,"column":2}},"loc":{"start":{"line":86,"column":23},"end":{"line":95,"column":2}},"line":86},"11":{"name":"(anonymous_11)","decl":{"start":{"line":98,"column":1},"end":{"line":98,"column":2}},"loc":{"start":{"line":98,"column":16},"end":{"line":100,"column":2}},"line":98},"12":{"name":"(anonymous_12)","decl":{"start":{"line":102,"column":1},"end":{"line":102,"column":2}},"loc":{"start":{"line":102,"column":16},"end":{"line":112,"column":2}},"line":102},"13":{"name":"(anonymous_13)","decl":{"start":{"line":114,"column":1},"end":{"line":114,"column":2}},"loc":{"start":{"line":114,"column":22},"end":{"line":119,"column":2}},"line":114},"14":{"name":"(anonymous_14)","decl":{"start":{"line":121,"column":1},"end":{"line":121,"column":2}},"loc":{"start":{"line":121,"column":38},"end":{"line":170,"column":2}},"line":121},"15":{"name":"(anonymous_15)","decl":{"start":{"line":171,"column":1},"end":{"line":171,"column":2}},"loc":{"start":{"line":171,"column":32},"end":{"line":182,"column":2}},"line":171},"16":{"name":"(anonymous_16)","decl":{"start":{"line":183,"column":1},"end":{"line":183,"column":2}},"loc":{"start":{"line":183,"column":12},"end":{"line":185,"column":2}},"line":183}},"branchMap":{"0":{"loc":{"start":{"line":11,"column":13},"end":{"line":11,"column":22}},"type":"default-arg","locations":[{"start":{"line":11,"column":20},"end":{"line":11,"column":22}}],"line":11},"1":{"loc":{"start":{"line":16,"column":20},"end":{"line":16,"column":41}},"type":"binary-expr","locations":[{"start":{"line":16,"column":20},"end":{"line":16,"column":35}},{"start":{"line":16,"column":39},"end":{"line":16,"column":41}}],"line":16},"2":{"loc":{"start":{"line":17,"column":23},"end":{"line":17,"column":57}},"type":"binary-expr","locations":[{"start":{"line":17,"column":23},"end":{"line":17,"column":41}},{"start":{"line":17,"column":45},"end":{"line":17,"column":57}}],"line":17},"3":{"loc":{"start":{"line":18,"column":21},"end":{"line":18,"column":53}},"type":"binary-expr","locations":[{"start":{"line":18,"column":21},"end":{"line":18,"column":37}},{"start":{"line":18,"column":41},"end":{"line":18,"column":53}}],"line":18},"4":{"loc":{"start":{"line":19,"column":20},"end":{"line":19,"column":42}},"type":"binary-expr","locations":[{"start":{"line":19,"column":20},"end":{"line":19,"column":35}},{"start":{"line":19,"column":39},"end":{"line":19,"column":42}}],"line":19},"5":{"loc":{"start":{"line":20,"column":27},"end":{"line":20,"column":99}},"type":"cond-expr","locations":[{"start":{"line":20,"column":70},"end":{"line":20,"column":92}},{"start":{"line":20,"column":95},"end":{"line":20,"column":99}}],"line":20},"6":{"loc":{"start":{"line":21,"column":25},"end":{"line":21,"column":95}},"type":"cond-expr","locations":[{"start":{"line":21,"column":66},"end":{"line":21,"column":88}},{"start":{"line":21,"column":91},"end":{"line":21,"column":95}}],"line":21},"7":{"loc":{"start":{"line":29,"column":2},"end":{"line":31,"column":3}},"type":"if","locations":[{"start":{"line":29,"column":2},"end":{"line":31,"column":3}},{"start":{"line":29,"column":2},"end":{"line":31,"column":3}}],"line":29},"8":{"loc":{"start":{"line":29,"column":6},"end":{"line":29,"column":34}},"type":"binary-expr","locations":[{"start":{"line":29,"column":6},"end":{"line":29,"column":17}},{"start":{"line":29,"column":21},"end":{"line":29,"column":34}}],"line":29},"9":{"loc":{"start":{"line":41,"column":51},"end":{"line":41,"column":60}},"type":"cond-expr","locations":[{"start":{"line":41,"column":55},"end":{"line":41,"column":56}},{"start":{"line":41,"column":59},"end":{"line":41,"column":60}}],"line":41},"10":{"loc":{"start":{"line":42,"column":3},"end":{"line":44,"column":4}},"type":"if","locations":[{"start":{"line":42,"column":3},"end":{"line":44,"column":4}},{"start":{"line":42,"column":3},"end":{"line":44,"column":4}}],"line":42},"11":{"loc":{"start":{"line":47,"column":3},"end":{"line":50,"column":4}},"type":"if","locations":[{"start":{"line":47,"column":3},"end":{"line":50,"column":4}},{"start":{"line":47,"column":3},"end":{"line":50,"column":4}}],"line":47},"12":{"loc":{"start":{"line":47,"column":7},"end":{"line":48,"column":50}},"type":"binary-expr","locations":[{"start":{"line":47,"column":7},"end":{"line":47,"column":50}},{"start":{"line":48,"column":7},"end":{"line":48,"column":50}}],"line":47},"13":{"loc":{"start":{"line":57,"column":2},"end":{"line":60,"column":3}},"type":"if","locations":[{"start":{"line":57,"column":2},"end":{"line":60,"column":3}},{"start":{"line":57,"column":2},"end":{"line":60,"column":3}}],"line":57},"14":{"loc":{"start":{"line":62,"column":2},"end":{"line":64,"column":3}},"type":"if","locations":[{"start":{"line":62,"column":2},"end":{"line":64,"column":3}},{"start":{"line":62,"column":2},"end":{"line":64,"column":3}}],"line":62},"15":{"loc":{"start":{"line":71,"column":9},"end":{"line":71,"column":41}},"type":"cond-expr","locations":[{"start":{"line":71,"column":29},"end":{"line":71,"column":33}},{"start":{"line":71,"column":36},"end":{"line":71,"column":41}}],"line":71},"16":{"loc":{"start":{"line":75,"column":2},"end":{"line":78,"column":3}},"type":"if","locations":[{"start":{"line":75,"column":2},"end":{"line":78,"column":3}},{"start":{"line":75,"column":2},"end":{"line":78,"column":3}}],"line":75},"17":{"loc":{"start":{"line":79,"column":2},"end":{"line":81,"column":3}},"type":"if","locations":[{"start":{"line":79,"column":2},"end":{"line":81,"column":3}},{"start":{"line":79,"column":2},"end":{"line":81,"column":3}}],"line":79},"18":{"loc":{"start":{"line":90,"column":3},"end":{"line":92,"column":4}},"type":"if","locations":[{"start":{"line":90,"column":3},"end":{"line":92,"column":4}},{"start":{"line":90,"column":3},"end":{"line":92,"column":4}}],"line":90},"19":{"loc":{"start":{"line":103,"column":2},"end":{"line":104,"column":49}},"type":"if","locations":[{"start":{"line":103,"column":2},"end":{"line":104,"column":49}},{"start":{"line":103,"column":2},"end":{"line":104,"column":49}}],"line":103},"20":{"loc":{"start":{"line":103,"column":6},"end":{"line":103,"column":36}},"type":"binary-expr","locations":[{"start":{"line":103,"column":6},"end":{"line":103,"column":16}},{"start":{"line":103,"column":20},"end":{"line":103,"column":36}}],"line":103},"21":{"loc":{"start":{"line":108,"column":4},"end":{"line":109,"column":15}},"type":"if","locations":[{"start":{"line":108,"column":4},"end":{"line":109,"column":15}},{"start":{"line":108,"column":4},"end":{"line":109,"column":15}}],"line":108},"22":{"loc":{"start":{"line":130,"column":3},"end":{"line":130,"column":41}},"type":"if","locations":[{"start":{"line":130,"column":3},"end":{"line":130,"column":41}},{"start":{"line":130,"column":3},"end":{"line":130,"column":41}}],"line":130},"23":{"loc":{"start":{"line":134,"column":3},"end":{"line":134,"column":41}},"type":"if","locations":[{"start":{"line":134,"column":3},"end":{"line":134,"column":41}},{"start":{"line":134,"column":3},"end":{"line":134,"column":41}}],"line":134},"24":{"loc":{"start":{"line":135,"column":4},"end":{"line":138,"column":5}},"type":"if","locations":[{"start":{"line":135,"column":4},"end":{"line":138,"column":5}},{"start":{"line":135,"column":4},"end":{"line":138,"column":5}}],"line":135},"25":{"loc":{"start":{"line":143,"column":3},"end":{"line":143,"column":41}},"type":"if","locations":[{"start":{"line":143,"column":3},"end":{"line":143,"column":41}},{"start":{"line":143,"column":3},"end":{"line":143,"column":41}}],"line":143},"26":{"loc":{"start":{"line":144,"column":4},"end":{"line":147,"column":5}},"type":"if","locations":[{"start":{"line":144,"column":4},"end":{"line":147,"column":5}},{"start":{"line":144,"column":4},"end":{"line":147,"column":5}}],"line":144},"27":{"loc":{"start":{"line":152,"column":3},"end":{"line":152,"column":41}},"type":"if","locations":[{"start":{"line":152,"column":3},"end":{"line":152,"column":41}},{"start":{"line":152,"column":3},"end":{"line":152,"column":41}}],"line":152},"28":{"loc":{"start":{"line":153,"column":4},"end":{"line":156,"column":5}},"type":"if","locations":[{"start":{"line":153,"column":4},"end":{"line":156,"column":5}},{"start":{"line":153,"column":4},"end":{"line":156,"column":5}}],"line":153},"29":{"loc":{"start":{"line":160,"column":3},"end":{"line":160,"column":41}},"type":"if","locations":[{"start":{"line":160,"column":3},"end":{"line":160,"column":41}},{"start":{"line":160,"column":3},"end":{"line":160,"column":41}}],"line":160},"30":{"loc":{"start":{"line":161,"column":4},"end":{"line":164,"column":5}},"type":"if","locations":[{"start":{"line":161,"column":4},"end":{"line":164,"column":5}},{"start":{"line":161,"column":4},"end":{"line":164,"column":5}}],"line":161},"31":{"loc":{"start":{"line":177,"column":3},"end":{"line":180,"column":4}},"type":"if","locations":[{"start":{"line":177,"column":3},"end":{"line":180,"column":4}},{"start":{"line":177,"column":3},"end":{"line":180,"column":4}}],"line":177}},"s":{"0":2,"1":2,"2":2,"3":15,"4":16,"5":16,"6":16,"7":16,"8":16,"9":16,"10":3,"11":18,"12":2,"13":16,"14":2,"15":2,"16":2,"17":2,"18":20,"19":200,"20":2,"21":0,"22":2,"23":2,"24":2,"25":0,"26":3,"27":2,"28":2,"29":1,"30":0,"31":2,"32":2,"33":2,"34":2,"35":3,"36":2,"37":2,"38":1,"39":1,"40":1,"41":2,"42":2,"43":6,"44":6,"45":2,"46":2,"47":4,"48":5,"49":1,"50":4,"51":4,"52":4,"53":40,"54":40,"55":400,"56":350,"57":4,"58":66,"59":0,"60":0,"61":0,"62":0,"63":0,"64":0,"65":0,"66":0,"67":0,"68":0,"69":0,"70":0,"71":0,"72":0,"73":0,"74":0,"75":0,"76":0,"77":0,"78":0,"79":0,"80":0,"81":0,"82":0,"83":0,"84":0,"85":0,"86":0,"87":0,"88":0,"89":0,"90":0,"91":0,"92":0,"93":0,"94":0,"95":0,"96":0,"97":0,"98":0,"99":1,"100":1,"101":1,"102":1,"103":1,"104":59,"105":59,"106":50,"107":50,"108":527,"109":2},"f":{"0":15,"1":16,"2":3,"3":18,"4":2,"5":20,"6":200,"7":3,"8":2,"9":3,"10":2,"11":4,"12":5,"13":66,"14":0,"15":1,"16":527},"b":{"0":[12],"1":[16,13],"2":[16,15],"3":[16,15],"4":[16,16],"5":[1,15],"6":[1,15],"7":[2,16],"8":[18,17],"9":[117,83],"10":[0,2],"11":[0,2],"12":[2,0],"13":[2,1],"14":[0,1],"15":[2,0],"16":[2,1],"17":[1,0],"18":[2,4],"19":[1,4],"20":[5,4],"21":[350,50],"22":[0,0],"23":[0,0],"24":[0,0],"25":[0,0],"26":[0,0],"27":[0,0],"28":[0,0],"29":[0,0],"30":[0,0],"31":[50,9]},"_coverageSchema":"1a1c01bbd47fc00a2c39e90264f33305004495a9","hash":"b9c75c0d575f28a5fc61a1dee0edf3e3ec71985a"}
,"C:\\Users\\user\\Desktop\\find_your_hat_redux\\lib\\LinkedList.js": {"path":"C:\\Users\\user\\Desktop\\find_your_hat_redux\\lib\\LinkedList.js","statementMap":{"0":{"start":{"line":1,"column":13},"end":{"line":1,"column":30}},"1":{"start":{"line":5,"column":4},"end":{"line":5,"column":21}},"2":{"start":{"line":9,"column":21},"end":{"line":9,"column":36}},"3":{"start":{"line":10,"column":24},"end":{"line":10,"column":33}},"4":{"start":{"line":11,"column":4},"end":{"line":11,"column":25}},"5":{"start":{"line":12,"column":4},"end":{"line":14,"column":5}},"6":{"start":{"line":13,"column":6},"end":{"line":13,"column":41}},"7":{"start":{"line":18,"column":19},"end":{"line":18,"column":28}},"8":{"start":{"line":19,"column":4},"end":{"line":27,"column":5}},"9":{"start":{"line":20,"column":6},"end":{"line":20,"column":34}},"10":{"start":{"line":22,"column":17},"end":{"line":22,"column":26}},"11":{"start":{"line":23,"column":6},"end":{"line":25,"column":7}},"12":{"start":{"line":24,"column":8},"end":{"line":24,"column":34}},"13":{"start":{"line":26,"column":6},"end":{"line":26,"column":40}},"14":{"start":{"line":31,"column":18},"end":{"line":31,"column":27}},"15":{"start":{"line":33,"column":4},"end":{"line":38,"column":5}},"16":{"start":{"line":34,"column":6},"end":{"line":36,"column":7}},"17":{"start":{"line":35,"column":8},"end":{"line":35,"column":23}},"18":{"start":{"line":37,"column":6},"end":{"line":37,"column":38}},"19":{"start":{"line":39,"column":4},"end":{"line":39,"column":16}},"20":{"start":{"line":43,"column":24},"end":{"line":43,"column":33}},"21":{"start":{"line":44,"column":4},"end":{"line":44,"column":29}},"22":{"start":{"line":44,"column":22},"end":{"line":44,"column":29}},"23":{"start":{"line":46,"column":4},"end":{"line":48,"column":5}},"24":{"start":{"line":47,"column":6},"end":{"line":47,"column":35}},"25":{"start":{"line":49,"column":4},"end":{"line":49,"column":28}},"26":{"start":{"line":53,"column":16},"end":{"line":53,"column":17}},"27":{"start":{"line":54,"column":22},"end":{"line":54,"column":31}},"28":{"start":{"line":56,"column":4},"end":{"line":59,"column":5}},"29":{"start":{"line":57,"column":6},"end":{"line":57,"column":14}},"30":{"start":{"line":58,"column":6},"end":{"line":58,"column":37}},"31":{"start":{"line":60,"column":4},"end":{"line":60,"column":17}},"32":{"start":{"line":64,"column":0},"end":{"line":64,"column":28}}},"fnMap":{"0":{"name":"(anonymous_0)","decl":{"start":{"line":4,"column":2},"end":{"line":4,"column":3}},"loc":{"start":{"line":4,"column":16},"end":{"line":6,"column":3}},"line":4},"1":{"name":"(anonymous_1)","decl":{"start":{"line":8,"column":2},"end":{"line":8,"column":3}},"loc":{"start":{"line":8,"column":19},"end":{"line":15,"column":3}},"line":8},"2":{"name":"(anonymous_2)","decl":{"start":{"line":17,"column":2},"end":{"line":17,"column":3}},"loc":{"start":{"line":17,"column":19},"end":{"line":28,"column":3}},"line":17},"3":{"name":"(anonymous_3)","decl":{"start":{"line":30,"column":2},"end":{"line":30,"column":3}},"loc":{"start":{"line":30,"column":34},"end":{"line":40,"column":3}},"line":30},"4":{"name":"(anonymous_4)","decl":{"start":{"line":42,"column":2},"end":{"line":42,"column":3}},"loc":{"start":{"line":42,"column":15},"end":{"line":50,"column":3}},"line":42},"5":{"name":"(anonymous_5)","decl":{"start":{"line":52,"column":2},"end":{"line":52,"column":3}},"loc":{"start":{"line":52,"column":13},"end":{"line":61,"column":3}},"line":52}},"branchMap":{"0":{"loc":{"start":{"line":12,"column":4},"end":{"line":14,"column":5}},"type":"if","locations":[{"start":{"line":12,"column":4},"end":{"line":14,"column":5}},{"start":{"line":12,"column":4},"end":{"line":14,"column":5}}],"line":12},"1":{"loc":{"start":{"line":19,"column":4},"end":{"line":27,"column":5}},"type":"if","locations":[{"start":{"line":19,"column":4},"end":{"line":27,"column":5}},{"start":{"line":19,"column":4},"end":{"line":27,"column":5}}],"line":19},"2":{"loc":{"start":{"line":34,"column":6},"end":{"line":36,"column":7}},"type":"if","locations":[{"start":{"line":34,"column":6},"end":{"line":36,"column":7}},{"start":{"line":34,"column":6},"end":{"line":36,"column":7}}],"line":34},"3":{"loc":{"start":{"line":44,"column":4},"end":{"line":44,"column":29}},"type":"if","locations":[{"start":{"line":44,"column":4},"end":{"line":44,"column":29}},{"start":{"line":44,"column":4},"end":{"line":44,"column":29}}],"line":44},"4":{"loc":{"start":{"line":46,"column":4},"end":{"line":48,"column":5}},"type":"if","locations":[{"start":{"line":46,"column":4},"end":{"line":48,"column":5}},{"start":{"line":46,"column":4},"end":{"line":48,"column":5}}],"line":46}},"s":{"0":3,"1":3,"2":750,"3":750,"4":750,"5":750,"6":747,"7":0,"8":0,"9":0,"10":0,"11":0,"12":0,"13":0,"14":0,"15":0,"16":0,"17":0,"18":0,"19":0,"20":750,"21":750,"22":0,"23":750,"24":747,"25":750,"26":0,"27":0,"28":0,"29":0,"30":0,"31":0,"32":3},"f":{"0":3,"1":750,"2":0,"3":0,"4":750,"5":0},"b":{"0":[747,3],"1":[0,0],"2":[0,0],"3":[0,750],"4":[747,3]},"_coverageSchema":"1a1c01bbd47fc00a2c39e90264f33305004495a9","hash":"c64e69c8ff9b93bb08016ab731ad9c630f405233"}
,"C:\\Users\\user\\Desktop\\find_your_hat_redux\\lib\\Stack.js": {"path":"C:\\Users\\user\\Desktop\\find_your_hat_redux\\lib\\Stack.js","statementMap":{"0":{"start":{"line":1,"column":19},"end":{"line":1,"column":42}},"1":{"start":{"line":5,"column":4},"end":{"line":5,"column":34}},"2":{"start":{"line":6,"column":4},"end":{"line":6,"column":27}},"3":{"start":{"line":7,"column":4},"end":{"line":7,"column":18}},"4":{"start":{"line":12,"column":4},"end":{"line":12,"column":36}},"5":{"start":{"line":16,"column":4},"end":{"line":16,"column":27}},"6":{"start":{"line":20,"column":4},"end":{"line":25,"column":5}},"7":{"start":{"line":21,"column":6},"end":{"line":21,"column":34}},"8":{"start":{"line":22,"column":6},"end":{"line":22,"column":18}},"9":{"start":{"line":24,"column":6},"end":{"line":24,"column":39}},"10":{"start":{"line":29,"column":4},"end":{"line":35,"column":5}},"11":{"start":{"line":30,"column":20},"end":{"line":30,"column":43}},"12":{"start":{"line":31,"column":6},"end":{"line":31,"column":18}},"13":{"start":{"line":32,"column":6},"end":{"line":32,"column":19}},"14":{"start":{"line":34,"column":6},"end":{"line":34,"column":40}},"15":{"start":{"line":39,"column":4},"end":{"line":43,"column":5}},"16":{"start":{"line":40,"column":6},"end":{"line":40,"column":34}},"17":{"start":{"line":42,"column":6},"end":{"line":42,"column":18}},"18":{"start":{"line":48,"column":0},"end":{"line":48,"column":23}}},"fnMap":{"0":{"name":"(anonymous_0)","decl":{"start":{"line":4,"column":2},"end":{"line":4,"column":3}},"loc":{"start":{"line":4,"column":34},"end":{"line":8,"column":3}},"line":4},"1":{"name":"(anonymous_1)","decl":{"start":{"line":11,"column":2},"end":{"line":11,"column":3}},"loc":{"start":{"line":11,"column":12},"end":{"line":13,"column":3}},"line":11},"2":{"name":"(anonymous_2)","decl":{"start":{"line":15,"column":2},"end":{"line":15,"column":3}},"loc":{"start":{"line":15,"column":12},"end":{"line":17,"column":3}},"line":15},"3":{"name":"(anonymous_3)","decl":{"start":{"line":19,"column":2},"end":{"line":19,"column":3}},"loc":{"start":{"line":19,"column":14},"end":{"line":26,"column":3}},"line":19},"4":{"name":"(anonymous_4)","decl":{"start":{"line":28,"column":2},"end":{"line":28,"column":3}},"loc":{"start":{"line":28,"column":8},"end":{"line":36,"column":3}},"line":28},"5":{"name":"(anonymous_5)","decl":{"start":{"line":38,"column":2},"end":{"line":38,"column":3}},"loc":{"start":{"line":38,"column":9},"end":{"line":44,"column":3}},"line":38}},"branchMap":{"0":{"loc":{"start":{"line":4,"column":14},"end":{"line":4,"column":32}},"type":"default-arg","locations":[{"start":{"line":4,"column":24},"end":{"line":4,"column":32}}],"line":4},"1":{"loc":{"start":{"line":20,"column":4},"end":{"line":25,"column":5}},"type":"if","locations":[{"start":{"line":20,"column":4},"end":{"line":25,"column":5}},{"start":{"line":20,"column":4},"end":{"line":25,"column":5}}],"line":20},"2":{"loc":{"start":{"line":29,"column":4},"end":{"line":35,"column":5}},"type":"if","locations":[{"start":{"line":29,"column":4},"end":{"line":35,"column":5}},{"start":{"line":29,"column":4},"end":{"line":35,"column":5}}],"line":29},"3":{"loc":{"start":{"line":39,"column":4},"end":{"line":43,"column":5}},"type":"if","locations":[{"start":{"line":39,"column":4},"end":{"line":43,"column":5}},{"start":{"line":39,"column":4},"end":{"line":43,"column":5}}],"line":39}},"s":{"0":3,"1":3,"2":3,"3":3,"4":750,"5":1652,"6":750,"7":750,"8":750,"9":0,"10":750,"11":750,"12":750,"13":750,"14":0,"15":0,"16":0,"17":0,"18":3},"f":{"0":3,"1":750,"2":1652,"3":750,"4":750,"5":0},"b":{"0":[3],"1":[750,0],"2":[750,0],"3":[0,0]},"_coverageSchema":"1a1c01bbd47fc00a2c39e90264f33305004495a9","hash":"15c2b543f5e427a2a909a35cc8bb02d3177fd7e0"}
,"C:\\Users\\user\\Desktop\\find_your_hat_redux\\lib\\field-filler.js": {"path":"C:\\Users\\user\\Desktop\\find_your_hat_redux\\lib\\field-filler.js","statementMap":{"0":{"start":{"line":6,"column":4},"end":{"line":6,"column":45}},"1":{"start":{"line":10,"column":2},"end":{"line":10,"column":66}},"2":{"start":{"line":11,"column":2},"end":{"line":11,"column":53}},"3":{"start":{"line":12,"column":2},"end":{"line":12,"column":66}},"4":{"start":{"line":13,"column":2},"end":{"line":13,"column":63}},"5":{"start":{"line":16,"column":2},"end":{"line":24,"column":3}},"6":{"start":{"line":17,"column":3},"end":{"line":17,"column":30}},"7":{"start":{"line":18,"column":9},"end":{"line":24,"column":3}},"8":{"start":{"line":19,"column":3},"end":{"line":19,"column":36}},"9":{"start":{"line":20,"column":9},"end":{"line":24,"column":3}},"10":{"start":{"line":21,"column":3},"end":{"line":21,"column":29}},"11":{"start":{"line":23,"column":3},"end":{"line":23,"column":29}},"12":{"start":{"line":39,"column":0},"end":{"line":39,"column":24}}},"fnMap":{"0":{"name":"(anonymous_0)","decl":{"start":{"line":9,"column":1},"end":{"line":9,"column":2}},"loc":{"start":{"line":9,"column":27},"end":{"line":14,"column":2}},"line":9},"1":{"name":"(anonymous_1)","decl":{"start":{"line":15,"column":1},"end":{"line":15,"column":2}},"loc":{"start":{"line":15,"column":67},"end":{"line":25,"column":2}},"line":15}},"branchMap":{"0":{"loc":{"start":{"line":9,"column":13},"end":{"line":9,"column":25}},"type":"default-arg","locations":[{"start":{"line":9,"column":23},"end":{"line":9,"column":25}}],"line":9},"1":{"loc":{"start":{"line":10,"column":30},"end":{"line":10,"column":65}},"type":"binary-expr","locations":[{"start":{"line":10,"column":30},"end":{"line":10,"column":58}},{"start":{"line":10,"column":62},"end":{"line":10,"column":65}}],"line":10},"2":{"loc":{"start":{"line":11,"column":23},"end":{"line":11,"column":52}},"type":"binary-expr","locations":[{"start":{"line":11,"column":23},"end":{"line":11,"column":44}},{"start":{"line":11,"column":48},"end":{"line":11,"column":52}}],"line":11},"3":{"loc":{"start":{"line":12,"column":24},"end":{"line":12,"column":65}},"type":"binary-expr","locations":[{"start":{"line":12,"column":24},"end":{"line":12,"column":46}},{"start":{"line":12,"column":50},"end":{"line":12,"column":65}}],"line":12},"4":{"loc":{"start":{"line":13,"column":23},"end":{"line":13,"column":62}},"type":"binary-expr","locations":[{"start":{"line":13,"column":23},"end":{"line":13,"column":44}},{"start":{"line":13,"column":48},"end":{"line":13,"column":62}}],"line":13},"5":{"loc":{"start":{"line":16,"column":2},"end":{"line":24,"column":3}},"type":"if","locations":[{"start":{"line":16,"column":2},"end":{"line":24,"column":3}},{"start":{"line":16,"column":2},"end":{"line":24,"column":3}}],"line":16},"6":{"loc":{"start":{"line":16,"column":6},"end":{"line":16,"column":50}},"type":"binary-expr","locations":[{"start":{"line":16,"column":6},"end":{"line":16,"column":26}},{"start":{"line":16,"column":30},"end":{"line":16,"column":50}}],"line":16},"7":{"loc":{"start":{"line":18,"column":9},"end":{"line":24,"column":3}},"type":"if","locations":[{"start":{"line":18,"column":9},"end":{"line":24,"column":3}},{"start":{"line":18,"column":9},"end":{"line":24,"column":3}}],"line":18},"8":{"loc":{"start":{"line":18,"column":13},"end":{"line":18,"column":71}},"type":"binary-expr","locations":[{"start":{"line":18,"column":13},"end":{"line":18,"column":40}},{"start":{"line":18,"column":44},"end":{"line":18,"column":71}}],"line":18},"9":{"loc":{"start":{"line":20,"column":9},"end":{"line":24,"column":3}},"type":"if","locations":[{"start":{"line":20,"column":9},"end":{"line":24,"column":3}},{"start":{"line":20,"column":9},"end":{"line":24,"column":3}}],"line":20}},"s":{"0":2,"1":5,"2":5,"3":5,"4":5,"5":208,"6":4,"7":204,"8":4,"9":200,"10":84,"11":116,"12":2},"f":{"0":5,"1":208},"b":{"0":[4],"1":[5,4],"2":[5,4],"3":[5,4],"4":[5,4],"5":[4,204],"6":[208,22],"7":[4,200],"8":[204,22],"9":[84,116]},"_coverageSchema":"1a1c01bbd47fc00a2c39e90264f33305004495a9","hash":"e5d882c6213b3bcc6e636bf5e4b6c4c12945e537"}
,"C:\\Users\\user\\Desktop\\find_your_hat_redux\\lib\\maze-generator.js": {"path":"C:\\Users\\user\\Desktop\\find_your_hat_redux\\lib\\maze-generator.js","statementMap":{"0":{"start":{"line":1,"column":14},"end":{"line":1,"column":32}},"1":{"start":{"line":2,"column":13},"end":{"line":2,"column":35}},"2":{"start":{"line":3,"column":22},"end":{"line":3,"column":23}},"3":{"start":{"line":7,"column":8},"end":{"line":7,"column":23}},"4":{"start":{"line":8,"column":2},"end":{"line":12,"column":3}},"5":{"start":{"line":8,"column":15},"end":{"line":8,"column":16}},"6":{"start":{"line":9,"column":3},"end":{"line":9,"column":21}},"7":{"start":{"line":10,"column":3},"end":{"line":11,"column":24}},"8":{"start":{"line":10,"column":16},"end":{"line":10,"column":17}},"9":{"start":{"line":11,"column":4},"end":{"line":11,"column":24}},"10":{"start":{"line":13,"column":8},"end":{"line":13,"column":29}},"11":{"start":{"line":14,"column":2},"end":{"line":14,"column":27}},"12":{"start":{"line":18,"column":2},"end":{"line":18,"column":42}},"13":{"start":{"line":22,"column":8},"end":{"line":22,"column":39}},"14":{"start":{"line":23,"column":8},"end":{"line":30,"column":9}},"15":{"start":{"line":24,"column":25},"end":{"line":24,"column":41}},"16":{"start":{"line":25,"column":12},"end":{"line":29,"column":13}},"17":{"start":{"line":26,"column":16},"end":{"line":26,"column":46}},"18":{"start":{"line":27,"column":34},"end":{"line":27,"column":58}},"19":{"start":{"line":28,"column":16},"end":{"line":28,"column":56}},"20":{"start":{"line":34,"column":17},"end":{"line":34,"column":19}},"21":{"start":{"line":35,"column":8},"end":{"line":37,"column":9}},"22":{"start":{"line":35,"column":20},"end":{"line":35,"column":21}},"23":{"start":{"line":36,"column":12},"end":{"line":36,"column":49}},"24":{"start":{"line":38,"column":8},"end":{"line":38,"column":29}},"25":{"start":{"line":42,"column":17},"end":{"line":42,"column":19}},"26":{"start":{"line":43,"column":8},"end":{"line":48,"column":9}},"27":{"start":{"line":43,"column":21},"end":{"line":43,"column":22}},"28":{"start":{"line":44,"column":12},"end":{"line":46,"column":13}},"29":{"start":{"line":44,"column":25},"end":{"line":44,"column":26}},"30":{"start":{"line":45,"column":16},"end":{"line":45,"column":63}},"31":{"start":{"line":47,"column":12},"end":{"line":47,"column":23}},"32":{"start":{"line":49,"column":8},"end":{"line":49,"column":29}},"33":{"start":{"line":53,"column":33},"end":{"line":53,"column":34}},"34":{"start":{"line":54,"column":8},"end":{"line":60,"column":9}},"35":{"start":{"line":54,"column":21},"end":{"line":54,"column":29}},"36":{"start":{"line":55,"column":12},"end":{"line":59,"column":13}},"37":{"start":{"line":55,"column":25},"end":{"line":55,"column":33}},"38":{"start":{"line":56,"column":16},"end":{"line":58,"column":17}},"39":{"start":{"line":57,"column":20},"end":{"line":57,"column":41}},"40":{"start":{"line":62,"column":8},"end":{"line":62,"column":74}},"41":{"start":{"line":67,"column":8},"end":{"line":71,"column":9}},"42":{"start":{"line":68,"column":12},"end":{"line":68,"column":50}},"43":{"start":{"line":69,"column":12},"end":{"line":69,"column":48}},"44":{"start":{"line":70,"column":3},"end":{"line":70,"column":32}},"45":{"start":{"line":75,"column":26},"end":{"line":75,"column":28}},"46":{"start":{"line":76,"column":8},"end":{"line":83,"column":9}},"47":{"start":{"line":76,"column":21},"end":{"line":76,"column":29}},"48":{"start":{"line":77,"column":12},"end":{"line":82,"column":13}},"49":{"start":{"line":77,"column":25},"end":{"line":77,"column":33}},"50":{"start":{"line":78,"column":16},"end":{"line":81,"column":17}},"51":{"start":{"line":80,"column":20},"end":{"line":80,"column":51}},"52":{"start":{"line":84,"column":8},"end":{"line":84,"column":25}},"53":{"start":{"line":88,"column":8},"end":{"line":88,"column":76}},"54":{"start":{"line":92,"column":8},"end":{"line":92,"column":44}},"55":{"start":{"line":96,"column":8},"end":{"line":96,"column":45}},"56":{"start":{"line":100,"column":0},"end":{"line":100,"column":31}}},"fnMap":{"0":{"name":"(anonymous_0)","decl":{"start":{"line":6,"column":4},"end":{"line":6,"column":5}},"loc":{"start":{"line":6,"column":21},"end":{"line":15,"column":5}},"line":6},"1":{"name":"(anonymous_1)","decl":{"start":{"line":17,"column":1},"end":{"line":17,"column":2}},"loc":{"start":{"line":17,"column":12},"end":{"line":19,"column":2}},"line":17},"2":{"name":"(anonymous_2)","decl":{"start":{"line":21,"column":4},"end":{"line":21,"column":5}},"loc":{"start":{"line":21,"column":19},"end":{"line":31,"column":5}},"line":21},"3":{"name":"(anonymous_3)","decl":{"start":{"line":33,"column":4},"end":{"line":33,"column":5}},"loc":{"start":{"line":33,"column":17},"end":{"line":39,"column":5}},"line":33},"4":{"name":"(anonymous_4)","decl":{"start":{"line":41,"column":5},"end":{"line":41,"column":6}},"loc":{"start":{"line":41,"column":23},"end":{"line":50,"column":5}},"line":41},"5":{"name":"(anonymous_5)","decl":{"start":{"line":52,"column":4},"end":{"line":52,"column":5}},"loc":{"start":{"line":52,"column":24},"end":{"line":63,"column":5}},"line":52},"6":{"name":"(anonymous_6)","decl":{"start":{"line":65,"column":4},"end":{"line":65,"column":5}},"loc":{"start":{"line":65,"column":35},"end":{"line":72,"column":5}},"line":65},"7":{"name":"(anonymous_7)","decl":{"start":{"line":74,"column":4},"end":{"line":74,"column":5}},"loc":{"start":{"line":74,"column":24},"end":{"line":85,"column":5}},"line":74},"8":{"name":"(anonymous_8)","decl":{"start":{"line":87,"column":4},"end":{"line":87,"column":5}},"loc":{"start":{"line":87,"column":22},"end":{"line":89,"column":5}},"line":87},"9":{"name":"(anonymous_9)","decl":{"start":{"line":91,"column":4},"end":{"line":91,"column":5}},"loc":{"start":{"line":91,"column":31},"end":{"line":93,"column":5}},"line":91},"10":{"name":"(anonymous_10)","decl":{"start":{"line":95,"column":4},"end":{"line":95,"column":5}},"loc":{"start":{"line":95,"column":29},"end":{"line":97,"column":5}},"line":95}},"branchMap":{"0":{"loc":{"start":{"line":25,"column":12},"end":{"line":29,"column":13}},"type":"if","locations":[{"start":{"line":25,"column":12},"end":{"line":29,"column":13}},{"start":{"line":25,"column":12},"end":{"line":29,"column":13}}],"line":25},"1":{"loc":{"start":{"line":45,"column":23},"end":{"line":45,"column":55}},"type":"cond-expr","locations":[{"start":{"line":45,"column":46},"end":{"line":45,"column":49}},{"start":{"line":45,"column":52},"end":{"line":45,"column":55}}],"line":45},"2":{"loc":{"start":{"line":56,"column":16},"end":{"line":58,"column":17}},"type":"if","locations":[{"start":{"line":56,"column":16},"end":{"line":58,"column":17}},{"start":{"line":56,"column":16},"end":{"line":58,"column":17}}],"line":56},"3":{"loc":{"start":{"line":56,"column":20},"end":{"line":56,"column":99}},"type":"binary-expr","locations":[{"start":{"line":56,"column":20},"end":{"line":56,"column":42}},{"start":{"line":56,"column":46},"end":{"line":56,"column":75}},{"start":{"line":56,"column":79},"end":{"line":56,"column":99}}],"line":56},"4":{"loc":{"start":{"line":62,"column":15},"end":{"line":62,"column":73}},"type":"binary-expr","locations":[{"start":{"line":62,"column":16},"end":{"line":62,"column":38}},{"start":{"line":62,"column":43},"end":{"line":62,"column":73}}],"line":62},"5":{"loc":{"start":{"line":78,"column":16},"end":{"line":81,"column":17}},"type":"if","locations":[{"start":{"line":78,"column":16},"end":{"line":81,"column":17}},{"start":{"line":78,"column":16},"end":{"line":81,"column":17}}],"line":78},"6":{"loc":{"start":{"line":78,"column":20},"end":{"line":79,"column":52}},"type":"binary-expr","locations":[{"start":{"line":78,"column":20},"end":{"line":78,"column":42}},{"start":{"line":78,"column":46},"end":{"line":78,"column":77}},{"start":{"line":79,"column":23},"end":{"line":79,"column":52}}],"line":78},"7":{"loc":{"start":{"line":88,"column":15},"end":{"line":88,"column":75}},"type":"binary-expr","locations":[{"start":{"line":88,"column":15},"end":{"line":88,"column":21}},{"start":{"line":88,"column":25},"end":{"line":88,"column":31}},{"start":{"line":88,"column":35},"end":{"line":88,"column":53}},{"start":{"line":88,"column":57},"end":{"line":88,"column":75}}],"line":88},"8":{"loc":{"start":{"line":92,"column":16},"end":{"line":92,"column":42}},"type":"binary-expr","locations":[{"start":{"line":92,"column":16},"end":{"line":92,"column":27}},{"start":{"line":92,"column":31},"end":{"line":92,"column":42}}],"line":92},"9":{"loc":{"start":{"line":96,"column":17},"end":{"line":96,"column":43}},"type":"binary-expr","locations":[{"start":{"line":96,"column":17},"end":{"line":96,"column":28}},{"start":{"line":96,"column":32},"end":{"line":96,"column":43}}],"line":96}},"s":{"0":3,"1":3,"2":3,"3":3,"4":3,"5":3,"6":30,"7":30,"8":30,"9":300,"10":3,"11":3,"12":598,"13":152,"14":152,"15":750,"16":750,"17":175,"18":175,"19":175,"20":0,"21":0,"22":0,"23":0,"24":0,"25":0,"26":0,"27":0,"28":0,"29":0,"30":0,"31":0,"32":0,"33":750,"34":750,"35":750,"36":2250,"37":2250,"38":6750,"39":2083,"40":750,"41":175,"42":598,"43":598,"44":598,"45":175,"46":175,"47":175,"48":525,"49":525,"50":1575,"51":598,"52":175,"53":8325,"54":1280,"55":6094,"56":3},"f":{"0":3,"1":598,"2":152,"3":0,"4":0,"5":750,"6":175,"7":175,"8":8325,"9":1280,"10":6094},"b":{"0":[175,575],"1":[0,0],"2":[2083,4667],"3":[6750,5321,4571],"4":[750,390],"5":[598,977],"6":[1575,1280,773],"7":[8325,7617,7094,6843],"8":[1280,803],"9":[6094,2462]},"_coverageSchema":"1a1c01bbd47fc00a2c39e90264f33305004495a9","hash":"2b97e543174be584476210fc2776d4259d8d3f7c"}
,"C:\\Users\\user\\Desktop\\find_your_hat_redux\\lib\\maze-node.js": {"path":"C:\\Users\\user\\Desktop\\find_your_hat_redux\\lib\\maze-node.js","statementMap":{"0":{"start":{"line":4,"column":2},"end":{"line":4,"column":13}},"1":{"start":{"line":5,"column":2},"end":{"line":5,"column":13}},"2":{"start":{"line":9,"column":0},"end":{"line":9,"column":26}}},"fnMap":{"0":{"name":"(anonymous_0)","decl":{"start":{"line":3,"column":1},"end":{"line":3,"column":2}},"loc":{"start":{"line":3,"column":19},"end":{"line":6,"column":2}},"line":3}},"branchMap":{},"s":{"0":750,"1":750,"2":3},"f":{"0":750},"b":{},"_coverageSchema":"1a1c01bbd47fc00a2c39e90264f33305004495a9","hash":"4f48ca46fbcca1ef6a4d7e4334adb9a157fb6ec9"}
,"C:\\Users\\user\\Desktop\\find_your_hat_redux\\lib\\node.js": {"path":"C:\\Users\\user\\Desktop\\find_your_hat_redux\\lib\\node.js","statementMap":{"0":{"start":{"line":3,"column":4},"end":{"line":3,"column":21}},"1":{"start":{"line":4,"column":4},"end":{"line":4,"column":21}},"2":{"start":{"line":8,"column":4},"end":{"line":10,"column":5}},"3":{"start":{"line":9,"column":6},"end":{"line":9,"column":70}},"4":{"start":{"line":11,"column":4},"end":{"line":11,"column":21}},"5":{"start":{"line":15,"column":4},"end":{"line":15,"column":21}},"6":{"start":{"line":19,"column":4},"end":{"line":19,"column":21}},"7":{"start":{"line":23,"column":0},"end":{"line":23,"column":22}}},"fnMap":{"0":{"name":"(anonymous_0)","decl":{"start":{"line":2,"column":2},"end":{"line":2,"column":3}},"loc":{"start":{"line":2,"column":20},"end":{"line":5,"column":3}},"line":2},"1":{"name":"(anonymous_1)","decl":{"start":{"line":7,"column":2},"end":{"line":7,"column":3}},"loc":{"start":{"line":7,"column":20},"end":{"line":12,"column":3}},"line":7},"2":{"name":"(anonymous_2)","decl":{"start":{"line":14,"column":2},"end":{"line":14,"column":3}},"loc":{"start":{"line":14,"column":16},"end":{"line":16,"column":3}},"line":14},"3":{"name":"(anonymous_3)","decl":{"start":{"line":18,"column":2},"end":{"line":18,"column":3}},"loc":{"start":{"line":18,"column":16},"end":{"line":20,"column":3}},"line":18}},"branchMap":{"0":{"loc":{"start":{"line":8,"column":4},"end":{"line":10,"column":5}},"type":"if","locations":[{"start":{"line":8,"column":4},"end":{"line":10,"column":5}},{"start":{"line":8,"column":4},"end":{"line":10,"column":5}}],"line":8}},"s":{"0":750,"1":750,"2":747,"3":0,"4":747,"5":0,"6":0,"7":3},"f":{"0":750,"1":747,"2":0,"3":0},"b":{"0":[0,747]},"_coverageSchema":"1a1c01bbd47fc00a2c39e90264f33305004495a9","hash":"6fbd6fedcef84396247d1891d32772c1424f6aa7"}
,"C:\\Users\\user\\Desktop\\find_your_hat_redux\\src\\actions\\game-status.js": {"path":"C:\\Users\\user\\Desktop\\find_your_hat_redux\\src\\actions\\game-status.js","statementMap":{"0":{"start":{"line":1,"column":20},"end":{"line":1,"column":63}},"1":{"start":{"line":2,"column":13},"end":{"line":2,"column":57}},"2":{"start":{"line":2,"column":20},"end":{"line":2,"column":56}},"3":{"start":{"line":3,"column":17},"end":{"line":3,"column":64}},"4":{"start":{"line":3,"column":24},"end":{"line":3,"column":63}},"5":{"start":{"line":4,"column":17},"end":{"line":4,"column":61}},"6":{"start":{"line":4,"column":24},"end":{"line":4,"column":60}},"7":{"start":{"line":5,"column":16},"end":{"line":5,"column":59}},"8":{"start":{"line":5,"column":23},"end":{"line":5,"column":58}},"9":{"start":{"line":6,"column":19},"end":{"line":6,"column":65}},"10":{"start":{"line":6,"column":26},"end":{"line":6,"column":64}},"11":{"start":{"line":8,"column":0},"end":{"line":15,"column":2}}},"fnMap":{"0":{"name":"(anonymous_0)","decl":{"start":{"line":2,"column":13},"end":{"line":2,"column":14}},"loc":{"start":{"line":2,"column":20},"end":{"line":2,"column":56}},"line":2},"1":{"name":"(anonymous_1)","decl":{"start":{"line":3,"column":17},"end":{"line":3,"column":18}},"loc":{"start":{"line":3,"column":24},"end":{"line":3,"column":63}},"line":3},"2":{"name":"(anonymous_2)","decl":{"start":{"line":4,"column":17},"end":{"line":4,"column":18}},"loc":{"start":{"line":4,"column":24},"end":{"line":4,"column":60}},"line":4},"3":{"name":"(anonymous_3)","decl":{"start":{"line":5,"column":16},"end":{"line":5,"column":17}},"loc":{"start":{"line":5,"column":23},"end":{"line":5,"column":58}},"line":5},"4":{"name":"(anonymous_4)","decl":{"start":{"line":6,"column":19},"end":{"line":6,"column":20}},"loc":{"start":{"line":6,"column":26},"end":{"line":6,"column":64}},"line":6}},"branchMap":{},"s":{"0":1,"1":1,"2":1,"3":1,"4":1,"5":1,"6":1,"7":1,"8":1,"9":1,"10":1,"11":1},"f":{"0":1,"1":1,"2":1,"3":1,"4":1},"b":{},"_coverageSchema":"1a1c01bbd47fc00a2c39e90264f33305004495a9","hash":"d74b3a2876985ab035c5e08be5502af06013246e"}
,"C:\\Users\\user\\Desktop\\find_your_hat_redux\\src\\actions\\move.js": {"path":"C:\\Users\\user\\Desktop\\find_your_hat_redux\\src\\actions\\move.js","statementMap":{"0":{"start":{"line":1,"column":20},"end":{"line":1,"column":61}},"1":{"start":{"line":2,"column":15},"end":{"line":2,"column":57}},"2":{"start":{"line":2,"column":22},"end":{"line":2,"column":56}},"3":{"start":{"line":3,"column":17},"end":{"line":3,"column":61}},"4":{"start":{"line":3,"column":24},"end":{"line":3,"column":60}},"5":{"start":{"line":4,"column":17},"end":{"line":4,"column":61}},"6":{"start":{"line":4,"column":24},"end":{"line":4,"column":60}},"7":{"start":{"line":5,"column":18},"end":{"line":5,"column":63}},"8":{"start":{"line":5,"column":25},"end":{"line":5,"column":62}},"9":{"start":{"line":6,"column":22},"end":{"line":6,"column":98}},"10":{"start":{"line":6,"column":37},"end":{"line":6,"column":97}},"11":{"start":{"line":8,"column":0},"end":{"line":14,"column":2}}},"fnMap":{"0":{"name":"(anonymous_0)","decl":{"start":{"line":2,"column":15},"end":{"line":2,"column":16}},"loc":{"start":{"line":2,"column":22},"end":{"line":2,"column":56}},"line":2},"1":{"name":"(anonymous_1)","decl":{"start":{"line":3,"column":17},"end":{"line":3,"column":18}},"loc":{"start":{"line":3,"column":24},"end":{"line":3,"column":60}},"line":3},"2":{"name":"(anonymous_2)","decl":{"start":{"line":4,"column":17},"end":{"line":4,"column":18}},"loc":{"start":{"line":4,"column":24},"end":{"line":4,"column":60}},"line":4},"3":{"name":"(anonymous_3)","decl":{"start":{"line":5,"column":18},"end":{"line":5,"column":19}},"loc":{"start":{"line":5,"column":25},"end":{"line":5,"column":62}},"line":5},"4":{"name":"(anonymous_4)","decl":{"start":{"line":6,"column":22},"end":{"line":6,"column":23}},"loc":{"start":{"line":6,"column":37},"end":{"line":6,"column":97}},"line":6}},"branchMap":{},"s":{"0":2,"1":2,"2":9,"3":2,"4":9,"5":2,"6":7,"7":2,"8":7,"9":2,"10":0,"11":2},"f":{"0":9,"1":9,"2":7,"3":7,"4":0},"b":{},"_coverageSchema":"1a1c01bbd47fc00a2c39e90264f33305004495a9","hash":"a71ee6d3e5d5e4c0f10c19f0c5609ffa9b6d71f7"}
,"C:\\Users\\user\\Desktop\\find_your_hat_redux\\src\\components\\confirm.js": {"path":"C:\\Users\\user\\Desktop\\find_your_hat_redux\\src\\components\\confirm.js","statementMap":{"0":{"start":{"line":1,"column":14},"end":{"line":1,"column":30}},"1":{"start":{"line":2,"column":20},"end":{"line":2,"column":34}},"2":{"start":{"line":6,"column":2},"end":{"line":11,"column":4}},"3":{"start":{"line":15,"column":0},"end":{"line":15,"column":22}}},"fnMap":{"0":{"name":"(anonymous_0)","decl":{"start":{"line":5,"column":1},"end":{"line":5,"column":2}},"loc":{"start":{"line":5,"column":10},"end":{"line":12,"column":2}},"line":5}},"branchMap":{},"s":{"0":2,"1":2,"2":4,"3":2},"f":{"0":4},"b":{},"_coverageSchema":"1a1c01bbd47fc00a2c39e90264f33305004495a9","hash":"ea3a8a1a7ab78b56ce1521784e114b645d7ab26c"}
,"C:\\Users\\user\\Desktop\\find_your_hat_redux\\src\\components\\exit.js": {"path":"C:\\Users\\user\\Desktop\\find_your_hat_redux\\src\\components\\exit.js","statementMap":{"0":{"start":{"line":1,"column":14},"end":{"line":1,"column":30}},"1":{"start":{"line":2,"column":20},"end":{"line":2,"column":34}},"2":{"start":{"line":3,"column":18},"end":{"line":3,"column":39}},"3":{"start":{"line":4,"column":16},"end":{"line":4,"column":38}},"4":{"start":{"line":8,"column":2},"end":{"line":13,"column":4}},"5":{"start":{"line":17,"column":0},"end":{"line":17,"column":22}}},"fnMap":{"0":{"name":"(anonymous_0)","decl":{"start":{"line":7,"column":1},"end":{"line":7,"column":2}},"loc":{"start":{"line":7,"column":10},"end":{"line":14,"column":2}},"line":7}},"branchMap":{},"s":{"0":2,"1":2,"2":2,"3":2,"4":4,"5":2},"f":{"0":4},"b":{},"_coverageSchema":"1a1c01bbd47fc00a2c39e90264f33305004495a9","hash":"b7a010e9c01eb7ec5ebf0a93e6e3d0f0d823dc26"}
,"C:\\Users\\user\\Desktop\\find_your_hat_redux\\src\\components\\game-win.js": {"path":"C:\\Users\\user\\Desktop\\find_your_hat_redux\\src\\components\\game-win.js","statementMap":{"0":{"start":{"line":1,"column":14},"end":{"line":1,"column":30}},"1":{"start":{"line":2,"column":20},"end":{"line":2,"column":34}},"2":{"start":{"line":3,"column":25},"end":{"line":3,"column":55}},"3":{"start":{"line":7,"column":2},"end":{"line":11,"column":4}},"4":{"start":{"line":15,"column":0},"end":{"line":15,"column":25}}},"fnMap":{"0":{"name":"(anonymous_0)","decl":{"start":{"line":6,"column":1},"end":{"line":6,"column":2}},"loc":{"start":{"line":6,"column":10},"end":{"line":12,"column":2}},"line":6}},"branchMap":{},"s":{"0":2,"1":2,"2":2,"3":3,"4":2},"f":{"0":3},"b":{},"_coverageSchema":"1a1c01bbd47fc00a2c39e90264f33305004495a9","hash":"2476bccfdd1c5f5782bb6acffe324fad1cfbd35d"}
,"C:\\Users\\user\\Desktop\\find_your_hat_redux\\src\\components\\game.js": {"path":"C:\\Users\\user\\Desktop\\find_your_hat_redux\\src\\components\\game.js","statementMap":{"0":{"start":{"line":1,"column":14},"end":{"line":1,"column":30}},"1":{"start":{"line":2,"column":30},"end":{"line":2,"column":44}},"2":{"start":{"line":4,"column":93},"end":{"line":4,"column":126}},"3":{"start":{"line":9,"column":2},"end":{"line":9,"column":15}},"4":{"start":{"line":12,"column":2},"end":{"line":18,"column":3}},"5":{"start":{"line":13,"column":3},"end":{"line":17,"column":4}},"6":{"start":{"line":14,"column":4},"end":{"line":14,"column":27}},"7":{"start":{"line":16,"column":4},"end":{"line":16,"column":34}},"8":{"start":{"line":19,"column":2},"end":{"line":21,"column":3}},"9":{"start":{"line":20,"column":3},"end":{"line":20,"column":28}},"10":{"start":{"line":22,"column":2},"end":{"line":24,"column":3}},"11":{"start":{"line":23,"column":3},"end":{"line":23,"column":21}},"12":{"start":{"line":26,"column":2},"end":{"line":26,"column":20}},"13":{"start":{"line":29,"column":2},"end":{"line":29,"column":108}},"14":{"start":{"line":33,"column":16},"end":{"line":33,"column":18}},"15":{"start":{"line":34,"column":29},"end":{"line":34,"column":39}},"16":{"start":{"line":35,"column":3},"end":{"line":49,"column":3}},"17":{"start":{"line":35,"column":16},"end":{"line":35,"column":17}},"18":{"start":{"line":36,"column":17},"end":{"line":36,"column":19}},"19":{"start":{"line":37,"column":4},"end":{"line":47,"column":4}},"20":{"start":{"line":37,"column":17},"end":{"line":37,"column":18}},"21":{"start":{"line":38,"column":18},"end":{"line":38,"column":37}},"22":{"start":{"line":39,"column":22},"end":{"line":39,"column":49}},"23":{"start":{"line":40,"column":16},"end":{"line":40,"column":31}},"24":{"start":{"line":41,"column":5},"end":{"line":45,"column":7}},"25":{"start":{"line":48,"column":3},"end":{"line":48,"column":54}},"26":{"start":{"line":51,"column":2},"end":{"line":51,"column":50}},"27":{"start":{"line":55,"column":0},"end":{"line":55,"column":22}}},"fnMap":{"0":{"name":"(anonymous_0)","decl":{"start":{"line":8,"column":1},"end":{"line":8,"column":2}},"loc":{"start":{"line":8,"column":20},"end":{"line":10,"column":2}},"line":8},"1":{"name":"(anonymous_1)","decl":{"start":{"line":11,"column":1},"end":{"line":11,"column":2}},"loc":{"start":{"line":11,"column":16},"end":{"line":27,"column":2}},"line":11},"2":{"name":"(anonymous_2)","decl":{"start":{"line":28,"column":1},"end":{"line":28,"column":2}},"loc":{"start":{"line":28,"column":18},"end":{"line":30,"column":2}},"line":28},"3":{"name":"(anonymous_3)","decl":{"start":{"line":32,"column":1},"end":{"line":32,"column":2}},"loc":{"start":{"line":32,"column":10},"end":{"line":52,"column":2}},"line":32}},"branchMap":{"0":{"loc":{"start":{"line":12,"column":2},"end":{"line":18,"column":3}},"type":"if","locations":[{"start":{"line":12,"column":2},"end":{"line":18,"column":3}},{"start":{"line":12,"column":2},"end":{"line":18,"column":3}}],"line":12},"1":{"loc":{"start":{"line":12,"column":6},"end":{"line":12,"column":64}},"type":"binary-expr","locations":[{"start":{"line":12,"column":6},"end":{"line":12,"column":33}},{"start":{"line":12,"column":37},"end":{"line":12,"column":64}}],"line":12},"2":{"loc":{"start":{"line":13,"column":3},"end":{"line":17,"column":4}},"type":"if","locations":[{"start":{"line":13,"column":3},"end":{"line":17,"column":4}},{"start":{"line":13,"column":3},"end":{"line":17,"column":4}}],"line":13},"3":{"loc":{"start":{"line":19,"column":2},"end":{"line":21,"column":3}},"type":"if","locations":[{"start":{"line":19,"column":2},"end":{"line":21,"column":3}},{"start":{"line":19,"column":2},"end":{"line":21,"column":3}}],"line":19},"4":{"loc":{"start":{"line":19,"column":6},"end":{"line":19,"column":86}},"type":"binary-expr","locations":[{"start":{"line":19,"column":6},"end":{"line":19,"column":44}},{"start":{"line":19,"column":48},"end":{"line":19,"column":86}}],"line":19},"5":{"loc":{"start":{"line":22,"column":2},"end":{"line":24,"column":3}},"type":"if","locations":[{"start":{"line":22,"column":2},"end":{"line":24,"column":3}},{"start":{"line":22,"column":2},"end":{"line":24,"column":3}}],"line":22}},"s":{"0":1,"1":1,"2":1,"3":2,"4":200,"5":2,"6":0,"7":2,"8":198,"9":2,"10":196,"11":114,"12":82,"13":200,"14":2,"15":2,"16":2,"17":2,"18":20,"19":20,"20":20,"21":200,"22":200,"23":200,"24":200,"25":20,"26":2,"27":1},"f":{"0":2,"1":200,"2":200,"3":2},"b":{"0":[2,198],"1":[200,20],"2":[0,2],"3":[2,196],"4":[198,20],"5":[114,82]},"_coverageSchema":"1a1c01bbd47fc00a2c39e90264f33305004495a9","hash":"4d8fd7ab35810e223afa46edbb2f10a1d63ed69d"}
,"C:\\Users\\user\\Desktop\\find_your_hat_redux\\src\\components\\gameover.js": {"path":"C:\\Users\\user\\Desktop\\find_your_hat_redux\\src\\components\\gameover.js","statementMap":{"0":{"start":{"line":1,"column":14},"end":{"line":1,"column":30}},"1":{"start":{"line":2,"column":20},"end":{"line":2,"column":34}},"2":{"start":{"line":3,"column":25},"end":{"line":3,"column":55}},"3":{"start":{"line":6,"column":2},"end":{"line":10,"column":4}},"4":{"start":{"line":14,"column":0},"end":{"line":14,"column":30}}},"fnMap":{"0":{"name":"(anonymous_0)","decl":{"start":{"line":5,"column":1},"end":{"line":5,"column":2}},"loc":{"start":{"line":5,"column":10},"end":{"line":11,"column":2}},"line":5}},"branchMap":{},"s":{"0":2,"1":2,"2":2,"3":3,"4":2},"f":{"0":3},"b":{},"_coverageSchema":"1a1c01bbd47fc00a2c39e90264f33305004495a9","hash":"19f2c400b929006ffc4dfbf267609a6c61acbb8a"}
,"C:\\Users\\user\\Desktop\\find_your_hat_redux\\src\\components\\not-found.js": {"path":"C:\\Users\\user\\Desktop\\find_your_hat_redux\\src\\components\\not-found.js","statementMap":{"0":{"start":{"line":1,"column":14},"end":{"line":1,"column":30}},"1":{"start":{"line":2,"column":20},"end":{"line":2,"column":34}},"2":{"start":{"line":3,"column":22},"end":{"line":3,"column":52}},"3":{"start":{"line":4,"column":0},"end":{"line":10,"column":1}},"4":{"start":{"line":5,"column":1},"end":{"line":9,"column":3}}},"fnMap":{"0":{"name":"(anonymous_0)","decl":{"start":{"line":4,"column":17},"end":{"line":4,"column":18}},"loc":{"start":{"line":4,"column":23},"end":{"line":10,"column":1}},"line":4}},"branchMap":{},"s":{"0":2,"1":2,"2":2,"3":2,"4":3},"f":{"0":3},"b":{},"_coverageSchema":"1a1c01bbd47fc00a2c39e90264f33305004495a9","hash":"50717c099b95b73c907bcfcf0b41fca65fdfde17"}
,"C:\\Users\\user\\Desktop\\find_your_hat_redux\\src\\constants\\colors.js": {"path":"C:\\Users\\user\\Desktop\\find_your_hat_redux\\src\\constants\\colors.js","statementMap":{"0":{"start":{"line":1,"column":31},"end":{"line":1,"column":38}},"1":{"start":{"line":2,"column":19},"end":{"line":2,"column":26}},"2":{"start":{"line":3,"column":19},"end":{"line":3,"column":24}},"3":{"start":{"line":4,"column":24},"end":{"line":4,"column":30}},"4":{"start":{"line":5,"column":23},"end":{"line":5,"column":28}},"5":{"start":{"line":6,"column":23},"end":{"line":6,"column":30}},"6":{"start":{"line":7,"column":20},"end":{"line":7,"column":25}},"7":{"start":{"line":8,"column":26},"end":{"line":8,"column":33}},"8":{"start":{"line":9,"column":0},"end":{"line":9,"column":147}}},"fnMap":{},"branchMap":{},"s":{"0":4,"1":4,"2":4,"3":4,"4":4,"5":4,"6":4,"7":4,"8":4},"f":{},"b":{},"_coverageSchema":"1a1c01bbd47fc00a2c39e90264f33305004495a9","hash":"07a9b1e1a1ec47112042716490af354cbaa07c07"}
,"C:\\Users\\user\\Desktop\\find_your_hat_redux\\src\\constants\\game-cells.js": {"path":"C:\\Users\\user\\Desktop\\find_your_hat_redux\\src\\constants\\game-cells.js","statementMap":{"0":{"start":{"line":1,"column":24},"end":{"line":1,"column":27}},"1":{"start":{"line":2,"column":24},"end":{"line":2,"column":27}},"2":{"start":{"line":3,"column":24},"end":{"line":3,"column":27}},"3":{"start":{"line":4,"column":24},"end":{"line":4,"column":27}},"4":{"start":{"line":7,"column":0},"end":{"line":12,"column":2}}},"fnMap":{},"branchMap":{},"s":{"0":3,"1":3,"2":3,"3":3,"4":3},"f":{},"b":{},"_coverageSchema":"1a1c01bbd47fc00a2c39e90264f33305004495a9","hash":"e7f2cce8a29ec7b744f8edb9a776b6c06765df19"}
,"C:\\Users\\user\\Desktop\\find_your_hat_redux\\src\\constants\\game-move-actions.js": {"path":"C:\\Users\\user\\Desktop\\find_your_hat_redux\\src\\constants\\game-move-actions.js","statementMap":{"0":{"start":{"line":1,"column":26},"end":{"line":1,"column":28}},"1":{"start":{"line":2,"column":26},"end":{"line":2,"column":28}},"2":{"start":{"line":3,"column":26},"end":{"line":3,"column":28}},"3":{"start":{"line":4,"column":26},"end":{"line":4,"column":28}},"4":{"start":{"line":5,"column":26},"end":{"line":5,"column":28}},"5":{"start":{"line":6,"column":19},"end":{"line":6,"column":22}},"6":{"start":{"line":8,"column":0},"end":{"line":15,"column":2}}},"fnMap":{},"branchMap":{},"s":{"0":3,"1":3,"2":3,"3":3,"4":3,"5":3,"6":3},"f":{},"b":{},"_coverageSchema":"1a1c01bbd47fc00a2c39e90264f33305004495a9","hash":"054713cb02f7ce9313fe05826321d8431912e240"}
,"C:\\Users\\user\\Desktop\\find_your_hat_redux\\src\\constants\\game-status-actions.js": {"path":"C:\\Users\\user\\Desktop\\find_your_hat_redux\\src\\constants\\game-status-actions.js","statementMap":{"0":{"start":{"line":1,"column":28},"end":{"line":1,"column":29}},"1":{"start":{"line":2,"column":24},"end":{"line":2,"column":25}},"2":{"start":{"line":3,"column":25},"end":{"line":3,"column":26}},"3":{"start":{"line":4,"column":25},"end":{"line":4,"column":27}},"4":{"start":{"line":5,"column":27},"end":{"line":5,"column":28}},"5":{"start":{"line":6,"column":0},"end":{"line":6,"column":112}}},"fnMap":{},"branchMap":{},"s":{"0":2,"1":2,"2":2,"3":2,"4":2,"5":2},"f":{},"b":{},"_coverageSchema":"1a1c01bbd47fc00a2c39e90264f33305004495a9","hash":"771286b7e2edcdbb0174c8b26a47376f5c3f5a59"}
,"C:\\Users\\user\\Desktop\\find_your_hat_redux\\src\\constants\\game-status.js": {"path":"C:\\Users\\user\\Desktop\\find_your_hat_redux\\src\\constants\\game-status.js","statementMap":{"0":{"start":{"line":1,"column":28},"end":{"line":1,"column":29}},"1":{"start":{"line":2,"column":24},"end":{"line":2,"column":25}},"2":{"start":{"line":3,"column":25},"end":{"line":3,"column":26}},"3":{"start":{"line":4,"column":25},"end":{"line":4,"column":27}},"4":{"start":{"line":5,"column":27},"end":{"line":5,"column":28}},"5":{"start":{"line":6,"column":0},"end":{"line":6,"column":92}}},"fnMap":{},"branchMap":{},"s":{"0":3,"1":3,"2":3,"3":3,"4":3,"5":3},"f":{},"b":{},"_coverageSchema":"1a1c01bbd47fc00a2c39e90264f33305004495a9","hash":"8f3fe3a1a22e68344a26283be378b842b013b456"}
,"C:\\Users\\user\\Desktop\\find_your_hat_redux\\src\\constants\\keyboard-input.js": {"path":"C:\\Users\\user\\Desktop\\find_your_hat_redux\\src\\constants\\keyboard-input.js","statementMap":{"0":{"start":{"line":1,"column":22},"end":{"line":1,"column":25}},"1":{"start":{"line":2,"column":24},"end":{"line":2,"column":27}},"2":{"start":{"line":3,"column":24},"end":{"line":3,"column":27}},"3":{"start":{"line":4,"column":25},"end":{"line":4,"column":28}},"4":{"start":{"line":5,"column":18},"end":{"line":5,"column":21}},"5":{"start":{"line":6,"column":17},"end":{"line":6,"column":20}},"6":{"start":{"line":7,"column":19},"end":{"line":7,"column":22}},"7":{"start":{"line":8,"column":18},"end":{"line":8,"column":21}},"8":{"start":{"line":9,"column":0},"end":{"line":18,"column":2}}},"fnMap":{},"branchMap":{},"s":{"0":2,"1":2,"2":2,"3":2,"4":2,"5":2,"6":2,"7":2,"8":2},"f":{},"b":{},"_coverageSchema":"1a1c01bbd47fc00a2c39e90264f33305004495a9","hash":"b009c5fef8e1eed789d47d43fdbb44edc2f2ac7b"}
,"C:\\Users\\user\\Desktop\\find_your_hat_redux\\src\\containers\\game.js": {"path":"C:\\Users\\user\\Desktop\\find_your_hat_redux\\src\\containers\\game.js","statementMap":{"0":{"start":{"line":1,"column":14},"end":{"line":1,"column":30}},"1":{"start":{"line":3,"column":19},"end":{"line":3,"column":54}},"2":{"start":{"line":4,"column":18},"end":{"line":4,"column":39}},"3":{"start":{"line":7,"column":16},"end":{"line":7,"column":51}},"4":{"start":{"line":8,"column":17},"end":{"line":8,"column":52}},"5":{"start":{"line":9,"column":13},"end":{"line":9,"column":44}},"6":{"start":{"line":10,"column":17},"end":{"line":10,"column":53}},"7":{"start":{"line":11,"column":20},"end":{"line":11,"column":61}},"8":{"start":{"line":12,"column":14},"end":{"line":12,"column":40}},"9":{"start":{"line":13,"column":20},"end":{"line":13,"column":53}},"10":{"start":{"line":14,"column":14},"end":{"line":14,"column":25}},"11":{"start":{"line":15,"column":15},"end":{"line":15,"column":32}},"12":{"start":{"line":16,"column":14},"end":{"line":16,"column":19}},"13":{"start":{"line":18,"column":27},"end":{"line":46,"column":1}},"14":{"start":{"line":19,"column":45},"end":{"line":19,"column":50}},"15":{"start":{"line":20,"column":1},"end":{"line":45,"column":3}},"16":{"start":{"line":22,"column":4},"end":{"line":22,"column":21}},"17":{"start":{"line":23,"column":4},"end":{"line":31,"column":6}},"18":{"start":{"line":34,"column":4},"end":{"line":34,"column":35}},"19":{"start":{"line":35,"column":4},"end":{"line":35,"column":10}},"20":{"start":{"line":37,"column":4},"end":{"line":37,"column":23}},"21":{"start":{"line":38,"column":4},"end":{"line":38,"column":10}},"22":{"start":{"line":40,"column":4},"end":{"line":40,"column":24}},"23":{"start":{"line":41,"column":4},"end":{"line":41,"column":20}},"24":{"start":{"line":42,"column":4},"end":{"line":42,"column":10}},"25":{"start":{"line":44,"column":4},"end":{"line":44,"column":24}},"26":{"start":{"line":47,"column":22},"end":{"line":61,"column":1}},"27":{"start":{"line":48,"column":27},"end":{"line":48,"column":32}},"28":{"start":{"line":49,"column":2},"end":{"line":49,"column":19}},"29":{"start":{"line":50,"column":4},"end":{"line":55,"column":5}},"30":{"start":{"line":51,"column":5},"end":{"line":51,"column":25}},"31":{"start":{"line":52,"column":5},"end":{"line":52,"column":21}},"32":{"start":{"line":53,"column":5},"end":{"line":53,"column":40}},"33":{"start":{"line":54,"column":5},"end":{"line":54,"column":20}},"34":{"start":{"line":56,"column":2},"end":{"line":60,"column":4}},"35":{"start":{"line":63,"column":0},"end":{"line":63,"column":31}}},"fnMap":{"0":{"name":"(anonymous_0)","decl":{"start":{"line":18,"column":27},"end":{"line":18,"column":28}},"loc":{"start":{"line":18,"column":38},"end":{"line":46,"column":1}},"line":18},"1":{"name":"(anonymous_1)","decl":{"start":{"line":47,"column":22},"end":{"line":47,"column":23}},"loc":{"start":{"line":47,"column":33},"end":{"line":61,"column":1}},"line":47}},"branchMap":{"0":{"loc":{"start":{"line":20,"column":1},"end":{"line":45,"column":3}},"type":"switch","locations":[{"start":{"line":21,"column":3},"end":{"line":31,"column":6}},{"start":{"line":32,"column":3},"end":{"line":35,"column":10}},{"start":{"line":36,"column":3},"end":{"line":38,"column":10}},{"start":{"line":39,"column":3},"end":{"line":42,"column":10}},{"start":{"line":43,"column":3},"end":{"line":44,"column":24}}],"line":20},"1":{"loc":{"start":{"line":50,"column":4},"end":{"line":55,"column":5}},"type":"if","locations":[{"start":{"line":50,"column":4},"end":{"line":55,"column":5}},{"start":{"line":50,"column":4},"end":{"line":55,"column":5}}],"line":50}},"s":{"0":1,"1":1,"2":1,"3":1,"4":1,"5":1,"6":1,"7":1,"8":1,"9":1,"10":1,"11":1,"12":1,"13":1,"14":6,"15":6,"16":2,"17":2,"18":1,"19":0,"20":1,"21":0,"22":1,"23":1,"24":0,"25":1,"26":1,"27":6,"28":6,"29":6,"30":1,"31":1,"32":1,"33":1,"34":6,"35":1},"f":{"0":6,"1":6},"b":{"0":[2,1,1,1,1],"1":[1,5]},"_coverageSchema":"1a1c01bbd47fc00a2c39e90264f33305004495a9","hash":"020ece3853d82f4db56fa7f1715964838d7051a0"}
,"C:\\Users\\user\\Desktop\\find_your_hat_redux\\src\\containers\\maze-container.js": {"path":"C:\\Users\\user\\Desktop\\find_your_hat_redux\\src\\containers\\maze-container.js","statementMap":{"0":{"start":{"line":1,"column":14},"end":{"line":1,"column":30}},"1":{"start":{"line":2,"column":18},"end":{"line":2,"column":39}},"2":{"start":{"line":3,"column":19},"end":{"line":3,"column":50}},"3":{"start":{"line":6,"column":2},"end":{"line":6,"column":15}},"4":{"start":{"line":11,"column":17},"end":{"line":11,"column":22}},"5":{"start":{"line":11,"column":39},"end":{"line":11,"column":43}},"6":{"start":{"line":12,"column":33},"end":{"line":12,"column":42}},"7":{"start":{"line":13,"column":2},"end":{"line":30,"column":3}},"8":{"start":{"line":14,"column":3},"end":{"line":14,"column":19}},"9":{"start":{"line":15,"column":3},"end":{"line":15,"column":24}},"10":{"start":{"line":17,"column":7},"end":{"line":30,"column":3}},"11":{"start":{"line":18,"column":3},"end":{"line":18,"column":19}},"12":{"start":{"line":19,"column":3},"end":{"line":19,"column":24}},"13":{"start":{"line":21,"column":7},"end":{"line":30,"column":3}},"14":{"start":{"line":23,"column":3},"end":{"line":23,"column":19}},"15":{"start":{"line":24,"column":3},"end":{"line":24,"column":24}},"16":{"start":{"line":26,"column":7},"end":{"line":30,"column":3}},"17":{"start":{"line":27,"column":3},"end":{"line":27,"column":19}},"18":{"start":{"line":28,"column":9},"end":{"line":30,"column":3}},"19":{"start":{"line":29,"column":3},"end":{"line":29,"column":26}},"20":{"start":{"line":32,"column":2},"end":{"line":35,"column":3}},"21":{"start":{"line":33,"column":3},"end":{"line":33,"column":27}},"22":{"start":{"line":34,"column":3},"end":{"line":34,"column":22}},"23":{"start":{"line":37,"column":2},"end":{"line":37,"column":22}},"24":{"start":{"line":42,"column":2},"end":{"line":42,"column":40}},"25":{"start":{"line":46,"column":0},"end":{"line":46,"column":35}}},"fnMap":{"0":{"name":"(anonymous_0)","decl":{"start":{"line":5,"column":1},"end":{"line":5,"column":2}},"loc":{"start":{"line":5,"column":20},"end":{"line":8,"column":2}},"line":5},"1":{"name":"(anonymous_1)","decl":{"start":{"line":10,"column":1},"end":{"line":10,"column":2}},"loc":{"start":{"line":10,"column":45},"end":{"line":38,"column":2}},"line":10},"2":{"name":"(anonymous_2)","decl":{"start":{"line":39,"column":1},"end":{"line":39,"column":2}},"loc":{"start":{"line":39,"column":10},"end":{"line":43,"column":2}},"line":39}},"branchMap":{"0":{"loc":{"start":{"line":13,"column":2},"end":{"line":30,"column":3}},"type":"if","locations":[{"start":{"line":13,"column":2},"end":{"line":30,"column":3}},{"start":{"line":13,"column":2},"end":{"line":30,"column":3}}],"line":13},"1":{"loc":{"start":{"line":13,"column":6},"end":{"line":13,"column":38}},"type":"binary-expr","locations":[{"start":{"line":13,"column":6},"end":{"line":13,"column":20}},{"start":{"line":13,"column":24},"end":{"line":13,"column":38}}],"line":13},"2":{"loc":{"start":{"line":17,"column":7},"end":{"line":30,"column":3}},"type":"if","locations":[{"start":{"line":17,"column":7},"end":{"line":30,"column":3}},{"start":{"line":17,"column":7},"end":{"line":30,"column":3}}],"line":17},"3":{"loc":{"start":{"line":17,"column":11},"end":{"line":17,"column":65}},"type":"binary-expr","locations":[{"start":{"line":17,"column":11},"end":{"line":17,"column":36}},{"start":{"line":17,"column":40},"end":{"line":17,"column":65}}],"line":17},"4":{"loc":{"start":{"line":21,"column":7},"end":{"line":30,"column":3}},"type":"if","locations":[{"start":{"line":21,"column":7},"end":{"line":30,"column":3}},{"start":{"line":21,"column":7},"end":{"line":30,"column":3}}],"line":21},"5":{"loc":{"start":{"line":21,"column":11},"end":{"line":22,"column":60}},"type":"binary-expr","locations":[{"start":{"line":21,"column":11},"end":{"line":21,"column":25}},{"start":{"line":21,"column":29},"end":{"line":21,"column":43}},{"start":{"line":22,"column":6},"end":{"line":22,"column":31}},{"start":{"line":22,"column":35},"end":{"line":22,"column":60}}],"line":21},"6":{"loc":{"start":{"line":26,"column":7},"end":{"line":30,"column":3}},"type":"if","locations":[{"start":{"line":26,"column":7},"end":{"line":30,"column":3}},{"start":{"line":26,"column":7},"end":{"line":30,"column":3}}],"line":26},"7":{"loc":{"start":{"line":28,"column":9},"end":{"line":30,"column":3}},"type":"if","locations":[{"start":{"line":28,"column":9},"end":{"line":30,"column":3}},{"start":{"line":28,"column":9},"end":{"line":30,"column":3}}],"line":28},"8":{"loc":{"start":{"line":28,"column":13},"end":{"line":28,"column":111}},"type":"binary-expr","locations":[{"start":{"line":28,"column":13},"end":{"line":28,"column":60}},{"start":{"line":28,"column":64},"end":{"line":28,"column":111}}],"line":28},"9":{"loc":{"start":{"line":32,"column":2},"end":{"line":35,"column":3}},"type":"if","locations":[{"start":{"line":32,"column":2},"end":{"line":35,"column":3}},{"start":{"line":32,"column":2},"end":{"line":35,"column":3}}],"line":32}},"s":{"0":1,"1":1,"2":1,"3":2,"4":0,"5":0,"6":0,"7":0,"8":0,"9":0,"10":0,"11":0,"12":0,"13":0,"14":0,"15":0,"16":0,"17":0,"18":0,"19":0,"20":0,"21":0,"22":0,"23":0,"24":2,"25":1},"f":{"0":2,"1":0,"2":2},"b":{"0":[0,0],"1":[0,0],"2":[0,0],"3":[0,0],"4":[0,0],"5":[0,0,0,0],"6":[0,0],"7":[0,0],"8":[0,0],"9":[0,0]},"_coverageSchema":"1a1c01bbd47fc00a2c39e90264f33305004495a9","hash":"313549121f19d243de07485657d82e3877f5130a"}
,"C:\\Users\\user\\Desktop\\find_your_hat_redux\\src\\listeners\\confirm.js": {"path":"C:\\Users\\user\\Desktop\\find_your_hat_redux\\src\\listeners\\confirm.js","statementMap":{"0":{"start":{"line":1,"column":30},"end":{"line":1,"column":68}},"1":{"start":{"line":2,"column":24},"end":{"line":9,"column":1}},"2":{"start":{"line":3,"column":1},"end":{"line":5,"column":2}},"3":{"start":{"line":4,"column":2},"end":{"line":4,"column":19}},"4":{"start":{"line":6,"column":1},"end":{"line":8,"column":2}},"5":{"start":{"line":7,"column":2},"end":{"line":7,"column":21}},"6":{"start":{"line":11,"column":0},"end":{"line":11,"column":33}}},"fnMap":{"0":{"name":"(anonymous_0)","decl":{"start":{"line":2,"column":24},"end":{"line":2,"column":25}},"loc":{"start":{"line":2,"column":69},"end":{"line":9,"column":1}},"line":2}},"branchMap":{"0":{"loc":{"start":{"line":3,"column":1},"end":{"line":5,"column":2}},"type":"if","locations":[{"start":{"line":3,"column":1},"end":{"line":5,"column":2}},{"start":{"line":3,"column":1},"end":{"line":5,"column":2}}],"line":3},"1":{"loc":{"start":{"line":6,"column":1},"end":{"line":8,"column":2}},"type":"if","locations":[{"start":{"line":6,"column":1},"end":{"line":8,"column":2}},{"start":{"line":6,"column":1},"end":{"line":8,"column":2}}],"line":6}},"s":{"0":1,"1":1,"2":3,"3":1,"4":3,"5":1,"6":1},"f":{"0":3},"b":{"0":[1,2],"1":[1,2]},"_coverageSchema":"1a1c01bbd47fc00a2c39e90264f33305004495a9","hash":"bc89f0e0d203a2b8ec2ba15e3fa5447635bd3034"}
,"C:\\Users\\user\\Desktop\\find_your_hat_redux\\src\\listeners\\move-keyboard.js": {"path":"C:\\Users\\user\\Desktop\\find_your_hat_redux\\src\\listeners\\move-keyboard.js","statementMap":{"0":{"start":{"line":1,"column":20},"end":{"line":1,"column":61}},"1":{"start":{"line":7,"column":4},"end":{"line":7,"column":30}},"2":{"start":{"line":8,"column":15},"end":{"line":8,"column":53}},"3":{"start":{"line":9,"column":22},"end":{"line":25,"column":1}},"4":{"start":{"line":10,"column":1},"end":{"line":12,"column":2}},"5":{"start":{"line":11,"column":2},"end":{"line":11,"column":20}},"6":{"start":{"line":13,"column":1},"end":{"line":15,"column":2}},"7":{"start":{"line":14,"column":2},"end":{"line":14,"column":21}},"8":{"start":{"line":16,"column":1},"end":{"line":18,"column":2}},"9":{"start":{"line":17,"column":2},"end":{"line":17,"column":18}},"10":{"start":{"line":20,"column":1},"end":{"line":22,"column":2}},"11":{"start":{"line":21,"column":2},"end":{"line":21,"column":20}},"12":{"start":{"line":24,"column":1},"end":{"line":24,"column":18}},"13":{"start":{"line":27,"column":22},"end":{"line":35,"column":1}},"14":{"start":{"line":28,"column":2},"end":{"line":34,"column":3}},"15":{"start":{"line":29,"column":30},"end":{"line":29,"column":46}},"16":{"start":{"line":30,"column":32},"end":{"line":30,"column":50}},"17":{"start":{"line":31,"column":32},"end":{"line":31,"column":50}},"18":{"start":{"line":32,"column":33},"end":{"line":32,"column":52}},"19":{"start":{"line":33,"column":12},"end":{"line":33,"column":29}},"20":{"start":{"line":37,"column":0},"end":{"line":40,"column":2}}},"fnMap":{"0":{"name":"(anonymous_0)","decl":{"start":{"line":9,"column":22},"end":{"line":9,"column":23}},"loc":{"start":{"line":9,"column":31},"end":{"line":25,"column":1}},"line":9},"1":{"name":"(anonymous_1)","decl":{"start":{"line":27,"column":22},"end":{"line":27,"column":23}},"loc":{"start":{"line":27,"column":33},"end":{"line":35,"column":1}},"line":27}},"branchMap":{"0":{"loc":{"start":{"line":10,"column":1},"end":{"line":12,"column":2}},"type":"if","locations":[{"start":{"line":10,"column":1},"end":{"line":12,"column":2}},{"start":{"line":10,"column":1},"end":{"line":12,"column":2}}],"line":10},"1":{"loc":{"start":{"line":13,"column":1},"end":{"line":15,"column":2}},"type":"if","locations":[{"start":{"line":13,"column":1},"end":{"line":15,"column":2}},{"start":{"line":13,"column":1},"end":{"line":15,"column":2}}],"line":13},"2":{"loc":{"start":{"line":16,"column":1},"end":{"line":18,"column":2}},"type":"if","locations":[{"start":{"line":16,"column":1},"end":{"line":18,"column":2}},{"start":{"line":16,"column":1},"end":{"line":18,"column":2}}],"line":16},"3":{"loc":{"start":{"line":20,"column":1},"end":{"line":22,"column":2}},"type":"if","locations":[{"start":{"line":20,"column":1},"end":{"line":22,"column":2}},{"start":{"line":20,"column":1},"end":{"line":22,"column":2}}],"line":20},"4":{"loc":{"start":{"line":28,"column":2},"end":{"line":34,"column":3}},"type":"switch","locations":[{"start":{"line":29,"column":3},"end":{"line":29,"column":46}},{"start":{"line":30,"column":3},"end":{"line":30,"column":50}},{"start":{"line":31,"column":3},"end":{"line":31,"column":50}},{"start":{"line":32,"column":3},"end":{"line":32,"column":52}},{"start":{"line":33,"column":3},"end":{"line":33,"column":29}}],"line":28}},"s":{"0":1,"1":1,"2":1,"3":1,"4":8,"5":1,"6":7,"7":1,"8":6,"9":2,"10":4,"11":1,"12":3,"13":1,"14":11,"15":2,"16":3,"17":2,"18":2,"19":2,"20":1},"f":{"0":8,"1":11},"b":{"0":[1,7],"1":[1,6],"2":[2,4],"3":[1,3],"4":[2,3,2,2,2]},"_coverageSchema":"1a1c01bbd47fc00a2c39e90264f33305004495a9","hash":"d4b35ddf38534f98828fc551c71c0d16e8546725"}
,"C:\\Users\\user\\Desktop\\find_your_hat_redux\\src\\listeners\\move.js": {"path":"C:\\Users\\user\\Desktop\\find_your_hat_redux\\src\\listeners\\move.js","statementMap":{"0":{"start":{"line":1,"column":20},"end":{"line":1,"column":61}},"1":{"start":{"line":2,"column":39},"end":{"line":2,"column":65}},"2":{"start":{"line":3,"column":15},"end":{"line":15,"column":1}},"3":{"start":{"line":4,"column":1},"end":{"line":14,"column":4}},"4":{"start":{"line":5,"column":15},"end":{"line":5,"column":33}},"5":{"start":{"line":6,"column":3},"end":{"line":9,"column":4}},"6":{"start":{"line":7,"column":4},"end":{"line":7,"column":23}},"7":{"start":{"line":8,"column":4},"end":{"line":8,"column":11}},"8":{"start":{"line":10,"column":3},"end":{"line":10,"column":33}},"9":{"start":{"line":11,"column":3},"end":{"line":13,"column":4}},"10":{"start":{"line":12,"column":4},"end":{"line":12,"column":23}},"11":{"start":{"line":17,"column":0},"end":{"line":17,"column":24}}},"fnMap":{"0":{"name":"(anonymous_0)","decl":{"start":{"line":3,"column":15},"end":{"line":3,"column":16}},"loc":{"start":{"line":3,"column":41},"end":{"line":15,"column":1}},"line":3},"1":{"name":"(anonymous_1)","decl":{"start":{"line":4,"column":10},"end":{"line":4,"column":11}},"loc":{"start":{"line":4,"column":26},"end":{"line":14,"column":2}},"line":4}},"branchMap":{"0":{"loc":{"start":{"line":6,"column":3},"end":{"line":9,"column":4}},"type":"if","locations":[{"start":{"line":6,"column":3},"end":{"line":9,"column":4}},{"start":{"line":6,"column":3},"end":{"line":9,"column":4}}],"line":6},"1":{"loc":{"start":{"line":11,"column":3},"end":{"line":13,"column":4}},"type":"if","locations":[{"start":{"line":11,"column":3},"end":{"line":13,"column":4}},{"start":{"line":11,"column":3},"end":{"line":13,"column":4}}],"line":11}},"s":{"0":1,"1":1,"2":1,"3":3,"4":3,"5":3,"6":1,"7":1,"8":2,"9":2,"10":1,"11":1},"f":{"0":3,"1":3},"b":{"0":[1,2],"1":[1,1]},"_coverageSchema":"1a1c01bbd47fc00a2c39e90264f33305004495a9","hash":"cad82e7cc7ad6bbb8580ec2aa6600abcc9d91672"}
,"C:\\Users\\user\\Desktop\\find_your_hat_redux\\src\\reducers\\game-status.js": {"path":"C:\\Users\\user\\Desktop\\find_your_hat_redux\\src\\reducers\\game-status.js","statementMap":{"0":{"start":{"line":1,"column":19},"end":{"line":1,"column":54}},"1":{"start":{"line":2,"column":20},"end":{"line":2,"column":63}},"2":{"start":{"line":3,"column":21},"end":{"line":6,"column":1}},"3":{"start":{"line":7,"column":26},"end":{"line":43,"column":1}},"4":{"start":{"line":9,"column":1},"end":{"line":42,"column":2}},"5":{"start":{"line":11,"column":3},"end":{"line":15,"column":4}},"6":{"start":{"line":17,"column":3},"end":{"line":21,"column":4}},"7":{"start":{"line":23,"column":3},"end":{"line":27,"column":5}},"8":{"start":{"line":29,"column":3},"end":{"line":33,"column":5}},"9":{"start":{"line":35,"column":3},"end":{"line":39,"column":5}},"10":{"start":{"line":41,"column":3},"end":{"line":41,"column":16}},"11":{"start":{"line":45,"column":0},"end":{"line":45,"column":35}}},"fnMap":{"0":{"name":"(anonymous_0)","decl":{"start":{"line":7,"column":26},"end":{"line":7,"column":27}},"loc":{"start":{"line":7,"column":60},"end":{"line":43,"column":1}},"line":7}},"branchMap":{"0":{"loc":{"start":{"line":7,"column":27},"end":{"line":7,"column":47}},"type":"default-arg","locations":[{"start":{"line":7,"column":35},"end":{"line":7,"column":47}}],"line":7},"1":{"loc":{"start":{"line":9,"column":1},"end":{"line":42,"column":2}},"type":"switch","locations":[{"start":{"line":10,"column":2},"end":{"line":15,"column":4}},{"start":{"line":16,"column":2},"end":{"line":21,"column":4}},{"start":{"line":22,"column":2},"end":{"line":27,"column":5}},{"start":{"line":28,"column":2},"end":{"line":33,"column":5}},{"start":{"line":34,"column":2},"end":{"line":39,"column":5}},{"start":{"line":40,"column":2},"end":{"line":41,"column":16}}],"line":9}},"s":{"0":1,"1":1,"2":1,"3":1,"4":6,"5":1,"6":1,"7":1,"8":1,"9":1,"10":1,"11":1},"f":{"0":6},"b":{"0":[0],"1":[1,1,1,1,1,1]},"_coverageSchema":"1a1c01bbd47fc00a2c39e90264f33305004495a9","hash":"2cef843eb95f53a4a72dd8599a80390388965125"}
,"C:\\Users\\user\\Desktop\\find_your_hat_redux\\src\\reducers\\move.js": {"path":"C:\\Users\\user\\Desktop\\find_your_hat_redux\\src\\reducers\\move.js","statementMap":{"0":{"start":{"line":8,"column":4},"end":{"line":8,"column":45}},"1":{"start":{"line":10,"column":21},"end":{"line":13,"column":1}},"2":{"start":{"line":14,"column":20},"end":{"line":46,"column":1}},"3":{"start":{"line":15,"column":1},"end":{"line":45,"column":2}},"4":{"start":{"line":17,"column":2},"end":{"line":17,"column":30}},"5":{"start":{"line":18,"column":3},"end":{"line":22,"column":5}},"6":{"start":{"line":24,"column":3},"end":{"line":27,"column":5}},"7":{"start":{"line":29,"column":3},"end":{"line":32,"column":5}},"8":{"start":{"line":34,"column":3},"end":{"line":37,"column":5}},"9":{"start":{"line":39,"column":3},"end":{"line":42,"column":5}},"10":{"start":{"line":44,"column":3},"end":{"line":44,"column":16}},"11":{"start":{"line":48,"column":0},"end":{"line":48,"column":29}}},"fnMap":{"0":{"name":"(anonymous_0)","decl":{"start":{"line":14,"column":20},"end":{"line":14,"column":21}},"loc":{"start":{"line":14,"column":59},"end":{"line":46,"column":1}},"line":14}},"branchMap":{"0":{"loc":{"start":{"line":14,"column":29},"end":{"line":14,"column":49}},"type":"default-arg","locations":[{"start":{"line":14,"column":37},"end":{"line":14,"column":49}}],"line":14},"1":{"loc":{"start":{"line":15,"column":1},"end":{"line":45,"column":2}},"type":"switch","locations":[{"start":{"line":16,"column":2},"end":{"line":22,"column":5}},{"start":{"line":23,"column":2},"end":{"line":27,"column":5}},{"start":{"line":28,"column":2},"end":{"line":32,"column":5}},{"start":{"line":33,"column":2},"end":{"line":37,"column":5}},{"start":{"line":38,"column":2},"end":{"line":42,"column":5}},{"start":{"line":43,"column":2},"end":{"line":44,"column":16}}],"line":15}},"s":{"0":1,"1":1,"2":1,"3":6,"4":0,"5":0,"6":1,"7":1,"8":1,"9":1,"10":2,"11":1},"f":{"0":6},"b":{"0":[0],"1":[0,1,1,1,1,2]},"_coverageSchema":"1a1c01bbd47fc00a2c39e90264f33305004495a9","hash":"1152b6aa6c8737cc7f51486dc3a7b64fd42b7aec"}
}
