{"C:\\Users\\user\\Desktop\\find_your_hat_redux\\constants\\colors.js": {"path":"C:\\Users\\user\\Desktop\\find_your_hat_redux\\constants\\colors.js","statementMap":{"0":{"start":{"line":1,"column":31},"end":{"line":1,"column":38}},"1":{"start":{"line":2,"column":19},"end":{"line":2,"column":26}},"2":{"start":{"line":3,"column":19},"end":{"line":3,"column":24}},"3":{"start":{"line":4,"column":24},"end":{"line":4,"column":30}},"4":{"start":{"line":6,"column":0},"end":{"line":6,"column":83}}},"fnMap":{},"branchMap":{},"s":{"0":1,"1":1,"2":1,"3":1,"4":1},"f":{},"b":{},"_coverageSchema":"1a1c01bbd47fc00a2c39e90264f33305004495a9","hash":"ec52edeaed28a2e994fc6abc26c3013e74cce86b"}
,"C:\\Users\\user\\Desktop\\find_your_hat_redux\\lib\\LinkedList.js": {"path":"C:\\Users\\user\\Desktop\\find_your_hat_redux\\lib\\LinkedList.js","statementMap":{"0":{"start":{"line":1,"column":13},"end":{"line":1,"column":30}},"1":{"start":{"line":5,"column":4},"end":{"line":5,"column":21}},"2":{"start":{"line":9,"column":21},"end":{"line":9,"column":36}},"3":{"start":{"line":10,"column":24},"end":{"line":10,"column":33}},"4":{"start":{"line":11,"column":4},"end":{"line":11,"column":25}},"5":{"start":{"line":12,"column":4},"end":{"line":14,"column":5}},"6":{"start":{"line":13,"column":6},"end":{"line":13,"column":41}},"7":{"start":{"line":18,"column":19},"end":{"line":18,"column":28}},"8":{"start":{"line":19,"column":4},"end":{"line":27,"column":5}},"9":{"start":{"line":20,"column":6},"end":{"line":20,"column":34}},"10":{"start":{"line":22,"column":17},"end":{"line":22,"column":26}},"11":{"start":{"line":23,"column":6},"end":{"line":25,"column":7}},"12":{"start":{"line":24,"column":8},"end":{"line":24,"column":34}},"13":{"start":{"line":26,"column":6},"end":{"line":26,"column":40}},"14":{"start":{"line":31,"column":18},"end":{"line":31,"column":27}},"15":{"start":{"line":33,"column":4},"end":{"line":38,"column":5}},"16":{"start":{"line":34,"column":6},"end":{"line":36,"column":7}},"17":{"start":{"line":35,"column":8},"end":{"line":35,"column":23}},"18":{"start":{"line":37,"column":6},"end":{"line":37,"column":38}},"19":{"start":{"line":39,"column":4},"end":{"line":39,"column":16}},"20":{"start":{"line":43,"column":24},"end":{"line":43,"column":33}},"21":{"start":{"line":44,"column":4},"end":{"line":44,"column":29}},"22":{"start":{"line":44,"column":22},"end":{"line":44,"column":29}},"23":{"start":{"line":46,"column":4},"end":{"line":48,"column":5}},"24":{"start":{"line":47,"column":6},"end":{"line":47,"column":35}},"25":{"start":{"line":49,"column":4},"end":{"line":49,"column":28}},"26":{"start":{"line":53,"column":16},"end":{"line":53,"column":17}},"27":{"start":{"line":54,"column":22},"end":{"line":54,"column":31}},"28":{"start":{"line":56,"column":4},"end":{"line":59,"column":5}},"29":{"start":{"line":57,"column":6},"end":{"line":57,"column":14}},"30":{"start":{"line":58,"column":6},"end":{"line":58,"column":37}},"31":{"start":{"line":60,"column":4},"end":{"line":60,"column":17}},"32":{"start":{"line":64,"column":0},"end":{"line":64,"column":28}}},"fnMap":{"0":{"name":"(anonymous_0)","decl":{"start":{"line":4,"column":2},"end":{"line":4,"column":3}},"loc":{"start":{"line":4,"column":16},"end":{"line":6,"column":3}},"line":4},"1":{"name":"(anonymous_1)","decl":{"start":{"line":8,"column":2},"end":{"line":8,"column":3}},"loc":{"start":{"line":8,"column":19},"end":{"line":15,"column":3}},"line":8},"2":{"name":"(anonymous_2)","decl":{"start":{"line":17,"column":2},"end":{"line":17,"column":3}},"loc":{"start":{"line":17,"column":19},"end":{"line":28,"column":3}},"line":17},"3":{"name":"(anonymous_3)","decl":{"start":{"line":30,"column":2},"end":{"line":30,"column":3}},"loc":{"start":{"line":30,"column":34},"end":{"line":40,"column":3}},"line":30},"4":{"name":"(anonymous_4)","decl":{"start":{"line":42,"column":2},"end":{"line":42,"column":3}},"loc":{"start":{"line":42,"column":15},"end":{"line":50,"column":3}},"line":42},"5":{"name":"(anonymous_5)","decl":{"start":{"line":52,"column":2},"end":{"line":52,"column":3}},"loc":{"start":{"line":52,"column":13},"end":{"line":61,"column":3}},"line":52}},"branchMap":{"0":{"loc":{"start":{"line":12,"column":4},"end":{"line":14,"column":5}},"type":"if","locations":[{"start":{"line":12,"column":4},"end":{"line":14,"column":5}},{"start":{"line":12,"column":4},"end":{"line":14,"column":5}}],"line":12},"1":{"loc":{"start":{"line":19,"column":4},"end":{"line":27,"column":5}},"type":"if","locations":[{"start":{"line":19,"column":4},"end":{"line":27,"column":5}},{"start":{"line":19,"column":4},"end":{"line":27,"column":5}}],"line":19},"2":{"loc":{"start":{"line":34,"column":6},"end":{"line":36,"column":7}},"type":"if","locations":[{"start":{"line":34,"column":6},"end":{"line":36,"column":7}},{"start":{"line":34,"column":6},"end":{"line":36,"column":7}}],"line":34},"3":{"loc":{"start":{"line":44,"column":4},"end":{"line":44,"column":29}},"type":"if","locations":[{"start":{"line":44,"column":4},"end":{"line":44,"column":29}},{"start":{"line":44,"column":4},"end":{"line":44,"column":29}}],"line":44},"4":{"loc":{"start":{"line":46,"column":4},"end":{"line":48,"column":5}},"type":"if","locations":[{"start":{"line":46,"column":4},"end":{"line":48,"column":5}},{"start":{"line":46,"column":4},"end":{"line":48,"column":5}}],"line":46}},"s":{"0":1,"1":1,"2":203,"3":203,"4":203,"5":203,"6":202,"7":0,"8":0,"9":0,"10":0,"11":0,"12":0,"13":0,"14":0,"15":0,"16":0,"17":0,"18":0,"19":0,"20":203,"21":203,"22":0,"23":203,"24":202,"25":203,"26":0,"27":0,"28":0,"29":0,"30":0,"31":0,"32":1},"f":{"0":1,"1":203,"2":0,"3":0,"4":203,"5":0},"b":{"0":[202,1],"1":[0,0],"2":[0,0],"3":[0,203],"4":[202,1]},"_coverageSchema":"1a1c01bbd47fc00a2c39e90264f33305004495a9","hash":"c64e69c8ff9b93bb08016ab731ad9c630f405233"}
,"C:\\Users\\user\\Desktop\\find_your_hat_redux\\lib\\Stack.js": {"path":"C:\\Users\\user\\Desktop\\find_your_hat_redux\\lib\\Stack.js","statementMap":{"0":{"start":{"line":1,"column":19},"end":{"line":1,"column":42}},"1":{"start":{"line":5,"column":4},"end":{"line":5,"column":34}},"2":{"start":{"line":6,"column":4},"end":{"line":6,"column":27}},"3":{"start":{"line":7,"column":4},"end":{"line":7,"column":18}},"4":{"start":{"line":12,"column":4},"end":{"line":12,"column":36}},"5":{"start":{"line":16,"column":4},"end":{"line":16,"column":27}},"6":{"start":{"line":20,"column":4},"end":{"line":25,"column":5}},"7":{"start":{"line":21,"column":6},"end":{"line":21,"column":34}},"8":{"start":{"line":22,"column":6},"end":{"line":22,"column":18}},"9":{"start":{"line":24,"column":6},"end":{"line":24,"column":39}},"10":{"start":{"line":29,"column":4},"end":{"line":35,"column":5}},"11":{"start":{"line":30,"column":20},"end":{"line":30,"column":43}},"12":{"start":{"line":31,"column":6},"end":{"line":31,"column":18}},"13":{"start":{"line":32,"column":6},"end":{"line":32,"column":19}},"14":{"start":{"line":34,"column":6},"end":{"line":34,"column":40}},"15":{"start":{"line":39,"column":4},"end":{"line":43,"column":5}},"16":{"start":{"line":40,"column":6},"end":{"line":40,"column":34}},"17":{"start":{"line":42,"column":6},"end":{"line":42,"column":18}},"18":{"start":{"line":48,"column":0},"end":{"line":48,"column":23}}},"fnMap":{"0":{"name":"(anonymous_0)","decl":{"start":{"line":4,"column":2},"end":{"line":4,"column":3}},"loc":{"start":{"line":4,"column":34},"end":{"line":8,"column":3}},"line":4},"1":{"name":"(anonymous_1)","decl":{"start":{"line":11,"column":2},"end":{"line":11,"column":3}},"loc":{"start":{"line":11,"column":12},"end":{"line":13,"column":3}},"line":11},"2":{"name":"(anonymous_2)","decl":{"start":{"line":15,"column":2},"end":{"line":15,"column":3}},"loc":{"start":{"line":15,"column":12},"end":{"line":17,"column":3}},"line":15},"3":{"name":"(anonymous_3)","decl":{"start":{"line":19,"column":2},"end":{"line":19,"column":3}},"loc":{"start":{"line":19,"column":14},"end":{"line":26,"column":3}},"line":19},"4":{"name":"(anonymous_4)","decl":{"start":{"line":28,"column":2},"end":{"line":28,"column":3}},"loc":{"start":{"line":28,"column":8},"end":{"line":36,"column":3}},"line":28},"5":{"name":"(anonymous_5)","decl":{"start":{"line":38,"column":2},"end":{"line":38,"column":3}},"loc":{"start":{"line":38,"column":9},"end":{"line":44,"column":3}},"line":38}},"branchMap":{"0":{"loc":{"start":{"line":4,"column":14},"end":{"line":4,"column":32}},"type":"default-arg","locations":[{"start":{"line":4,"column":24},"end":{"line":4,"column":32}}],"line":4},"1":{"loc":{"start":{"line":20,"column":4},"end":{"line":25,"column":5}},"type":"if","locations":[{"start":{"line":20,"column":4},"end":{"line":25,"column":5}},{"start":{"line":20,"column":4},"end":{"line":25,"column":5}}],"line":20},"2":{"loc":{"start":{"line":29,"column":4},"end":{"line":35,"column":5}},"type":"if","locations":[{"start":{"line":29,"column":4},"end":{"line":35,"column":5}},{"start":{"line":29,"column":4},"end":{"line":35,"column":5}}],"line":29},"3":{"loc":{"start":{"line":39,"column":4},"end":{"line":43,"column":5}},"type":"if","locations":[{"start":{"line":39,"column":4},"end":{"line":43,"column":5}},{"start":{"line":39,"column":4},"end":{"line":43,"column":5}}],"line":39}},"s":{"0":1,"1":1,"2":1,"3":1,"4":203,"5":407,"6":203,"7":203,"8":203,"9":0,"10":203,"11":203,"12":203,"13":203,"14":0,"15":0,"16":0,"17":0,"18":1},"f":{"0":1,"1":203,"2":407,"3":203,"4":203,"5":0},"b":{"0":[1],"1":[203,0],"2":[203,0],"3":[0,0]},"_coverageSchema":"1a1c01bbd47fc00a2c39e90264f33305004495a9","hash":"15c2b543f5e427a2a909a35cc8bb02d3177fd7e0"}
,"C:\\Users\\user\\Desktop\\find_your_hat_redux\\lib\\maze-generator.js": {"path":"C:\\Users\\user\\Desktop\\find_your_hat_redux\\lib\\maze-generator.js","statementMap":{"0":{"start":{"line":1,"column":14},"end":{"line":1,"column":32}},"1":{"start":{"line":2,"column":13},"end":{"line":2,"column":35}},"2":{"start":{"line":3,"column":22},"end":{"line":3,"column":23}},"3":{"start":{"line":7,"column":8},"end":{"line":7,"column":23}},"4":{"start":{"line":8,"column":2},"end":{"line":12,"column":3}},"5":{"start":{"line":8,"column":15},"end":{"line":8,"column":16}},"6":{"start":{"line":9,"column":3},"end":{"line":9,"column":21}},"7":{"start":{"line":10,"column":3},"end":{"line":11,"column":24}},"8":{"start":{"line":10,"column":16},"end":{"line":10,"column":17}},"9":{"start":{"line":11,"column":4},"end":{"line":11,"column":24}},"10":{"start":{"line":13,"column":8},"end":{"line":13,"column":29}},"11":{"start":{"line":14,"column":2},"end":{"line":14,"column":27}},"12":{"start":{"line":18,"column":2},"end":{"line":18,"column":42}},"13":{"start":{"line":22,"column":8},"end":{"line":22,"column":39}},"14":{"start":{"line":23,"column":8},"end":{"line":30,"column":9}},"15":{"start":{"line":24,"column":25},"end":{"line":24,"column":41}},"16":{"start":{"line":25,"column":12},"end":{"line":29,"column":13}},"17":{"start":{"line":26,"column":16},"end":{"line":26,"column":46}},"18":{"start":{"line":27,"column":34},"end":{"line":27,"column":58}},"19":{"start":{"line":28,"column":16},"end":{"line":28,"column":56}},"20":{"start":{"line":34,"column":17},"end":{"line":34,"column":19}},"21":{"start":{"line":35,"column":8},"end":{"line":37,"column":9}},"22":{"start":{"line":35,"column":20},"end":{"line":35,"column":21}},"23":{"start":{"line":36,"column":12},"end":{"line":36,"column":49}},"24":{"start":{"line":38,"column":8},"end":{"line":38,"column":29}},"25":{"start":{"line":42,"column":17},"end":{"line":42,"column":19}},"26":{"start":{"line":43,"column":8},"end":{"line":48,"column":9}},"27":{"start":{"line":43,"column":21},"end":{"line":43,"column":22}},"28":{"start":{"line":44,"column":12},"end":{"line":46,"column":13}},"29":{"start":{"line":44,"column":25},"end":{"line":44,"column":26}},"30":{"start":{"line":45,"column":16},"end":{"line":45,"column":63}},"31":{"start":{"line":47,"column":12},"end":{"line":47,"column":23}},"32":{"start":{"line":49,"column":8},"end":{"line":49,"column":29}},"33":{"start":{"line":53,"column":33},"end":{"line":53,"column":34}},"34":{"start":{"line":54,"column":8},"end":{"line":60,"column":9}},"35":{"start":{"line":54,"column":21},"end":{"line":54,"column":29}},"36":{"start":{"line":55,"column":12},"end":{"line":59,"column":13}},"37":{"start":{"line":55,"column":25},"end":{"line":55,"column":33}},"38":{"start":{"line":56,"column":16},"end":{"line":58,"column":17}},"39":{"start":{"line":57,"column":20},"end":{"line":57,"column":41}},"40":{"start":{"line":62,"column":8},"end":{"line":62,"column":74}},"41":{"start":{"line":67,"column":8},"end":{"line":71,"column":9}},"42":{"start":{"line":68,"column":12},"end":{"line":68,"column":50}},"43":{"start":{"line":69,"column":12},"end":{"line":69,"column":48}},"44":{"start":{"line":70,"column":3},"end":{"line":70,"column":32}},"45":{"start":{"line":75,"column":26},"end":{"line":75,"column":28}},"46":{"start":{"line":76,"column":8},"end":{"line":83,"column":9}},"47":{"start":{"line":76,"column":21},"end":{"line":76,"column":29}},"48":{"start":{"line":77,"column":12},"end":{"line":82,"column":13}},"49":{"start":{"line":77,"column":25},"end":{"line":77,"column":33}},"50":{"start":{"line":78,"column":16},"end":{"line":81,"column":17}},"51":{"start":{"line":80,"column":20},"end":{"line":80,"column":51}},"52":{"start":{"line":84,"column":8},"end":{"line":84,"column":25}},"53":{"start":{"line":88,"column":8},"end":{"line":88,"column":76}},"54":{"start":{"line":92,"column":8},"end":{"line":92,"column":44}},"55":{"start":{"line":96,"column":8},"end":{"line":96,"column":45}},"56":{"start":{"line":100,"column":0},"end":{"line":100,"column":31}}},"fnMap":{"0":{"name":"(anonymous_0)","decl":{"start":{"line":6,"column":4},"end":{"line":6,"column":5}},"loc":{"start":{"line":6,"column":21},"end":{"line":15,"column":5}},"line":6},"1":{"name":"(anonymous_1)","decl":{"start":{"line":17,"column":1},"end":{"line":17,"column":2}},"loc":{"start":{"line":17,"column":12},"end":{"line":19,"column":2}},"line":17},"2":{"name":"(anonymous_2)","decl":{"start":{"line":21,"column":4},"end":{"line":21,"column":5}},"loc":{"start":{"line":21,"column":19},"end":{"line":31,"column":5}},"line":21},"3":{"name":"(anonymous_3)","decl":{"start":{"line":33,"column":4},"end":{"line":33,"column":5}},"loc":{"start":{"line":33,"column":17},"end":{"line":39,"column":5}},"line":33},"4":{"name":"(anonymous_4)","decl":{"start":{"line":41,"column":5},"end":{"line":41,"column":6}},"loc":{"start":{"line":41,"column":23},"end":{"line":50,"column":5}},"line":41},"5":{"name":"(anonymous_5)","decl":{"start":{"line":52,"column":4},"end":{"line":52,"column":5}},"loc":{"start":{"line":52,"column":24},"end":{"line":63,"column":5}},"line":52},"6":{"name":"(anonymous_6)","decl":{"start":{"line":65,"column":4},"end":{"line":65,"column":5}},"loc":{"start":{"line":65,"column":35},"end":{"line":72,"column":5}},"line":65},"7":{"name":"(anonymous_7)","decl":{"start":{"line":74,"column":4},"end":{"line":74,"column":5}},"loc":{"start":{"line":74,"column":24},"end":{"line":85,"column":5}},"line":74},"8":{"name":"(anonymous_8)","decl":{"start":{"line":87,"column":4},"end":{"line":87,"column":5}},"loc":{"start":{"line":87,"column":22},"end":{"line":89,"column":5}},"line":87},"9":{"name":"(anonymous_9)","decl":{"start":{"line":91,"column":4},"end":{"line":91,"column":5}},"loc":{"start":{"line":91,"column":31},"end":{"line":93,"column":5}},"line":91},"10":{"name":"(anonymous_10)","decl":{"start":{"line":95,"column":4},"end":{"line":95,"column":5}},"loc":{"start":{"line":95,"column":29},"end":{"line":97,"column":5}},"line":95}},"branchMap":{"0":{"loc":{"start":{"line":25,"column":12},"end":{"line":29,"column":13}},"type":"if","locations":[{"start":{"line":25,"column":12},"end":{"line":29,"column":13}},{"start":{"line":25,"column":12},"end":{"line":29,"column":13}}],"line":25},"1":{"loc":{"start":{"line":45,"column":23},"end":{"line":45,"column":55}},"type":"cond-expr","locations":[{"start":{"line":45,"column":46},"end":{"line":45,"column":49}},{"start":{"line":45,"column":52},"end":{"line":45,"column":55}}],"line":45},"2":{"loc":{"start":{"line":56,"column":16},"end":{"line":58,"column":17}},"type":"if","locations":[{"start":{"line":56,"column":16},"end":{"line":58,"column":17}},{"start":{"line":56,"column":16},"end":{"line":58,"column":17}}],"line":56},"3":{"loc":{"start":{"line":56,"column":20},"end":{"line":56,"column":99}},"type":"binary-expr","locations":[{"start":{"line":56,"column":20},"end":{"line":56,"column":42}},{"start":{"line":56,"column":46},"end":{"line":56,"column":75}},{"start":{"line":56,"column":79},"end":{"line":56,"column":99}}],"line":56},"4":{"loc":{"start":{"line":62,"column":15},"end":{"line":62,"column":73}},"type":"binary-expr","locations":[{"start":{"line":62,"column":16},"end":{"line":62,"column":38}},{"start":{"line":62,"column":43},"end":{"line":62,"column":73}}],"line":62},"5":{"loc":{"start":{"line":78,"column":16},"end":{"line":81,"column":17}},"type":"if","locations":[{"start":{"line":78,"column":16},"end":{"line":81,"column":17}},{"start":{"line":78,"column":16},"end":{"line":81,"column":17}}],"line":78},"6":{"loc":{"start":{"line":78,"column":20},"end":{"line":79,"column":52}},"type":"binary-expr","locations":[{"start":{"line":78,"column":20},"end":{"line":78,"column":42}},{"start":{"line":78,"column":46},"end":{"line":78,"column":77}},{"start":{"line":79,"column":23},"end":{"line":79,"column":52}}],"line":78},"7":{"loc":{"start":{"line":88,"column":15},"end":{"line":88,"column":75}},"type":"binary-expr","locations":[{"start":{"line":88,"column":15},"end":{"line":88,"column":21}},{"start":{"line":88,"column":25},"end":{"line":88,"column":31}},{"start":{"line":88,"column":35},"end":{"line":88,"column":53}},{"start":{"line":88,"column":57},"end":{"line":88,"column":75}}],"line":88},"8":{"loc":{"start":{"line":92,"column":16},"end":{"line":92,"column":42}},"type":"binary-expr","locations":[{"start":{"line":92,"column":16},"end":{"line":92,"column":27}},{"start":{"line":92,"column":31},"end":{"line":92,"column":42}}],"line":92},"9":{"loc":{"start":{"line":96,"column":17},"end":{"line":96,"column":43}},"type":"binary-expr","locations":[{"start":{"line":96,"column":17},"end":{"line":96,"column":28}},{"start":{"line":96,"column":32},"end":{"line":96,"column":43}}],"line":96}},"s":{"0":1,"1":1,"2":1,"3":1,"4":1,"5":1,"6":10,"7":10,"8":10,"9":100,"10":1,"11":1,"12":202,"13":1,"14":1,"15":203,"16":203,"17":58,"18":58,"19":58,"20":0,"21":0,"22":0,"23":0,"24":0,"25":0,"26":0,"27":0,"28":0,"29":0,"30":0,"31":0,"32":0,"33":203,"34":203,"35":203,"36":609,"37":609,"38":1827,"39":638,"40":203,"41":58,"42":202,"43":202,"44":202,"45":58,"46":58,"47":58,"48":174,"49":174,"50":522,"51":202,"52":58,"53":2349,"54":435,"55":1872,"56":1},"f":{"0":1,"1":202,"2":1,"3":0,"4":0,"5":203,"6":58,"7":58,"8":2349,"9":435,"10":1872},"b":{"0":[58,145],"1":[0,0],"2":[638,1189],"3":[1827,1612,1409],"4":[203,77],"5":[202,320],"6":[522,435,260],"7":[2349,2286,2208,2120],"8":[435,277],"9":[1872,730]},"_coverageSchema":"1a1c01bbd47fc00a2c39e90264f33305004495a9","hash":"2b97e543174be584476210fc2776d4259d8d3f7c"}
,"C:\\Users\\user\\Desktop\\find_your_hat_redux\\lib\\maze-node.js": {"path":"C:\\Users\\user\\Desktop\\find_your_hat_redux\\lib\\maze-node.js","statementMap":{"0":{"start":{"line":4,"column":2},"end":{"line":4,"column":13}},"1":{"start":{"line":5,"column":2},"end":{"line":5,"column":13}},"2":{"start":{"line":9,"column":0},"end":{"line":9,"column":26}}},"fnMap":{"0":{"name":"(anonymous_0)","decl":{"start":{"line":3,"column":1},"end":{"line":3,"column":2}},"loc":{"start":{"line":3,"column":19},"end":{"line":6,"column":2}},"line":3}},"branchMap":{},"s":{"0":203,"1":203,"2":1},"f":{"0":203},"b":{},"_coverageSchema":"1a1c01bbd47fc00a2c39e90264f33305004495a9","hash":"4f48ca46fbcca1ef6a4d7e4334adb9a157fb6ec9"}
,"C:\\Users\\user\\Desktop\\find_your_hat_redux\\lib\\node.js": {"path":"C:\\Users\\user\\Desktop\\find_your_hat_redux\\lib\\node.js","statementMap":{"0":{"start":{"line":3,"column":4},"end":{"line":3,"column":21}},"1":{"start":{"line":4,"column":4},"end":{"line":4,"column":21}},"2":{"start":{"line":8,"column":4},"end":{"line":10,"column":5}},"3":{"start":{"line":9,"column":6},"end":{"line":9,"column":70}},"4":{"start":{"line":11,"column":4},"end":{"line":11,"column":21}},"5":{"start":{"line":15,"column":4},"end":{"line":15,"column":21}},"6":{"start":{"line":19,"column":4},"end":{"line":19,"column":21}},"7":{"start":{"line":23,"column":0},"end":{"line":23,"column":22}}},"fnMap":{"0":{"name":"(anonymous_0)","decl":{"start":{"line":2,"column":2},"end":{"line":2,"column":3}},"loc":{"start":{"line":2,"column":20},"end":{"line":5,"column":3}},"line":2},"1":{"name":"(anonymous_1)","decl":{"start":{"line":7,"column":2},"end":{"line":7,"column":3}},"loc":{"start":{"line":7,"column":20},"end":{"line":12,"column":3}},"line":7},"2":{"name":"(anonymous_2)","decl":{"start":{"line":14,"column":2},"end":{"line":14,"column":3}},"loc":{"start":{"line":14,"column":16},"end":{"line":16,"column":3}},"line":14},"3":{"name":"(anonymous_3)","decl":{"start":{"line":18,"column":2},"end":{"line":18,"column":3}},"loc":{"start":{"line":18,"column":16},"end":{"line":20,"column":3}},"line":18}},"branchMap":{"0":{"loc":{"start":{"line":8,"column":4},"end":{"line":10,"column":5}},"type":"if","locations":[{"start":{"line":8,"column":4},"end":{"line":10,"column":5}},{"start":{"line":8,"column":4},"end":{"line":10,"column":5}}],"line":8}},"s":{"0":203,"1":203,"2":202,"3":0,"4":202,"5":0,"6":0,"7":1},"f":{"0":203,"1":202,"2":0,"3":0},"b":{"0":[0,202]},"_coverageSchema":"1a1c01bbd47fc00a2c39e90264f33305004495a9","hash":"6fbd6fedcef84396247d1891d32772c1424f6aa7"}
,"C:\\Users\\user\\Desktop\\find_your_hat_redux\\src\\actions\\game-status.js": {"path":"C:\\Users\\user\\Desktop\\find_your_hat_redux\\src\\actions\\game-status.js","statementMap":{"0":{"start":{"line":1,"column":20},"end":{"line":1,"column":63}},"1":{"start":{"line":2,"column":13},"end":{"line":2,"column":57}},"2":{"start":{"line":2,"column":20},"end":{"line":2,"column":56}},"3":{"start":{"line":3,"column":16},"end":{"line":3,"column":63}},"4":{"start":{"line":3,"column":23},"end":{"line":3,"column":62}},"5":{"start":{"line":4,"column":17},"end":{"line":4,"column":61}},"6":{"start":{"line":4,"column":24},"end":{"line":4,"column":60}},"7":{"start":{"line":5,"column":16},"end":{"line":5,"column":59}},"8":{"start":{"line":5,"column":23},"end":{"line":5,"column":58}},"9":{"start":{"line":7,"column":0},"end":{"line":14,"column":2}}},"fnMap":{"0":{"name":"(anonymous_0)","decl":{"start":{"line":2,"column":13},"end":{"line":2,"column":14}},"loc":{"start":{"line":2,"column":20},"end":{"line":2,"column":56}},"line":2},"1":{"name":"(anonymous_1)","decl":{"start":{"line":3,"column":16},"end":{"line":3,"column":17}},"loc":{"start":{"line":3,"column":23},"end":{"line":3,"column":62}},"line":3},"2":{"name":"(anonymous_2)","decl":{"start":{"line":4,"column":17},"end":{"line":4,"column":18}},"loc":{"start":{"line":4,"column":24},"end":{"line":4,"column":60}},"line":4},"3":{"name":"(anonymous_3)","decl":{"start":{"line":5,"column":16},"end":{"line":5,"column":17}},"loc":{"start":{"line":5,"column":23},"end":{"line":5,"column":58}},"line":5}},"branchMap":{},"s":{"0":1,"1":1,"2":1,"3":1,"4":1,"5":1,"6":1,"7":1,"8":1,"9":1},"f":{"0":1,"1":1,"2":1,"3":1},"b":{},"_coverageSchema":"1a1c01bbd47fc00a2c39e90264f33305004495a9","hash":"e083386b82ae6ccc8b1e80715f223fee44390af3"}
,"C:\\Users\\user\\Desktop\\find_your_hat_redux\\src\\actions\\move.js": {"path":"C:\\Users\\user\\Desktop\\find_your_hat_redux\\src\\actions\\move.js","statementMap":{"0":{"start":{"line":1,"column":20},"end":{"line":1,"column":61}},"1":{"start":{"line":2,"column":15},"end":{"line":2,"column":57}},"2":{"start":{"line":2,"column":22},"end":{"line":2,"column":56}},"3":{"start":{"line":3,"column":17},"end":{"line":3,"column":61}},"4":{"start":{"line":3,"column":24},"end":{"line":3,"column":60}},"5":{"start":{"line":4,"column":17},"end":{"line":4,"column":61}},"6":{"start":{"line":4,"column":24},"end":{"line":4,"column":60}},"7":{"start":{"line":5,"column":18},"end":{"line":5,"column":63}},"8":{"start":{"line":5,"column":25},"end":{"line":5,"column":62}},"9":{"start":{"line":7,"column":0},"end":{"line":12,"column":2}}},"fnMap":{"0":{"name":"(anonymous_0)","decl":{"start":{"line":2,"column":15},"end":{"line":2,"column":16}},"loc":{"start":{"line":2,"column":22},"end":{"line":2,"column":56}},"line":2},"1":{"name":"(anonymous_1)","decl":{"start":{"line":3,"column":17},"end":{"line":3,"column":18}},"loc":{"start":{"line":3,"column":24},"end":{"line":3,"column":60}},"line":3},"2":{"name":"(anonymous_2)","decl":{"start":{"line":4,"column":17},"end":{"line":4,"column":18}},"loc":{"start":{"line":4,"column":24},"end":{"line":4,"column":60}},"line":4},"3":{"name":"(anonymous_3)","decl":{"start":{"line":5,"column":18},"end":{"line":5,"column":19}},"loc":{"start":{"line":5,"column":25},"end":{"line":5,"column":62}},"line":5}},"branchMap":{},"s":{"0":2,"1":2,"2":9,"3":2,"4":9,"5":2,"6":7,"7":2,"8":7,"9":2},"f":{"0":9,"1":9,"2":7,"3":7},"b":{},"_coverageSchema":"1a1c01bbd47fc00a2c39e90264f33305004495a9","hash":"5b00342dc3535069749db4a0f344fb155d4b1d5c"}
,"C:\\Users\\user\\Desktop\\find_your_hat_redux\\src\\components\\confirm.js": {"path":"C:\\Users\\user\\Desktop\\find_your_hat_redux\\src\\components\\confirm.js","statementMap":{"0":{"start":{"line":1,"column":14},"end":{"line":1,"column":30}},"1":{"start":{"line":2,"column":20},"end":{"line":2,"column":34}},"2":{"start":{"line":6,"column":2},"end":{"line":11,"column":4}},"3":{"start":{"line":15,"column":0},"end":{"line":15,"column":22}}},"fnMap":{"0":{"name":"(anonymous_0)","decl":{"start":{"line":5,"column":1},"end":{"line":5,"column":2}},"loc":{"start":{"line":5,"column":10},"end":{"line":12,"column":2}},"line":5}},"branchMap":{},"s":{"0":2,"1":2,"2":4,"3":2},"f":{"0":4},"b":{},"_coverageSchema":"1a1c01bbd47fc00a2c39e90264f33305004495a9","hash":"ea3a8a1a7ab78b56ce1521784e114b645d7ab26c"}
,"C:\\Users\\user\\Desktop\\find_your_hat_redux\\src\\components\\exit.js": {"path":"C:\\Users\\user\\Desktop\\find_your_hat_redux\\src\\components\\exit.js","statementMap":{"0":{"start":{"line":1,"column":14},"end":{"line":1,"column":30}},"1":{"start":{"line":2,"column":20},"end":{"line":2,"column":34}},"2":{"start":{"line":3,"column":18},"end":{"line":3,"column":39}},"3":{"start":{"line":4,"column":16},"end":{"line":4,"column":38}},"4":{"start":{"line":8,"column":2},"end":{"line":13,"column":4}},"5":{"start":{"line":17,"column":0},"end":{"line":17,"column":22}}},"fnMap":{"0":{"name":"(anonymous_0)","decl":{"start":{"line":7,"column":1},"end":{"line":7,"column":2}},"loc":{"start":{"line":7,"column":10},"end":{"line":14,"column":2}},"line":7}},"branchMap":{},"s":{"0":2,"1":2,"2":2,"3":2,"4":4,"5":2},"f":{"0":4},"b":{},"_coverageSchema":"1a1c01bbd47fc00a2c39e90264f33305004495a9","hash":"b7a010e9c01eb7ec5ebf0a93e6e3d0f0d823dc26"}
,"C:\\Users\\user\\Desktop\\find_your_hat_redux\\src\\components\\game-win.js": {"path":"C:\\Users\\user\\Desktop\\find_your_hat_redux\\src\\components\\game-win.js","statementMap":{"0":{"start":{"line":1,"column":14},"end":{"line":1,"column":30}},"1":{"start":{"line":2,"column":20},"end":{"line":2,"column":34}},"2":{"start":{"line":6,"column":2},"end":{"line":10,"column":4}},"3":{"start":{"line":14,"column":0},"end":{"line":14,"column":25}}},"fnMap":{"0":{"name":"(anonymous_0)","decl":{"start":{"line":5,"column":1},"end":{"line":5,"column":2}},"loc":{"start":{"line":5,"column":10},"end":{"line":11,"column":2}},"line":5}},"branchMap":{},"s":{"0":2,"1":2,"2":3,"3":2},"f":{"0":3},"b":{},"_coverageSchema":"1a1c01bbd47fc00a2c39e90264f33305004495a9","hash":"87341631ec139014a620ffd88651778b36d83e75"}
,"C:\\Users\\user\\Desktop\\find_your_hat_redux\\src\\components\\game.js": {"path":"C:\\Users\\user\\Desktop\\find_your_hat_redux\\src\\components\\game.js","statementMap":{"0":{"start":{"line":1,"column":14},"end":{"line":1,"column":30}},"1":{"start":{"line":2,"column":30},"end":{"line":2,"column":44}},"2":{"start":{"line":4,"column":74},"end":{"line":4,"column":110}},"3":{"start":{"line":9,"column":2},"end":{"line":9,"column":15}},"4":{"start":{"line":12,"column":2},"end":{"line":18,"column":3}},"5":{"start":{"line":13,"column":3},"end":{"line":17,"column":4}},"6":{"start":{"line":14,"column":4},"end":{"line":14,"column":27}},"7":{"start":{"line":16,"column":4},"end":{"line":16,"column":34}},"8":{"start":{"line":19,"column":2},"end":{"line":21,"column":3}},"9":{"start":{"line":20,"column":3},"end":{"line":20,"column":21}},"10":{"start":{"line":23,"column":2},"end":{"line":23,"column":20}},"11":{"start":{"line":27,"column":16},"end":{"line":27,"column":18}},"12":{"start":{"line":29,"column":3},"end":{"line":42,"column":3}},"13":{"start":{"line":29,"column":16},"end":{"line":29,"column":17}},"14":{"start":{"line":30,"column":17},"end":{"line":30,"column":19}},"15":{"start":{"line":31,"column":4},"end":{"line":40,"column":4}},"16":{"start":{"line":31,"column":17},"end":{"line":31,"column":18}},"17":{"start":{"line":32,"column":18},"end":{"line":32,"column":37}},"18":{"start":{"line":33,"column":16},"end":{"line":33,"column":31}},"19":{"start":{"line":34,"column":5},"end":{"line":38,"column":7}},"20":{"start":{"line":41,"column":3},"end":{"line":41,"column":54}},"21":{"start":{"line":44,"column":2},"end":{"line":44,"column":50}},"22":{"start":{"line":48,"column":0},"end":{"line":48,"column":22}}},"fnMap":{"0":{"name":"(anonymous_0)","decl":{"start":{"line":8,"column":1},"end":{"line":8,"column":2}},"loc":{"start":{"line":8,"column":20},"end":{"line":10,"column":2}},"line":8},"1":{"name":"(anonymous_1)","decl":{"start":{"line":11,"column":1},"end":{"line":11,"column":2}},"loc":{"start":{"line":11,"column":16},"end":{"line":24,"column":2}},"line":11},"2":{"name":"(anonymous_2)","decl":{"start":{"line":26,"column":1},"end":{"line":26,"column":2}},"loc":{"start":{"line":26,"column":10},"end":{"line":45,"column":2}},"line":26}},"branchMap":{"0":{"loc":{"start":{"line":12,"column":2},"end":{"line":18,"column":3}},"type":"if","locations":[{"start":{"line":12,"column":2},"end":{"line":18,"column":3}},{"start":{"line":12,"column":2},"end":{"line":18,"column":3}}],"line":12},"1":{"loc":{"start":{"line":12,"column":6},"end":{"line":12,"column":64}},"type":"binary-expr","locations":[{"start":{"line":12,"column":6},"end":{"line":12,"column":33}},{"start":{"line":12,"column":37},"end":{"line":12,"column":64}}],"line":12},"2":{"loc":{"start":{"line":13,"column":3},"end":{"line":17,"column":4}},"type":"if","locations":[{"start":{"line":13,"column":3},"end":{"line":17,"column":4}},{"start":{"line":13,"column":3},"end":{"line":17,"column":4}}],"line":13},"3":{"loc":{"start":{"line":19,"column":2},"end":{"line":21,"column":3}},"type":"if","locations":[{"start":{"line":19,"column":2},"end":{"line":21,"column":3}},{"start":{"line":19,"column":2},"end":{"line":21,"column":3}}],"line":19}},"s":{"0":1,"1":1,"2":1,"3":2,"4":200,"5":2,"6":0,"7":2,"8":198,"9":114,"10":84,"11":2,"12":2,"13":2,"14":20,"15":20,"16":20,"17":200,"18":200,"19":200,"20":20,"21":2,"22":1},"f":{"0":2,"1":200,"2":2},"b":{"0":[2,198],"1":[200,20],"2":[0,2],"3":[114,84]},"_coverageSchema":"1a1c01bbd47fc00a2c39e90264f33305004495a9","hash":"2370db8de33c152b389eddd1fa71522d3bd2d028"}
,"C:\\Users\\user\\Desktop\\find_your_hat_redux\\src\\components\\gameover.js": {"path":"C:\\Users\\user\\Desktop\\find_your_hat_redux\\src\\components\\gameover.js","statementMap":{"0":{"start":{"line":1,"column":14},"end":{"line":1,"column":30}},"1":{"start":{"line":2,"column":20},"end":{"line":2,"column":34}},"2":{"start":{"line":6,"column":2},"end":{"line":10,"column":4}},"3":{"start":{"line":14,"column":0},"end":{"line":14,"column":25}}},"fnMap":{"0":{"name":"(anonymous_0)","decl":{"start":{"line":5,"column":1},"end":{"line":5,"column":2}},"loc":{"start":{"line":5,"column":10},"end":{"line":11,"column":2}},"line":5}},"branchMap":{},"s":{"0":2,"1":2,"2":3,"3":2},"f":{"0":3},"b":{},"_coverageSchema":"1a1c01bbd47fc00a2c39e90264f33305004495a9","hash":"1e23e90aea36f246ad46d1fb9527599c4ae0e857"}
,"C:\\Users\\user\\Desktop\\find_your_hat_redux\\src\\components\\not-found.js": {"path":"C:\\Users\\user\\Desktop\\find_your_hat_redux\\src\\components\\not-found.js","statementMap":{"0":{"start":{"line":1,"column":14},"end":{"line":1,"column":30}},"1":{"start":{"line":2,"column":20},"end":{"line":2,"column":34}},"2":{"start":{"line":3,"column":0},"end":{"line":9,"column":1}},"3":{"start":{"line":4,"column":1},"end":{"line":8,"column":3}}},"fnMap":{"0":{"name":"(anonymous_0)","decl":{"start":{"line":3,"column":17},"end":{"line":3,"column":18}},"loc":{"start":{"line":3,"column":23},"end":{"line":9,"column":1}},"line":3}},"branchMap":{},"s":{"0":2,"1":2,"2":2,"3":3},"f":{"0":3},"b":{},"_coverageSchema":"1a1c01bbd47fc00a2c39e90264f33305004495a9","hash":"89c53d71fae27e0d7cce1758fa8e6db6488450c8"}
,"C:\\Users\\user\\Desktop\\find_your_hat_redux\\src\\constants\\game-move-actions.js": {"path":"C:\\Users\\user\\Desktop\\find_your_hat_redux\\src\\constants\\game-move-actions.js","statementMap":{"0":{"start":{"line":1,"column":26},"end":{"line":1,"column":27}},"1":{"start":{"line":2,"column":26},"end":{"line":2,"column":27}},"2":{"start":{"line":3,"column":26},"end":{"line":3,"column":27}},"3":{"start":{"line":4,"column":26},"end":{"line":4,"column":27}},"4":{"start":{"line":5,"column":19},"end":{"line":5,"column":21}},"5":{"start":{"line":7,"column":0},"end":{"line":13,"column":2}}},"fnMap":{},"branchMap":{},"s":{"0":3,"1":3,"2":3,"3":3,"4":3,"5":3},"f":{},"b":{},"_coverageSchema":"1a1c01bbd47fc00a2c39e90264f33305004495a9","hash":"8524623642b3bb19b7da7c608336bda20aa5d2d1"}
,"C:\\Users\\user\\Desktop\\find_your_hat_redux\\src\\constants\\game-status-actions.js": {"path":"C:\\Users\\user\\Desktop\\find_your_hat_redux\\src\\constants\\game-status-actions.js","statementMap":{"0":{"start":{"line":1,"column":28},"end":{"line":1,"column":29}},"1":{"start":{"line":2,"column":24},"end":{"line":2,"column":25}},"2":{"start":{"line":3,"column":25},"end":{"line":3,"column":26}},"3":{"start":{"line":4,"column":25},"end":{"line":4,"column":27}},"4":{"start":{"line":5,"column":0},"end":{"line":5,"column":92}}},"fnMap":{},"branchMap":{},"s":{"0":2,"1":2,"2":2,"3":2,"4":2},"f":{},"b":{},"_coverageSchema":"1a1c01bbd47fc00a2c39e90264f33305004495a9","hash":"fec697d85986a646a31683869d0d6391124fea39"}
,"C:\\Users\\user\\Desktop\\find_your_hat_redux\\src\\constants\\game-status.js": {"path":"C:\\Users\\user\\Desktop\\find_your_hat_redux\\src\\constants\\game-status.js","statementMap":{"0":{"start":{"line":1,"column":28},"end":{"line":1,"column":29}},"1":{"start":{"line":2,"column":24},"end":{"line":2,"column":25}},"2":{"start":{"line":3,"column":25},"end":{"line":3,"column":26}},"3":{"start":{"line":4,"column":25},"end":{"line":4,"column":27}},"4":{"start":{"line":5,"column":0},"end":{"line":5,"column":92}}},"fnMap":{},"branchMap":{},"s":{"0":3,"1":3,"2":3,"3":3,"4":3},"f":{},"b":{},"_coverageSchema":"1a1c01bbd47fc00a2c39e90264f33305004495a9","hash":"a501e92363df3176a17a14439fa026c9d9db6c07"}
,"C:\\Users\\user\\Desktop\\find_your_hat_redux\\src\\constants\\keyboard-input.js": {"path":"C:\\Users\\user\\Desktop\\find_your_hat_redux\\src\\constants\\keyboard-input.js","statementMap":{"0":{"start":{"line":1,"column":22},"end":{"line":1,"column":25}},"1":{"start":{"line":2,"column":24},"end":{"line":2,"column":27}},"2":{"start":{"line":3,"column":24},"end":{"line":3,"column":27}},"3":{"start":{"line":4,"column":25},"end":{"line":4,"column":28}},"4":{"start":{"line":5,"column":18},"end":{"line":5,"column":21}},"5":{"start":{"line":6,"column":17},"end":{"line":6,"column":20}},"6":{"start":{"line":7,"column":0},"end":{"line":14,"column":2}}},"fnMap":{},"branchMap":{},"s":{"0":2,"1":2,"2":2,"3":2,"4":2,"5":2,"6":2},"f":{},"b":{},"_coverageSchema":"1a1c01bbd47fc00a2c39e90264f33305004495a9","hash":"7c47ede7521e379c09cc8dcf61ac6619972eb22d"}
,"C:\\Users\\user\\Desktop\\find_your_hat_redux\\src\\containers\\game.js": {"path":"C:\\Users\\user\\Desktop\\find_your_hat_redux\\src\\containers\\game.js","statementMap":{"0":{"start":{"line":1,"column":14},"end":{"line":1,"column":30}},"1":{"start":{"line":11,"column":19},"end":{"line":11,"column":54}},"2":{"start":{"line":12,"column":18},"end":{"line":12,"column":39}},"3":{"start":{"line":15,"column":16},"end":{"line":15,"column":51}},"4":{"start":{"line":16,"column":17},"end":{"line":16,"column":52}},"5":{"start":{"line":17,"column":13},"end":{"line":17,"column":44}},"6":{"start":{"line":18,"column":17},"end":{"line":18,"column":53}},"7":{"start":{"line":19,"column":20},"end":{"line":19,"column":61}},"8":{"start":{"line":20,"column":13},"end":{"line":20,"column":48}},"9":{"start":{"line":21,"column":19},"end":{"line":21,"column":21}},"10":{"start":{"line":22,"column":13},"end":{"line":22,"column":33}},"11":{"start":{"line":23,"column":0},"end":{"line":23,"column":20}},"12":{"start":{"line":24,"column":13},"end":{"line":24,"column":22}},"13":{"start":{"line":25,"column":22},"end":{"line":46,"column":1}},"14":{"start":{"line":26,"column":92},"end":{"line":26,"column":97}},"15":{"start":{"line":28,"column":2},"end":{"line":28,"column":19}},"16":{"start":{"line":29,"column":2},"end":{"line":45,"column":3}},"17":{"start":{"line":31,"column":4},"end":{"line":31,"column":21}},"18":{"start":{"line":32,"column":4},"end":{"line":32,"column":123}},"19":{"start":{"line":32,"column":42},"end":{"line":32,"column":62}},"20":{"start":{"line":34,"column":4},"end":{"line":34,"column":24}},"21":{"start":{"line":35,"column":4},"end":{"line":35,"column":10}},"22":{"start":{"line":37,"column":4},"end":{"line":37,"column":23}},"23":{"start":{"line":38,"column":4},"end":{"line":38,"column":10}},"24":{"start":{"line":40,"column":4},"end":{"line":40,"column":24}},"25":{"start":{"line":41,"column":4},"end":{"line":41,"column":20}},"26":{"start":{"line":42,"column":4},"end":{"line":42,"column":10}},"27":{"start":{"line":44,"column":4},"end":{"line":44,"column":24}},"28":{"start":{"line":48,"column":0},"end":{"line":48,"column":31}}},"fnMap":{"0":{"name":"(anonymous_0)","decl":{"start":{"line":25,"column":22},"end":{"line":25,"column":23}},"loc":{"start":{"line":25,"column":33},"end":{"line":46,"column":1}},"line":25},"1":{"name":"(anonymous_1)","decl":{"start":{"line":32,"column":36},"end":{"line":32,"column":37}},"loc":{"start":{"line":32,"column":42},"end":{"line":32,"column":62}},"line":32}},"branchMap":{"0":{"loc":{"start":{"line":29,"column":2},"end":{"line":45,"column":3}},"type":"switch","locations":[{"start":{"line":30,"column":3},"end":{"line":32,"column":123}},{"start":{"line":33,"column":3},"end":{"line":35,"column":10}},{"start":{"line":36,"column":3},"end":{"line":38,"column":10}},{"start":{"line":39,"column":3},"end":{"line":42,"column":10}},{"start":{"line":43,"column":3},"end":{"line":44,"column":24}}],"line":29}},"s":{"0":1,"1":1,"2":1,"3":1,"4":1,"5":1,"6":1,"7":1,"8":1,"9":1,"10":1,"11":1,"12":1,"13":1,"14":6,"15":6,"16":6,"17":2,"18":2,"19":0,"20":1,"21":0,"22":1,"23":0,"24":1,"25":1,"26":0,"27":1,"28":1},"f":{"0":6,"1":0},"b":{"0":[2,1,1,1,1]},"_coverageSchema":"1a1c01bbd47fc00a2c39e90264f33305004495a9","hash":"88786595ab39f1f62bdefe2b7dea0d051c1c2a8c"}
,"C:\\Users\\user\\Desktop\\find_your_hat_redux\\src\\containers\\maze-container.js": {"path":"C:\\Users\\user\\Desktop\\find_your_hat_redux\\src\\containers\\maze-container.js","statementMap":{"0":{"start":{"line":1,"column":14},"end":{"line":1,"column":30}},"1":{"start":{"line":2,"column":18},"end":{"line":2,"column":39}},"2":{"start":{"line":3,"column":13},"end":{"line":3,"column":44}},"3":{"start":{"line":7,"column":2},"end":{"line":7,"column":15}},"4":{"start":{"line":11,"column":17},"end":{"line":11,"column":22}},"5":{"start":{"line":11,"column":39},"end":{"line":11,"column":43}},"6":{"start":{"line":12,"column":39},"end":{"line":12,"column":48}},"7":{"start":{"line":13,"column":2},"end":{"line":28,"column":3}},"8":{"start":{"line":14,"column":3},"end":{"line":14,"column":19}},"9":{"start":{"line":15,"column":3},"end":{"line":15,"column":24}},"10":{"start":{"line":17,"column":7},"end":{"line":28,"column":3}},"11":{"start":{"line":18,"column":3},"end":{"line":18,"column":19}},"12":{"start":{"line":19,"column":3},"end":{"line":19,"column":24}},"13":{"start":{"line":21,"column":7},"end":{"line":28,"column":3}},"14":{"start":{"line":23,"column":3},"end":{"line":23,"column":19}},"15":{"start":{"line":24,"column":3},"end":{"line":24,"column":24}},"16":{"start":{"line":26,"column":7},"end":{"line":28,"column":3}},"17":{"start":{"line":27,"column":3},"end":{"line":27,"column":19}},"18":{"start":{"line":29,"column":2},"end":{"line":31,"column":3}},"19":{"start":{"line":30,"column":3},"end":{"line":30,"column":26}},"20":{"start":{"line":32,"column":2},"end":{"line":32,"column":27}},"21":{"start":{"line":33,"column":2},"end":{"line":33,"column":22}},"22":{"start":{"line":36,"column":2},"end":{"line":38,"column":3}},"23":{"start":{"line":37,"column":3},"end":{"line":37,"column":27}},"24":{"start":{"line":44,"column":2},"end":{"line":44,"column":69}},"25":{"start":{"line":48,"column":0},"end":{"line":48,"column":35}}},"fnMap":{"0":{"name":"(anonymous_0)","decl":{"start":{"line":6,"column":1},"end":{"line":6,"column":2}},"loc":{"start":{"line":6,"column":20},"end":{"line":8,"column":2}},"line":6},"1":{"name":"(anonymous_1)","decl":{"start":{"line":10,"column":1},"end":{"line":10,"column":2}},"loc":{"start":{"line":10,"column":45},"end":{"line":34,"column":2}},"line":10},"2":{"name":"(anonymous_2)","decl":{"start":{"line":35,"column":1},"end":{"line":35,"column":2}},"loc":{"start":{"line":35,"column":21},"end":{"line":39,"column":2}},"line":35},"3":{"name":"(anonymous_3)","decl":{"start":{"line":40,"column":1},"end":{"line":40,"column":2}},"loc":{"start":{"line":40,"column":10},"end":{"line":45,"column":2}},"line":40}},"branchMap":{"0":{"loc":{"start":{"line":13,"column":2},"end":{"line":28,"column":3}},"type":"if","locations":[{"start":{"line":13,"column":2},"end":{"line":28,"column":3}},{"start":{"line":13,"column":2},"end":{"line":28,"column":3}}],"line":13},"1":{"loc":{"start":{"line":13,"column":6},"end":{"line":13,"column":38}},"type":"binary-expr","locations":[{"start":{"line":13,"column":6},"end":{"line":13,"column":20}},{"start":{"line":13,"column":24},"end":{"line":13,"column":38}}],"line":13},"2":{"loc":{"start":{"line":17,"column":7},"end":{"line":28,"column":3}},"type":"if","locations":[{"start":{"line":17,"column":7},"end":{"line":28,"column":3}},{"start":{"line":17,"column":7},"end":{"line":28,"column":3}}],"line":17},"3":{"loc":{"start":{"line":17,"column":11},"end":{"line":17,"column":65}},"type":"binary-expr","locations":[{"start":{"line":17,"column":11},"end":{"line":17,"column":36}},{"start":{"line":17,"column":40},"end":{"line":17,"column":65}}],"line":17},"4":{"loc":{"start":{"line":21,"column":7},"end":{"line":28,"column":3}},"type":"if","locations":[{"start":{"line":21,"column":7},"end":{"line":28,"column":3}},{"start":{"line":21,"column":7},"end":{"line":28,"column":3}}],"line":21},"5":{"loc":{"start":{"line":21,"column":11},"end":{"line":22,"column":60}},"type":"binary-expr","locations":[{"start":{"line":21,"column":11},"end":{"line":21,"column":25}},{"start":{"line":21,"column":29},"end":{"line":21,"column":43}},{"start":{"line":22,"column":6},"end":{"line":22,"column":31}},{"start":{"line":22,"column":35},"end":{"line":22,"column":60}}],"line":21},"6":{"loc":{"start":{"line":26,"column":7},"end":{"line":28,"column":3}},"type":"if","locations":[{"start":{"line":26,"column":7},"end":{"line":28,"column":3}},{"start":{"line":26,"column":7},"end":{"line":28,"column":3}}],"line":26},"7":{"loc":{"start":{"line":29,"column":2},"end":{"line":31,"column":3}},"type":"if","locations":[{"start":{"line":29,"column":2},"end":{"line":31,"column":3}},{"start":{"line":29,"column":2},"end":{"line":31,"column":3}}],"line":29},"8":{"loc":{"start":{"line":36,"column":2},"end":{"line":38,"column":3}},"type":"if","locations":[{"start":{"line":36,"column":2},"end":{"line":38,"column":3}},{"start":{"line":36,"column":2},"end":{"line":38,"column":3}}],"line":36}},"s":{"0":1,"1":1,"2":1,"3":2,"4":0,"5":0,"6":0,"7":0,"8":0,"9":0,"10":0,"11":0,"12":0,"13":0,"14":0,"15":0,"16":0,"17":0,"18":0,"19":0,"20":0,"21":0,"22":2,"23":0,"24":2,"25":1},"f":{"0":2,"1":0,"2":2,"3":2},"b":{"0":[0,0],"1":[0,0],"2":[0,0],"3":[0,0],"4":[0,0],"5":[0,0,0,0],"6":[0,0],"7":[0,0],"8":[0,2]},"_coverageSchema":"1a1c01bbd47fc00a2c39e90264f33305004495a9","hash":"519df42dfa4e3ae7424023d4fc85a620434efc95"}
,"C:\\Users\\user\\Desktop\\find_your_hat_redux\\src\\listeners\\confirm.js": {"path":"C:\\Users\\user\\Desktop\\find_your_hat_redux\\src\\listeners\\confirm.js","statementMap":{"0":{"start":{"line":1,"column":30},"end":{"line":1,"column":68}},"1":{"start":{"line":2,"column":24},"end":{"line":9,"column":1}},"2":{"start":{"line":3,"column":1},"end":{"line":5,"column":2}},"3":{"start":{"line":4,"column":2},"end":{"line":4,"column":19}},"4":{"start":{"line":6,"column":1},"end":{"line":8,"column":2}},"5":{"start":{"line":7,"column":2},"end":{"line":7,"column":21}},"6":{"start":{"line":11,"column":0},"end":{"line":11,"column":33}}},"fnMap":{"0":{"name":"(anonymous_0)","decl":{"start":{"line":2,"column":24},"end":{"line":2,"column":25}},"loc":{"start":{"line":2,"column":69},"end":{"line":9,"column":1}},"line":2}},"branchMap":{"0":{"loc":{"start":{"line":3,"column":1},"end":{"line":5,"column":2}},"type":"if","locations":[{"start":{"line":3,"column":1},"end":{"line":5,"column":2}},{"start":{"line":3,"column":1},"end":{"line":5,"column":2}}],"line":3},"1":{"loc":{"start":{"line":6,"column":1},"end":{"line":8,"column":2}},"type":"if","locations":[{"start":{"line":6,"column":1},"end":{"line":8,"column":2}},{"start":{"line":6,"column":1},"end":{"line":8,"column":2}}],"line":6}},"s":{"0":1,"1":1,"2":3,"3":1,"4":3,"5":1,"6":1},"f":{"0":3},"b":{"0":[1,2],"1":[1,2]},"_coverageSchema":"1a1c01bbd47fc00a2c39e90264f33305004495a9","hash":"bc89f0e0d203a2b8ec2ba15e3fa5447635bd3034"}
,"C:\\Users\\user\\Desktop\\find_your_hat_redux\\src\\listeners\\move-keyboard.js": {"path":"C:\\Users\\user\\Desktop\\find_your_hat_redux\\src\\listeners\\move-keyboard.js","statementMap":{"0":{"start":{"line":1,"column":20},"end":{"line":1,"column":61}},"1":{"start":{"line":7,"column":4},"end":{"line":7,"column":30}},"2":{"start":{"line":8,"column":15},"end":{"line":8,"column":53}},"3":{"start":{"line":9,"column":22},"end":{"line":25,"column":1}},"4":{"start":{"line":10,"column":1},"end":{"line":12,"column":2}},"5":{"start":{"line":11,"column":2},"end":{"line":11,"column":20}},"6":{"start":{"line":13,"column":1},"end":{"line":15,"column":2}},"7":{"start":{"line":14,"column":2},"end":{"line":14,"column":21}},"8":{"start":{"line":16,"column":1},"end":{"line":18,"column":2}},"9":{"start":{"line":17,"column":2},"end":{"line":17,"column":18}},"10":{"start":{"line":20,"column":1},"end":{"line":22,"column":2}},"11":{"start":{"line":21,"column":2},"end":{"line":21,"column":20}},"12":{"start":{"line":24,"column":1},"end":{"line":24,"column":18}},"13":{"start":{"line":27,"column":22},"end":{"line":35,"column":1}},"14":{"start":{"line":28,"column":2},"end":{"line":34,"column":3}},"15":{"start":{"line":29,"column":30},"end":{"line":29,"column":46}},"16":{"start":{"line":30,"column":32},"end":{"line":30,"column":50}},"17":{"start":{"line":31,"column":32},"end":{"line":31,"column":50}},"18":{"start":{"line":32,"column":33},"end":{"line":32,"column":52}},"19":{"start":{"line":33,"column":12},"end":{"line":33,"column":29}},"20":{"start":{"line":37,"column":0},"end":{"line":40,"column":2}}},"fnMap":{"0":{"name":"(anonymous_0)","decl":{"start":{"line":9,"column":22},"end":{"line":9,"column":23}},"loc":{"start":{"line":9,"column":31},"end":{"line":25,"column":1}},"line":9},"1":{"name":"(anonymous_1)","decl":{"start":{"line":27,"column":22},"end":{"line":27,"column":23}},"loc":{"start":{"line":27,"column":33},"end":{"line":35,"column":1}},"line":27}},"branchMap":{"0":{"loc":{"start":{"line":10,"column":1},"end":{"line":12,"column":2}},"type":"if","locations":[{"start":{"line":10,"column":1},"end":{"line":12,"column":2}},{"start":{"line":10,"column":1},"end":{"line":12,"column":2}}],"line":10},"1":{"loc":{"start":{"line":13,"column":1},"end":{"line":15,"column":2}},"type":"if","locations":[{"start":{"line":13,"column":1},"end":{"line":15,"column":2}},{"start":{"line":13,"column":1},"end":{"line":15,"column":2}}],"line":13},"2":{"loc":{"start":{"line":16,"column":1},"end":{"line":18,"column":2}},"type":"if","locations":[{"start":{"line":16,"column":1},"end":{"line":18,"column":2}},{"start":{"line":16,"column":1},"end":{"line":18,"column":2}}],"line":16},"3":{"loc":{"start":{"line":20,"column":1},"end":{"line":22,"column":2}},"type":"if","locations":[{"start":{"line":20,"column":1},"end":{"line":22,"column":2}},{"start":{"line":20,"column":1},"end":{"line":22,"column":2}}],"line":20},"4":{"loc":{"start":{"line":28,"column":2},"end":{"line":34,"column":3}},"type":"switch","locations":[{"start":{"line":29,"column":3},"end":{"line":29,"column":46}},{"start":{"line":30,"column":3},"end":{"line":30,"column":50}},{"start":{"line":31,"column":3},"end":{"line":31,"column":50}},{"start":{"line":32,"column":3},"end":{"line":32,"column":52}},{"start":{"line":33,"column":3},"end":{"line":33,"column":29}}],"line":28}},"s":{"0":1,"1":1,"2":1,"3":1,"4":8,"5":1,"6":7,"7":1,"8":6,"9":2,"10":4,"11":1,"12":3,"13":1,"14":11,"15":2,"16":3,"17":2,"18":2,"19":2,"20":1},"f":{"0":8,"1":11},"b":{"0":[1,7],"1":[1,6],"2":[2,4],"3":[1,3],"4":[2,3,2,2,2]},"_coverageSchema":"1a1c01bbd47fc00a2c39e90264f33305004495a9","hash":"d4b35ddf38534f98828fc551c71c0d16e8546725"}
,"C:\\Users\\user\\Desktop\\find_your_hat_redux\\src\\listeners\\move.js": {"path":"C:\\Users\\user\\Desktop\\find_your_hat_redux\\src\\listeners\\move.js","statementMap":{"0":{"start":{"line":1,"column":20},"end":{"line":1,"column":61}},"1":{"start":{"line":2,"column":39},"end":{"line":2,"column":65}},"2":{"start":{"line":3,"column":15},"end":{"line":15,"column":1}},"3":{"start":{"line":4,"column":1},"end":{"line":14,"column":4}},"4":{"start":{"line":5,"column":15},"end":{"line":5,"column":33}},"5":{"start":{"line":6,"column":3},"end":{"line":9,"column":4}},"6":{"start":{"line":7,"column":4},"end":{"line":7,"column":23}},"7":{"start":{"line":8,"column":4},"end":{"line":8,"column":11}},"8":{"start":{"line":10,"column":3},"end":{"line":10,"column":33}},"9":{"start":{"line":11,"column":3},"end":{"line":13,"column":4}},"10":{"start":{"line":12,"column":4},"end":{"line":12,"column":23}},"11":{"start":{"line":17,"column":0},"end":{"line":17,"column":24}}},"fnMap":{"0":{"name":"(anonymous_0)","decl":{"start":{"line":3,"column":15},"end":{"line":3,"column":16}},"loc":{"start":{"line":3,"column":41},"end":{"line":15,"column":1}},"line":3},"1":{"name":"(anonymous_1)","decl":{"start":{"line":4,"column":10},"end":{"line":4,"column":11}},"loc":{"start":{"line":4,"column":26},"end":{"line":14,"column":2}},"line":4}},"branchMap":{"0":{"loc":{"start":{"line":6,"column":3},"end":{"line":9,"column":4}},"type":"if","locations":[{"start":{"line":6,"column":3},"end":{"line":9,"column":4}},{"start":{"line":6,"column":3},"end":{"line":9,"column":4}}],"line":6},"1":{"loc":{"start":{"line":11,"column":3},"end":{"line":13,"column":4}},"type":"if","locations":[{"start":{"line":11,"column":3},"end":{"line":13,"column":4}},{"start":{"line":11,"column":3},"end":{"line":13,"column":4}}],"line":11}},"s":{"0":1,"1":1,"2":1,"3":3,"4":3,"5":3,"6":1,"7":1,"8":2,"9":2,"10":1,"11":1},"f":{"0":3,"1":3},"b":{"0":[1,2],"1":[1,1]},"_coverageSchema":"1a1c01bbd47fc00a2c39e90264f33305004495a9","hash":"cad82e7cc7ad6bbb8580ec2aa6600abcc9d91672"}
,"C:\\Users\\user\\Desktop\\find_your_hat_redux\\src\\reducers\\game-status.js": {"path":"C:\\Users\\user\\Desktop\\find_your_hat_redux\\src\\reducers\\game-status.js","statementMap":{"0":{"start":{"line":1,"column":19},"end":{"line":1,"column":54}},"1":{"start":{"line":2,"column":20},"end":{"line":2,"column":63}},"2":{"start":{"line":3,"column":21},"end":{"line":5,"column":1}},"3":{"start":{"line":6,"column":26},"end":{"line":31,"column":1}},"4":{"start":{"line":7,"column":1},"end":{"line":30,"column":2}},"5":{"start":{"line":9,"column":3},"end":{"line":12,"column":4}},"6":{"start":{"line":14,"column":3},"end":{"line":17,"column":5}},"7":{"start":{"line":19,"column":3},"end":{"line":22,"column":5}},"8":{"start":{"line":24,"column":3},"end":{"line":27,"column":5}},"9":{"start":{"line":29,"column":3},"end":{"line":29,"column":16}},"10":{"start":{"line":33,"column":0},"end":{"line":33,"column":35}}},"fnMap":{"0":{"name":"(anonymous_0)","decl":{"start":{"line":6,"column":26},"end":{"line":6,"column":27}},"loc":{"start":{"line":6,"column":60},"end":{"line":31,"column":1}},"line":6}},"branchMap":{"0":{"loc":{"start":{"line":6,"column":27},"end":{"line":6,"column":47}},"type":"default-arg","locations":[{"start":{"line":6,"column":35},"end":{"line":6,"column":47}}],"line":6},"1":{"loc":{"start":{"line":7,"column":1},"end":{"line":30,"column":2}},"type":"switch","locations":[{"start":{"line":8,"column":2},"end":{"line":12,"column":4}},{"start":{"line":13,"column":2},"end":{"line":17,"column":5}},{"start":{"line":18,"column":2},"end":{"line":22,"column":5}},{"start":{"line":23,"column":2},"end":{"line":27,"column":5}},{"start":{"line":28,"column":2},"end":{"line":29,"column":16}}],"line":7}},"s":{"0":1,"1":1,"2":1,"3":1,"4":5,"5":1,"6":1,"7":1,"8":1,"9":1,"10":1},"f":{"0":5},"b":{"0":[0],"1":[1,1,1,1,1]},"_coverageSchema":"1a1c01bbd47fc00a2c39e90264f33305004495a9","hash":"8b5090f3597c13d9f764257ac01171e587789d65"}
,"C:\\Users\\user\\Desktop\\find_your_hat_redux\\src\\reducers\\move.js": {"path":"C:\\Users\\user\\Desktop\\find_your_hat_redux\\src\\reducers\\move.js","statementMap":{"0":{"start":{"line":7,"column":4},"end":{"line":7,"column":45}},"1":{"start":{"line":9,"column":21},"end":{"line":12,"column":1}},"2":{"start":{"line":13,"column":20},"end":{"line":38,"column":1}},"3":{"start":{"line":14,"column":1},"end":{"line":37,"column":2}},"4":{"start":{"line":16,"column":3},"end":{"line":19,"column":5}},"5":{"start":{"line":21,"column":3},"end":{"line":24,"column":5}},"6":{"start":{"line":26,"column":3},"end":{"line":29,"column":5}},"7":{"start":{"line":31,"column":3},"end":{"line":34,"column":5}},"8":{"start":{"line":36,"column":3},"end":{"line":36,"column":16}},"9":{"start":{"line":40,"column":0},"end":{"line":40,"column":29}}},"fnMap":{"0":{"name":"(anonymous_0)","decl":{"start":{"line":13,"column":20},"end":{"line":13,"column":21}},"loc":{"start":{"line":13,"column":59},"end":{"line":38,"column":1}},"line":13}},"branchMap":{"0":{"loc":{"start":{"line":13,"column":29},"end":{"line":13,"column":49}},"type":"default-arg","locations":[{"start":{"line":13,"column":37},"end":{"line":13,"column":49}}],"line":13},"1":{"loc":{"start":{"line":14,"column":1},"end":{"line":37,"column":2}},"type":"switch","locations":[{"start":{"line":15,"column":2},"end":{"line":19,"column":5}},{"start":{"line":20,"column":2},"end":{"line":24,"column":5}},{"start":{"line":25,"column":2},"end":{"line":29,"column":5}},{"start":{"line":30,"column":2},"end":{"line":34,"column":5}},{"start":{"line":35,"column":2},"end":{"line":36,"column":16}}],"line":14}},"s":{"0":1,"1":1,"2":1,"3":6,"4":1,"5":1,"6":1,"7":1,"8":2,"9":1},"f":{"0":6},"b":{"0":[0],"1":[1,1,1,1,2]},"_coverageSchema":"1a1c01bbd47fc00a2c39e90264f33305004495a9","hash":"09701d3343e363a63b4173466bffe8359f27d172"}
}
