TN:
SF:lib\Field.js
FN:11,(anonymous_0)
FN:15,(anonymous_1)
FN:24,(anonymous_2)
FN:28,(anonymous_3)
FN:36,(anonymous_4)
FN:41,(anonymous_5)
FN:41,(anonymous_6)
FN:56,(anonymous_7)
FN:67,(anonymous_8)
FN:74,(anonymous_9)
FN:86,(anonymous_10)
FN:98,(anonymous_11)
FN:102,(anonymous_12)
FN:114,(anonymous_13)
FN:121,(anonymous_14)
FN:171,(anonymous_15)
FN:183,(anonymous_16)
FNF:17
FNH:16
FNDA:15,(anonymous_0)
FNDA:16,(anonymous_1)
FNDA:3,(anonymous_2)
FNDA:18,(anonymous_3)
FNDA:2,(anonymous_4)
FNDA:20,(anonymous_5)
FNDA:200,(anonymous_6)
FNDA:3,(anonymous_7)
FNDA:2,(anonymous_8)
FNDA:3,(anonymous_9)
FNDA:2,(anonymous_10)
FNDA:4,(anonymous_11)
FNDA:5,(anonymous_12)
FNDA:66,(anonymous_13)
FNDA:0,(anonymous_14)
FNDA:1,(anonymous_15)
FNDA:527,(anonymous_16)
DA:6,2
DA:7,2
DA:8,2
DA:12,15
DA:16,16
DA:17,16
DA:18,16
DA:19,16
DA:20,16
DA:21,16
DA:25,3
DA:29,18
DA:30,2
DA:33,16
DA:37,2
DA:39,2
DA:40,2
DA:41,200
DA:42,2
DA:43,0
DA:45,2
DA:46,2
DA:47,2
DA:49,0
DA:57,3
DA:58,2
DA:59,2
DA:62,1
DA:63,0
DA:68,2
DA:69,2
DA:70,2
DA:71,2
DA:75,3
DA:76,2
DA:77,2
DA:79,1
DA:80,1
DA:82,1
DA:87,2
DA:88,2
DA:89,6
DA:90,6
DA:91,2
DA:94,2
DA:99,4
DA:103,5
DA:104,1
DA:105,4
DA:106,4
DA:107,40
DA:108,400
DA:109,350
DA:111,4
DA:115,66
DA:122,0
DA:123,0
DA:124,0
DA:125,0
DA:126,0
DA:127,0
DA:128,0
DA:129,0
DA:130,0
DA:133,0
DA:134,0
DA:135,0
DA:136,0
DA:137,0
DA:142,0
DA:143,0
DA:144,0
DA:145,0
DA:146,0
DA:151,0
DA:152,0
DA:153,0
DA:154,0
DA:155,0
DA:159,0
DA:160,0
DA:161,0
DA:162,0
DA:163,0
DA:167,0
DA:168,0
DA:172,1
DA:173,1
DA:174,1
DA:175,59
DA:177,59
DA:178,50
DA:179,50
DA:184,527
DA:191,2
LF:95
LH:61
BRDA:11,0,0,12
BRDA:16,1,0,16
BRDA:16,1,1,13
BRDA:17,2,0,16
BRDA:17,2,1,15
BRDA:18,3,0,16
BRDA:18,3,1,15
BRDA:19,4,0,16
BRDA:19,4,1,16
BRDA:20,5,0,1
BRDA:20,5,1,15
BRDA:21,6,0,1
BRDA:21,6,1,15
BRDA:29,7,0,2
BRDA:29,7,1,16
BRDA:29,8,0,18
BRDA:29,8,1,17
BRDA:41,9,0,117
BRDA:41,9,1,83
BRDA:42,10,0,0
BRDA:42,10,1,2
BRDA:47,11,0,0
BRDA:47,11,1,2
BRDA:47,12,0,2
BRDA:47,12,1,0
BRDA:57,13,0,2
BRDA:57,13,1,1
BRDA:62,14,0,0
BRDA:62,14,1,1
BRDA:71,15,0,2
BRDA:71,15,1,0
BRDA:75,16,0,2
BRDA:75,16,1,1
BRDA:79,17,0,1
BRDA:79,17,1,0
BRDA:90,18,0,2
BRDA:90,18,1,4
BRDA:103,19,0,1
BRDA:103,19,1,4
BRDA:103,20,0,5
BRDA:103,20,1,4
BRDA:108,21,0,350
BRDA:108,21,1,50
BRDA:130,22,0,0
BRDA:130,22,1,0
BRDA:134,23,0,0
BRDA:134,23,1,0
BRDA:135,24,0,0
BRDA:135,24,1,0
BRDA:143,25,0,0
BRDA:143,25,1,0
BRDA:144,26,0,0
BRDA:144,26,1,0
BRDA:152,27,0,0
BRDA:152,27,1,0
BRDA:153,28,0,0
BRDA:153,28,1,0
BRDA:160,29,0,0
BRDA:160,29,1,0
BRDA:161,30,0,0
BRDA:161,30,1,0
BRDA:177,31,0,50
BRDA:177,31,1,9
BRF:63
BRH:39
end_of_record
TN:
SF:lib\LinkedList.js
FN:4,(anonymous_0)
FN:8,(anonymous_1)
FN:17,(anonymous_2)
FN:30,(anonymous_3)
FN:42,(anonymous_4)
FN:52,(anonymous_5)
FNF:6
FNH:3
FNDA:3,(anonymous_0)
FNDA:750,(anonymous_1)
FNDA:0,(anonymous_2)
FNDA:0,(anonymous_3)
FNDA:750,(anonymous_4)
FNDA:0,(anonymous_5)
DA:1,3
DA:5,3
DA:9,750
DA:10,750
DA:11,750
DA:12,750
DA:13,747
DA:18,0
DA:19,0
DA:20,0
DA:22,0
DA:23,0
DA:24,0
DA:26,0
DA:31,0
DA:33,0
DA:34,0
DA:35,0
DA:37,0
DA:39,0
DA:43,750
DA:44,750
DA:46,750
DA:47,747
DA:49,750
DA:53,0
DA:54,0
DA:56,0
DA:57,0
DA:58,0
DA:60,0
DA:64,3
LF:32
LH:13
BRDA:12,0,0,747
BRDA:12,0,1,3
BRDA:19,1,0,0
BRDA:19,1,1,0
BRDA:34,2,0,0
BRDA:34,2,1,0
BRDA:44,3,0,0
BRDA:44,3,1,750
BRDA:46,4,0,747
BRDA:46,4,1,3
BRF:10
BRH:5
end_of_record
TN:
SF:lib\Stack.js
FN:4,(anonymous_0)
FN:11,(anonymous_1)
FN:15,(anonymous_2)
FN:19,(anonymous_3)
FN:28,(anonymous_4)
FN:38,(anonymous_5)
FNF:6
FNH:5
FNDA:3,(anonymous_0)
FNDA:750,(anonymous_1)
FNDA:1652,(anonymous_2)
FNDA:750,(anonymous_3)
FNDA:750,(anonymous_4)
FNDA:0,(anonymous_5)
DA:1,3
DA:5,3
DA:6,3
DA:7,3
DA:12,750
DA:16,1652
DA:20,750
DA:21,750
DA:22,750
DA:24,0
DA:29,750
DA:30,750
DA:31,750
DA:32,750
DA:34,0
DA:39,0
DA:40,0
DA:42,0
DA:48,3
LF:19
LH:14
BRDA:4,0,0,3
BRDA:20,1,0,750
BRDA:20,1,1,0
BRDA:29,2,0,750
BRDA:29,2,1,0
BRDA:39,3,0,0
BRDA:39,3,1,0
BRF:7
BRH:3
end_of_record
TN:
SF:lib\field-filler.js
FN:9,(anonymous_0)
FN:15,(anonymous_1)
FNF:2
FNH:2
FNDA:5,(anonymous_0)
FNDA:208,(anonymous_1)
DA:6,2
DA:10,5
DA:11,5
DA:12,5
DA:13,5
DA:16,208
DA:17,4
DA:18,204
DA:19,4
DA:20,200
DA:21,84
DA:23,116
DA:39,2
LF:13
LH:13
BRDA:9,0,0,4
BRDA:10,1,0,5
BRDA:10,1,1,4
BRDA:11,2,0,5
BRDA:11,2,1,4
BRDA:12,3,0,5
BRDA:12,3,1,4
BRDA:13,4,0,5
BRDA:13,4,1,4
BRDA:16,5,0,4
BRDA:16,5,1,204
BRDA:16,6,0,208
BRDA:16,6,1,22
BRDA:18,7,0,4
BRDA:18,7,1,200
BRDA:18,8,0,204
BRDA:18,8,1,22
BRDA:20,9,0,84
BRDA:20,9,1,116
BRF:19
BRH:19
end_of_record
TN:
SF:lib\maze-generator.js
FN:6,(anonymous_0)
FN:17,(anonymous_1)
FN:21,(anonymous_2)
FN:33,(anonymous_3)
FN:41,(anonymous_4)
FN:52,(anonymous_5)
FN:65,(anonymous_6)
FN:74,(anonymous_7)
FN:87,(anonymous_8)
FN:91,(anonymous_9)
FN:95,(anonymous_10)
FNF:11
FNH:9
FNDA:3,(anonymous_0)
FNDA:598,(anonymous_1)
FNDA:152,(anonymous_2)
FNDA:0,(anonymous_3)
FNDA:0,(anonymous_4)
FNDA:750,(anonymous_5)
FNDA:175,(anonymous_6)
FNDA:175,(anonymous_7)
FNDA:8325,(anonymous_8)
FNDA:1280,(anonymous_9)
FNDA:6094,(anonymous_10)
DA:1,3
DA:2,3
DA:3,3
DA:7,3
DA:8,3
DA:9,30
DA:10,30
DA:11,300
DA:13,3
DA:14,3
DA:18,598
DA:22,152
DA:23,152
DA:24,750
DA:25,750
DA:26,175
DA:27,175
DA:28,175
DA:34,0
DA:35,0
DA:36,0
DA:38,0
DA:42,0
DA:43,0
DA:44,0
DA:45,0
DA:47,0
DA:49,0
DA:53,750
DA:54,750
DA:55,2250
DA:56,6750
DA:57,2083
DA:62,750
DA:67,175
DA:68,598
DA:69,598
DA:70,598
DA:75,175
DA:76,175
DA:77,525
DA:78,1575
DA:80,598
DA:84,175
DA:88,8325
DA:92,1280
DA:96,6094
DA:100,3
LF:48
LH:38
BRDA:25,0,0,175
BRDA:25,0,1,575
BRDA:45,1,0,0
BRDA:45,1,1,0
BRDA:56,2,0,2083
BRDA:56,2,1,4667
BRDA:56,3,0,6750
BRDA:56,3,1,5321
BRDA:56,3,2,4571
BRDA:62,4,0,750
BRDA:62,4,1,390
BRDA:78,5,0,598
BRDA:78,5,1,977
BRDA:78,6,0,1575
BRDA:78,6,1,1280
BRDA:78,6,2,773
BRDA:88,7,0,8325
BRDA:88,7,1,7617
BRDA:88,7,2,7094
BRDA:88,7,3,6843
BRDA:92,8,0,1280
BRDA:92,8,1,803
BRDA:96,9,0,6094
BRDA:96,9,1,2462
BRF:24
BRH:22
end_of_record
TN:
SF:lib\maze-node.js
FN:3,(anonymous_0)
FNF:1
FNH:1
FNDA:750,(anonymous_0)
DA:4,750
DA:5,750
DA:9,3
LF:3
LH:3
BRF:0
BRH:0
end_of_record
TN:
SF:lib\node.js
FN:2,(anonymous_0)
FN:7,(anonymous_1)
FN:14,(anonymous_2)
FN:18,(anonymous_3)
FNF:4
FNH:2
FNDA:750,(anonymous_0)
FNDA:747,(anonymous_1)
FNDA:0,(anonymous_2)
FNDA:0,(anonymous_3)
DA:3,750
DA:4,750
DA:8,747
DA:9,0
DA:11,747
DA:15,0
DA:19,0
DA:23,3
LF:8
LH:5
BRDA:8,0,0,0
BRDA:8,0,1,747
BRF:2
BRH:1
end_of_record
TN:
SF:src\actions\game-status.js
FN:2,(anonymous_0)
FN:3,(anonymous_1)
FN:4,(anonymous_2)
FN:5,(anonymous_3)
FN:6,(anonymous_4)
FNF:5
FNH:5
FNDA:1,(anonymous_0)
FNDA:1,(anonymous_1)
FNDA:1,(anonymous_2)
FNDA:1,(anonymous_3)
FNDA:1,(anonymous_4)
DA:1,1
DA:2,1
DA:3,1
DA:4,1
DA:5,1
DA:6,1
DA:8,1
LF:7
LH:7
BRF:0
BRH:0
end_of_record
TN:
SF:src\actions\move.js
FN:2,(anonymous_0)
FN:3,(anonymous_1)
FN:4,(anonymous_2)
FN:5,(anonymous_3)
FN:6,(anonymous_4)
FNF:5
FNH:4
FNDA:9,(anonymous_0)
FNDA:9,(anonymous_1)
FNDA:7,(anonymous_2)
FNDA:7,(anonymous_3)
FNDA:0,(anonymous_4)
DA:1,2
DA:2,9
DA:3,9
DA:4,7
DA:5,7
DA:6,2
DA:8,2
LF:7
LH:7
BRF:0
BRH:0
end_of_record
TN:
SF:src\components\confirm.js
FN:5,(anonymous_0)
FNF:1
FNH:1
FNDA:4,(anonymous_0)
DA:1,2
DA:2,2
DA:6,4
DA:15,2
LF:4
LH:4
BRF:0
BRH:0
end_of_record
TN:
SF:src\components\exit.js
FN:7,(anonymous_0)
FNF:1
FNH:1
FNDA:4,(anonymous_0)
DA:1,2
DA:2,2
DA:3,2
DA:4,2
DA:8,4
DA:17,2
LF:6
LH:6
BRF:0
BRH:0
end_of_record
TN:
SF:src\components\game-win.js
FN:6,(anonymous_0)
FNF:1
FNH:1
FNDA:3,(anonymous_0)
DA:1,2
DA:2,2
DA:3,2
DA:7,3
DA:15,2
LF:5
LH:5
BRF:0
BRH:0
end_of_record
TN:
SF:src\components\game.js
FN:8,(anonymous_0)
FN:11,(anonymous_1)
FN:28,(anonymous_2)
FN:32,(anonymous_3)
FNF:4
FNH:4
FNDA:2,(anonymous_0)
FNDA:200,(anonymous_1)
FNDA:200,(anonymous_2)
FNDA:2,(anonymous_3)
DA:1,1
DA:2,1
DA:4,1
DA:9,2
DA:12,200
DA:13,2
DA:14,0
DA:16,2
DA:19,198
DA:20,2
DA:22,196
DA:23,114
DA:26,82
DA:29,200
DA:33,2
DA:34,2
DA:35,2
DA:36,20
DA:37,20
DA:38,200
DA:39,200
DA:40,200
DA:41,200
DA:48,20
DA:51,2
DA:55,1
LF:26
LH:25
BRDA:12,0,0,2
BRDA:12,0,1,198
BRDA:12,1,0,200
BRDA:12,1,1,20
BRDA:13,2,0,0
BRDA:13,2,1,2
BRDA:19,3,0,2
BRDA:19,3,1,196
BRDA:19,4,0,198
BRDA:19,4,1,20
BRDA:22,5,0,114
BRDA:22,5,1,82
BRF:12
BRH:11
end_of_record
TN:
SF:src\components\gameover.js
FN:5,(anonymous_0)
FNF:1
FNH:1
FNDA:3,(anonymous_0)
DA:1,2
DA:2,2
DA:3,2
DA:6,3
DA:14,2
LF:5
LH:5
BRF:0
BRH:0
end_of_record
TN:
SF:src\components\not-found.js
FN:4,(anonymous_0)
FNF:1
FNH:1
FNDA:3,(anonymous_0)
DA:1,2
DA:2,2
DA:3,2
DA:4,2
DA:5,3
LF:5
LH:5
BRF:0
BRH:0
end_of_record
TN:
SF:src\constants\colors.js
FNF:0
FNH:0
DA:1,4
DA:2,4
DA:3,4
DA:4,4
DA:5,4
DA:6,4
DA:7,4
DA:8,4
DA:9,4
LF:9
LH:9
BRF:0
BRH:0
end_of_record
TN:
SF:src\constants\game-cells.js
FNF:0
FNH:0
DA:1,3
DA:2,3
DA:3,3
DA:4,3
DA:7,3
LF:5
LH:5
BRF:0
BRH:0
end_of_record
TN:
SF:src\constants\game-move-actions.js
FNF:0
FNH:0
DA:1,3
DA:2,3
DA:3,3
DA:4,3
DA:5,3
DA:6,3
DA:8,3
LF:7
LH:7
BRF:0
BRH:0
end_of_record
TN:
SF:src\constants\game-status-actions.js
FNF:0
FNH:0
DA:1,2
DA:2,2
DA:3,2
DA:4,2
DA:5,2
DA:6,2
LF:6
LH:6
BRF:0
BRH:0
end_of_record
TN:
SF:src\constants\game-status.js
FNF:0
FNH:0
DA:1,3
DA:2,3
DA:3,3
DA:4,3
DA:5,3
DA:6,3
LF:6
LH:6
BRF:0
BRH:0
end_of_record
TN:
SF:src\constants\keyboard-input.js
FNF:0
FNH:0
DA:1,2
DA:2,2
DA:3,2
DA:4,2
DA:5,2
DA:6,2
DA:7,2
DA:8,2
DA:9,2
LF:9
LH:9
BRF:0
BRH:0
end_of_record
TN:
SF:src\containers\game.js
FN:18,(anonymous_0)
FN:47,(anonymous_1)
FNF:2
FNH:2
FNDA:6,(anonymous_0)
FNDA:6,(anonymous_1)
DA:1,1
DA:3,1
DA:4,1
DA:7,1
DA:8,1
DA:9,1
DA:10,1
DA:11,1
DA:12,1
DA:13,1
DA:14,1
DA:15,1
DA:16,1
DA:18,1
DA:19,6
DA:20,6
DA:22,2
DA:23,2
DA:34,1
DA:35,0
DA:37,1
DA:38,0
DA:40,1
DA:41,1
DA:42,0
DA:44,1
DA:47,1
DA:48,6
DA:49,6
DA:50,6
DA:51,1
DA:52,1
DA:53,1
DA:54,1
DA:56,6
DA:63,1
LF:36
LH:33
BRDA:20,0,0,2
BRDA:20,0,1,1
BRDA:20,0,2,1
BRDA:20,0,3,1
BRDA:20,0,4,1
BRDA:50,1,0,1
BRDA:50,1,1,5
BRF:7
BRH:7
end_of_record
TN:
SF:src\containers\maze-container.js
FN:5,(anonymous_0)
FN:10,(anonymous_1)
FN:39,(anonymous_2)
FNF:3
FNH:2
FNDA:2,(anonymous_0)
FNDA:0,(anonymous_1)
FNDA:2,(anonymous_2)
DA:1,1
DA:2,1
DA:3,1
DA:6,2
DA:11,0
DA:12,0
DA:13,0
DA:14,0
DA:15,0
DA:17,0
DA:18,0
DA:19,0
DA:21,0
DA:23,0
DA:24,0
DA:26,0
DA:27,0
DA:28,0
DA:29,0
DA:32,0
DA:33,0
DA:34,0
DA:37,0
DA:42,2
DA:46,1
LF:25
LH:6
BRDA:13,0,0,0
BRDA:13,0,1,0
BRDA:13,1,0,0
BRDA:13,1,1,0
BRDA:17,2,0,0
BRDA:17,2,1,0
BRDA:17,3,0,0
BRDA:17,3,1,0
BRDA:21,4,0,0
BRDA:21,4,1,0
BRDA:21,5,0,0
BRDA:21,5,1,0
BRDA:21,5,2,0
BRDA:21,5,3,0
BRDA:26,6,0,0
BRDA:26,6,1,0
BRDA:28,7,0,0
BRDA:28,7,1,0
BRDA:28,8,0,0
BRDA:28,8,1,0
BRDA:32,9,0,0
BRDA:32,9,1,0
BRF:22
BRH:0
end_of_record
TN:
SF:src\listeners\confirm.js
FN:2,(anonymous_0)
FNF:1
FNH:1
FNDA:3,(anonymous_0)
DA:1,1
DA:2,1
DA:3,3
DA:4,1
DA:6,3
DA:7,1
DA:11,1
LF:7
LH:7
BRDA:3,0,0,1
BRDA:3,0,1,2
BRDA:6,1,0,1
BRDA:6,1,1,2
BRF:4
BRH:4
end_of_record
TN:
SF:src\listeners\move-keyboard.js
FN:9,(anonymous_0)
FN:27,(anonymous_1)
FNF:2
FNH:2
FNDA:8,(anonymous_0)
FNDA:11,(anonymous_1)
DA:1,1
DA:7,1
DA:8,1
DA:9,1
DA:10,8
DA:11,1
DA:13,7
DA:14,1
DA:16,6
DA:17,2
DA:20,4
DA:21,1
DA:24,3
DA:27,1
DA:28,11
DA:29,2
DA:30,3
DA:31,2
DA:32,2
DA:33,2
DA:37,1
LF:21
LH:21
BRDA:10,0,0,1
BRDA:10,0,1,7
BRDA:13,1,0,1
BRDA:13,1,1,6
BRDA:16,2,0,2
BRDA:16,2,1,4
BRDA:20,3,0,1
BRDA:20,3,1,3
BRDA:28,4,0,2
BRDA:28,4,1,3
BRDA:28,4,2,2
BRDA:28,4,3,2
BRDA:28,4,4,2
BRF:13
BRH:13
end_of_record
TN:
SF:src\listeners\move.js
FN:3,(anonymous_0)
FN:4,(anonymous_1)
FNF:2
FNH:2
FNDA:3,(anonymous_0)
FNDA:3,(anonymous_1)
DA:1,1
DA:2,1
DA:3,1
DA:4,3
DA:5,3
DA:6,3
DA:7,1
DA:8,1
DA:10,2
DA:11,2
DA:12,1
DA:17,1
LF:12
LH:12
BRDA:6,0,0,1
BRDA:6,0,1,2
BRDA:11,1,0,1
BRDA:11,1,1,1
BRF:4
BRH:4
end_of_record
TN:
SF:src\reducers\game-status.js
FN:7,(anonymous_0)
FNF:1
FNH:1
FNDA:6,(anonymous_0)
DA:1,1
DA:2,1
DA:3,1
DA:7,1
DA:9,6
DA:11,1
DA:17,1
DA:23,1
DA:29,1
DA:35,1
DA:41,1
DA:45,1
LF:12
LH:12
BRDA:7,0,0,0
BRDA:9,1,0,1
BRDA:9,1,1,1
BRDA:9,1,2,1
BRDA:9,1,3,1
BRDA:9,1,4,1
BRDA:9,1,5,1
BRF:7
BRH:6
end_of_record
TN:
SF:src\reducers\move.js
FN:14,(anonymous_0)
FNF:1
FNH:1
FNDA:6,(anonymous_0)
DA:8,1
DA:10,1
DA:14,1
DA:15,6
DA:17,0
DA:18,0
DA:24,1
DA:29,1
DA:34,1
DA:39,1
DA:44,2
DA:48,1
LF:12
LH:10
BRDA:14,0,0,0
BRDA:15,1,0,0
BRDA:15,1,1,1
BRDA:15,1,2,1
BRDA:15,1,3,1
BRDA:15,1,4,1
BRDA:15,1,5,2
BRF:7
BRH:5
end_of_record
