TN:
SF:constants\colors.js
FNF:0
FNH:0
DA:1,1
DA:2,1
DA:3,1
DA:4,1
DA:6,1
LF:5
LH:5
BRF:0
BRH:0
end_of_record
TN:
SF:lib\LinkedList.js
FN:4,(anonymous_0)
FN:8,(anonymous_1)
FN:17,(anonymous_2)
FN:30,(anonymous_3)
FN:42,(anonymous_4)
FN:52,(anonymous_5)
FNF:6
FNH:3
FNDA:1,(anonymous_0)
FNDA:203,(anonymous_1)
FNDA:0,(anonymous_2)
FNDA:0,(anonymous_3)
FNDA:203,(anonymous_4)
FNDA:0,(anonymous_5)
DA:1,1
DA:5,1
DA:9,203
DA:10,203
DA:11,203
DA:12,203
DA:13,202
DA:18,0
DA:19,0
DA:20,0
DA:22,0
DA:23,0
DA:24,0
DA:26,0
DA:31,0
DA:33,0
DA:34,0
DA:35,0
DA:37,0
DA:39,0
DA:43,203
DA:44,203
DA:46,203
DA:47,202
DA:49,203
DA:53,0
DA:54,0
DA:56,0
DA:57,0
DA:58,0
DA:60,0
DA:64,1
LF:32
LH:13
BRDA:12,0,0,202
BRDA:12,0,1,1
BRDA:19,1,0,0
BRDA:19,1,1,0
BRDA:34,2,0,0
BRDA:34,2,1,0
BRDA:44,3,0,0
BRDA:44,3,1,203
BRDA:46,4,0,202
BRDA:46,4,1,1
BRF:10
BRH:5
end_of_record
TN:
SF:lib\Stack.js
FN:4,(anonymous_0)
FN:11,(anonymous_1)
FN:15,(anonymous_2)
FN:19,(anonymous_3)
FN:28,(anonymous_4)
FN:38,(anonymous_5)
FNF:6
FNH:5
FNDA:1,(anonymous_0)
FNDA:203,(anonymous_1)
FNDA:407,(anonymous_2)
FNDA:203,(anonymous_3)
FNDA:203,(anonymous_4)
FNDA:0,(anonymous_5)
DA:1,1
DA:5,1
DA:6,1
DA:7,1
DA:12,203
DA:16,407
DA:20,203
DA:21,203
DA:22,203
DA:24,0
DA:29,203
DA:30,203
DA:31,203
DA:32,203
DA:34,0
DA:39,0
DA:40,0
DA:42,0
DA:48,1
LF:19
LH:14
BRDA:4,0,0,1
BRDA:20,1,0,203
BRDA:20,1,1,0
BRDA:29,2,0,203
BRDA:29,2,1,0
BRDA:39,3,0,0
BRDA:39,3,1,0
BRF:7
BRH:3
end_of_record
TN:
SF:lib\maze-generator.js
FN:6,(anonymous_0)
FN:17,(anonymous_1)
FN:21,(anonymous_2)
FN:33,(anonymous_3)
FN:41,(anonymous_4)
FN:52,(anonymous_5)
FN:65,(anonymous_6)
FN:74,(anonymous_7)
FN:87,(anonymous_8)
FN:91,(anonymous_9)
FN:95,(anonymous_10)
FNF:11
FNH:9
FNDA:1,(anonymous_0)
FNDA:202,(anonymous_1)
FNDA:1,(anonymous_2)
FNDA:0,(anonymous_3)
FNDA:0,(anonymous_4)
FNDA:203,(anonymous_5)
FNDA:58,(anonymous_6)
FNDA:58,(anonymous_7)
FNDA:2349,(anonymous_8)
FNDA:435,(anonymous_9)
FNDA:1872,(anonymous_10)
DA:1,1
DA:2,1
DA:3,1
DA:7,1
DA:8,1
DA:9,10
DA:10,10
DA:11,100
DA:13,1
DA:14,1
DA:18,202
DA:22,1
DA:23,1
DA:24,203
DA:25,203
DA:26,58
DA:27,58
DA:28,58
DA:34,0
DA:35,0
DA:36,0
DA:38,0
DA:42,0
DA:43,0
DA:44,0
DA:45,0
DA:47,0
DA:49,0
DA:53,203
DA:54,203
DA:55,609
DA:56,1827
DA:57,638
DA:62,203
DA:67,58
DA:68,202
DA:69,202
DA:70,202
DA:75,58
DA:76,58
DA:77,174
DA:78,522
DA:80,202
DA:84,58
DA:88,2349
DA:92,435
DA:96,1872
DA:100,1
LF:48
LH:38
BRDA:25,0,0,58
BRDA:25,0,1,145
BRDA:45,1,0,0
BRDA:45,1,1,0
BRDA:56,2,0,638
BRDA:56,2,1,1189
BRDA:56,3,0,1827
BRDA:56,3,1,1612
BRDA:56,3,2,1409
BRDA:62,4,0,203
BRDA:62,4,1,77
BRDA:78,5,0,202
BRDA:78,5,1,320
BRDA:78,6,0,522
BRDA:78,6,1,435
BRDA:78,6,2,260
BRDA:88,7,0,2349
BRDA:88,7,1,2286
BRDA:88,7,2,2208
BRDA:88,7,3,2120
BRDA:92,8,0,435
BRDA:92,8,1,277
BRDA:96,9,0,1872
BRDA:96,9,1,730
BRF:24
BRH:22
end_of_record
TN:
SF:lib\maze-node.js
FN:3,(anonymous_0)
FNF:1
FNH:1
FNDA:203,(anonymous_0)
DA:4,203
DA:5,203
DA:9,1
LF:3
LH:3
BRF:0
BRH:0
end_of_record
TN:
SF:lib\node.js
FN:2,(anonymous_0)
FN:7,(anonymous_1)
FN:14,(anonymous_2)
FN:18,(anonymous_3)
FNF:4
FNH:2
FNDA:203,(anonymous_0)
FNDA:202,(anonymous_1)
FNDA:0,(anonymous_2)
FNDA:0,(anonymous_3)
DA:3,203
DA:4,203
DA:8,202
DA:9,0
DA:11,202
DA:15,0
DA:19,0
DA:23,1
LF:8
LH:5
BRDA:8,0,0,0
BRDA:8,0,1,202
BRF:2
BRH:1
end_of_record
TN:
SF:src\actions\game-status.js
FN:2,(anonymous_0)
FN:3,(anonymous_1)
FN:4,(anonymous_2)
FN:5,(anonymous_3)
FNF:4
FNH:4
FNDA:1,(anonymous_0)
FNDA:1,(anonymous_1)
FNDA:1,(anonymous_2)
FNDA:1,(anonymous_3)
DA:1,1
DA:2,1
DA:3,1
DA:4,1
DA:5,1
DA:7,1
LF:6
LH:6
BRF:0
BRH:0
end_of_record
TN:
SF:src\actions\move.js
FN:2,(anonymous_0)
FN:3,(anonymous_1)
FN:4,(anonymous_2)
FN:5,(anonymous_3)
FNF:4
FNH:4
FNDA:9,(anonymous_0)
FNDA:9,(anonymous_1)
FNDA:7,(anonymous_2)
FNDA:7,(anonymous_3)
DA:1,2
DA:2,9
DA:3,9
DA:4,7
DA:5,7
DA:7,2
LF:6
LH:6
BRF:0
BRH:0
end_of_record
TN:
SF:src\components\confirm.js
FN:5,(anonymous_0)
FNF:1
FNH:1
FNDA:4,(anonymous_0)
DA:1,2
DA:2,2
DA:6,4
DA:15,2
LF:4
LH:4
BRF:0
BRH:0
end_of_record
TN:
SF:src\components\exit.js
FN:7,(anonymous_0)
FNF:1
FNH:1
FNDA:4,(anonymous_0)
DA:1,2
DA:2,2
DA:3,2
DA:4,2
DA:8,4
DA:17,2
LF:6
LH:6
BRF:0
BRH:0
end_of_record
TN:
SF:src\components\game-win.js
FN:5,(anonymous_0)
FNF:1
FNH:1
FNDA:3,(anonymous_0)
DA:1,2
DA:2,2
DA:6,3
DA:14,2
LF:4
LH:4
BRF:0
BRH:0
end_of_record
TN:
SF:src\components\game.js
FN:8,(anonymous_0)
FN:11,(anonymous_1)
FN:26,(anonymous_2)
FNF:3
FNH:3
FNDA:2,(anonymous_0)
FNDA:200,(anonymous_1)
FNDA:2,(anonymous_2)
DA:1,1
DA:2,1
DA:4,1
DA:9,2
DA:12,200
DA:13,2
DA:14,0
DA:16,2
DA:19,198
DA:20,114
DA:23,84
DA:27,2
DA:29,2
DA:30,20
DA:31,20
DA:32,200
DA:33,200
DA:34,200
DA:41,20
DA:44,2
DA:48,1
LF:21
LH:20
BRDA:12,0,0,2
BRDA:12,0,1,198
BRDA:12,1,0,200
BRDA:12,1,1,20
BRDA:13,2,0,0
BRDA:13,2,1,2
BRDA:19,3,0,114
BRDA:19,3,1,84
BRF:8
BRH:7
end_of_record
TN:
SF:src\components\gameover.js
FN:5,(anonymous_0)
FNF:1
FNH:1
FNDA:3,(anonymous_0)
DA:1,2
DA:2,2
DA:6,3
DA:14,2
LF:4
LH:4
BRF:0
BRH:0
end_of_record
TN:
SF:src\components\not-found.js
FN:3,(anonymous_0)
FNF:1
FNH:1
FNDA:3,(anonymous_0)
DA:1,2
DA:2,2
DA:3,2
DA:4,3
LF:4
LH:4
BRF:0
BRH:0
end_of_record
TN:
SF:src\constants\game-move-actions.js
FNF:0
FNH:0
DA:1,3
DA:2,3
DA:3,3
DA:4,3
DA:5,3
DA:7,3
LF:6
LH:6
BRF:0
BRH:0
end_of_record
TN:
SF:src\constants\game-status-actions.js
FNF:0
FNH:0
DA:1,2
DA:2,2
DA:3,2
DA:4,2
DA:5,2
LF:5
LH:5
BRF:0
BRH:0
end_of_record
TN:
SF:src\constants\game-status.js
FNF:0
FNH:0
DA:1,3
DA:2,3
DA:3,3
DA:4,3
DA:5,3
LF:5
LH:5
BRF:0
BRH:0
end_of_record
TN:
SF:src\constants\keyboard-input.js
FNF:0
FNH:0
DA:1,2
DA:2,2
DA:3,2
DA:4,2
DA:5,2
DA:6,2
DA:7,2
LF:7
LH:7
BRF:0
BRH:0
end_of_record
TN:
SF:src\containers\game.js
FN:25,(anonymous_0)
FN:32,(anonymous_1)
FNF:2
FNH:1
FNDA:6,(anonymous_0)
FNDA:0,(anonymous_1)
DA:1,1
DA:11,1
DA:12,1
DA:15,1
DA:16,1
DA:17,1
DA:18,1
DA:19,1
DA:20,1
DA:21,1
DA:22,1
DA:23,1
DA:24,1
DA:25,1
DA:26,6
DA:28,6
DA:29,6
DA:31,2
DA:32,2
DA:34,1
DA:35,0
DA:37,1
DA:38,0
DA:40,1
DA:41,1
DA:42,0
DA:44,1
DA:48,1
LF:28
LH:25
BRDA:29,0,0,2
BRDA:29,0,1,1
BRDA:29,0,2,1
BRDA:29,0,3,1
BRDA:29,0,4,1
BRF:5
BRH:5
end_of_record
TN:
SF:src\containers\maze-container.js
FN:6,(anonymous_0)
FN:10,(anonymous_1)
FN:35,(anonymous_2)
FN:40,(anonymous_3)
FNF:4
FNH:3
FNDA:2,(anonymous_0)
FNDA:0,(anonymous_1)
FNDA:2,(anonymous_2)
FNDA:2,(anonymous_3)
DA:1,1
DA:2,1
DA:3,1
DA:7,2
DA:11,0
DA:12,0
DA:13,0
DA:14,0
DA:15,0
DA:17,0
DA:18,0
DA:19,0
DA:21,0
DA:23,0
DA:24,0
DA:26,0
DA:27,0
DA:29,0
DA:30,0
DA:32,0
DA:33,0
DA:36,2
DA:37,0
DA:44,2
DA:48,1
LF:25
LH:7
BRDA:13,0,0,0
BRDA:13,0,1,0
BRDA:13,1,0,0
BRDA:13,1,1,0
BRDA:17,2,0,0
BRDA:17,2,1,0
BRDA:17,3,0,0
BRDA:17,3,1,0
BRDA:21,4,0,0
BRDA:21,4,1,0
BRDA:21,5,0,0
BRDA:21,5,1,0
BRDA:21,5,2,0
BRDA:21,5,3,0
BRDA:26,6,0,0
BRDA:26,6,1,0
BRDA:29,7,0,0
BRDA:29,7,1,0
BRDA:36,8,0,0
BRDA:36,8,1,2
BRF:20
BRH:1
end_of_record
TN:
SF:src\listeners\confirm.js
FN:2,(anonymous_0)
FNF:1
FNH:1
FNDA:3,(anonymous_0)
DA:1,1
DA:2,1
DA:3,3
DA:4,1
DA:6,3
DA:7,1
DA:11,1
LF:7
LH:7
BRDA:3,0,0,1
BRDA:3,0,1,2
BRDA:6,1,0,1
BRDA:6,1,1,2
BRF:4
BRH:4
end_of_record
TN:
SF:src\listeners\move-keyboard.js
FN:9,(anonymous_0)
FN:27,(anonymous_1)
FNF:2
FNH:2
FNDA:8,(anonymous_0)
FNDA:11,(anonymous_1)
DA:1,1
DA:7,1
DA:8,1
DA:9,1
DA:10,8
DA:11,1
DA:13,7
DA:14,1
DA:16,6
DA:17,2
DA:20,4
DA:21,1
DA:24,3
DA:27,1
DA:28,11
DA:29,2
DA:30,3
DA:31,2
DA:32,2
DA:33,2
DA:37,1
LF:21
LH:21
BRDA:10,0,0,1
BRDA:10,0,1,7
BRDA:13,1,0,1
BRDA:13,1,1,6
BRDA:16,2,0,2
BRDA:16,2,1,4
BRDA:20,3,0,1
BRDA:20,3,1,3
BRDA:28,4,0,2
BRDA:28,4,1,3
BRDA:28,4,2,2
BRDA:28,4,3,2
BRDA:28,4,4,2
BRF:13
BRH:13
end_of_record
TN:
SF:src\listeners\move.js
FN:3,(anonymous_0)
FN:4,(anonymous_1)
FNF:2
FNH:2
FNDA:3,(anonymous_0)
FNDA:3,(anonymous_1)
DA:1,1
DA:2,1
DA:3,1
DA:4,3
DA:5,3
DA:6,3
DA:7,1
DA:8,1
DA:10,2
DA:11,2
DA:12,1
DA:17,1
LF:12
LH:12
BRDA:6,0,0,1
BRDA:6,0,1,2
BRDA:11,1,0,1
BRDA:11,1,1,1
BRF:4
BRH:4
end_of_record
TN:
SF:src\reducers\game-status.js
FN:6,(anonymous_0)
FNF:1
FNH:1
FNDA:5,(anonymous_0)
DA:1,1
DA:2,1
DA:3,1
DA:6,1
DA:7,5
DA:9,1
DA:14,1
DA:19,1
DA:24,1
DA:29,1
DA:33,1
LF:11
LH:11
BRDA:6,0,0,0
BRDA:7,1,0,1
BRDA:7,1,1,1
BRDA:7,1,2,1
BRDA:7,1,3,1
BRDA:7,1,4,1
BRF:6
BRH:5
end_of_record
TN:
SF:src\reducers\move.js
FN:13,(anonymous_0)
FNF:1
FNH:1
FNDA:6,(anonymous_0)
DA:7,1
DA:9,1
DA:13,1
DA:14,6
DA:16,1
DA:21,1
DA:26,1
DA:31,1
DA:36,2
DA:40,1
LF:10
LH:10
BRDA:13,0,0,0
BRDA:14,1,0,1
BRDA:14,1,1,1
BRDA:14,1,2,1
BRDA:14,1,3,1
BRDA:14,1,4,2
BRF:6
BRH:5
end_of_record
